[0.018s] Invoking command in '/home/mani123/jackal_ws/build/jackal_simulator': CMAKE_PREFIX_PATH=/home/mani123/jackal_ws/install/jackal_gazebo:/home/mani123/jackal_ws/install/jackal_control:/home/mani123/jackal_ws/install/jackal_description:/home/mani123/jackal_ws/install/jackal_desktop:/home/mani123/jackal_ws/install/jackal_viz:/home/mani123/jackal_ws/install/jackal_simulator:/home/mani123/jackal_ws/install/jackal_navigation:/home/mani123/jackal_ws/install/jackal_msgs:/home/mani123/jackal_ws/install/jackal_bbl:/opt/ros/foxy CONDA_PROMPT_MODIFIER=(ros2_env) /usr/bin/cmake /home/mani123/jackal_ws/src/jackal_simulator/jackal_simulator -DCMAKE_INSTALL_PREFIX=/home/mani123/jackal_ws/install/jackal_simulator
[0.087s] -- The C compiler identification is GNU 9.4.0
[0.150s] -- The CXX compiler identification is GNU 9.4.0
[0.155s] -- Check for working C compiler: /usr/bin/cc
[0.232s] -- Check for working C compiler: /usr/bin/cc -- works
[0.232s] -- Detecting C compiler ABI info
[0.312s] -- Detecting C compiler ABI info - done
[0.325s] -- Detecting C compile features
[0.325s] -- Detecting C compile features - done
[0.327s] -- Check for working CXX compiler: /usr/bin/c++
[0.420s] -- Check for working CXX compiler: /usr/bin/c++ -- works
[0.421s] -- Detecting CXX compiler ABI info
[0.510s] -- Detecting CXX compiler ABI info - done
[0.521s] -- Detecting CXX compile features
[0.522s] -- Detecting CXX compile features - done
[0.525s] -- Found ament_cmake: 0.9.12 (/opt/ros/foxy/share/ament_cmake/cmake)
[0.551s] -- Found PythonInterp: /home/mani123/anaconda3/envs/ros2_env/bin/python3 (found suitable version "3.8.20", minimum required is "3") 
[0.551s] -- Using PYTHON_EXECUTABLE: /home/mani123/anaconda3/envs/ros2_env/bin/python3
[0.813s] -- Configuring done
[0.816s] -- Generating done
[0.818s] -- Build files have been written to: /home/mani123/jackal_ws/build/jackal_simulator
[0.823s] Invoked command in '/home/mani123/jackal_ws/build/jackal_simulator' returned '0': CMAKE_PREFIX_PATH=/home/mani123/jackal_ws/install/jackal_gazebo:/home/mani123/jackal_ws/install/jackal_control:/home/mani123/jackal_ws/install/jackal_description:/home/mani123/jackal_ws/install/jackal_desktop:/home/mani123/jackal_ws/install/jackal_viz:/home/mani123/jackal_ws/install/jackal_simulator:/home/mani123/jackal_ws/install/jackal_navigation:/home/mani123/jackal_ws/install/jackal_msgs:/home/mani123/jackal_ws/install/jackal_bbl:/opt/ros/foxy CONDA_PROMPT_MODIFIER=(ros2_env) /usr/bin/cmake /home/mani123/jackal_ws/src/jackal_simulator/jackal_simulator -DCMAKE_INSTALL_PREFIX=/home/mani123/jackal_ws/install/jackal_simulator
[0.827s] Invoking command in '/home/mani123/jackal_ws/build/jackal_simulator': CMAKE_PREFIX_PATH=/home/mani123/jackal_ws/install/jackal_gazebo:/home/mani123/jackal_ws/install/jackal_control:/home/mani123/jackal_ws/install/jackal_description:/home/mani123/jackal_ws/install/jackal_desktop:/home/mani123/jackal_ws/install/jackal_viz:/home/mani123/jackal_ws/install/jackal_simulator:/home/mani123/jackal_ws/install/jackal_navigation:/home/mani123/jackal_ws/install/jackal_msgs:/home/mani123/jackal_ws/install/jackal_bbl:/opt/ros/foxy CONDA_PROMPT_MODIFIER=(ros2_env) /usr/bin/cmake --build /home/mani123/jackal_ws/build/jackal_simulator -- -j6 -l6
[0.874s] Invoked command in '/home/mani123/jackal_ws/build/jackal_simulator' returned '0': CMAKE_PREFIX_PATH=/home/mani123/jackal_ws/install/jackal_gazebo:/home/mani123/jackal_ws/install/jackal_control:/home/mani123/jackal_ws/install/jackal_description:/home/mani123/jackal_ws/install/jackal_desktop:/home/mani123/jackal_ws/install/jackal_viz:/home/mani123/jackal_ws/install/jackal_simulator:/home/mani123/jackal_ws/install/jackal_navigation:/home/mani123/jackal_ws/install/jackal_msgs:/home/mani123/jackal_ws/install/jackal_bbl:/opt/ros/foxy CONDA_PROMPT_MODIFIER=(ros2_env) /usr/bin/cmake --build /home/mani123/jackal_ws/build/jackal_simulator -- -j6 -l6
[0.878s] Invoking command in '/home/mani123/jackal_ws/build/jackal_simulator': CMAKE_PREFIX_PATH=/home/mani123/jackal_ws/install/jackal_gazebo:/home/mani123/jackal_ws/install/jackal_control:/home/mani123/jackal_ws/install/jackal_description:/home/mani123/jackal_ws/install/jackal_desktop:/home/mani123/jackal_ws/install/jackal_viz:/home/mani123/jackal_ws/install/jackal_simulator:/home/mani123/jackal_ws/install/jackal_navigation:/home/mani123/jackal_ws/install/jackal_msgs:/home/mani123/jackal_ws/install/jackal_bbl:/opt/ros/foxy CONDA_PROMPT_MODIFIER=(ros2_env) /usr/bin/cmake --install /home/mani123/jackal_ws/build/jackal_simulator
[0.888s] -- Install configuration: ""
[0.888s] -- Installing: /home/mani123/jackal_ws/install/jackal_simulator/share/ament_index/resource_index/package_run_dependencies/jackal_simulator
[0.888s] -- Installing: /home/mani123/jackal_ws/install/jackal_simulator/share/ament_index/resource_index/parent_prefix_path/jackal_simulator
[0.889s] -- Installing: /home/mani123/jackal_ws/install/jackal_simulator/share/jackal_simulator/environment/ament_prefix_path.sh
[0.889s] -- Installing: /home/mani123/jackal_ws/install/jackal_simulator/share/jackal_simulator/environment/ament_prefix_path.dsv
[0.889s] -- Installing: /home/mani123/jackal_ws/install/jackal_simulator/share/jackal_simulator/environment/path.sh
[0.889s] -- Installing: /home/mani123/jackal_ws/install/jackal_simulator/share/jackal_simulator/environment/path.dsv
[0.890s] -- Installing: /home/mani123/jackal_ws/install/jackal_simulator/share/jackal_simulator/local_setup.bash
[0.890s] -- Installing: /home/mani123/jackal_ws/install/jackal_simulator/share/jackal_simulator/local_setup.sh
[0.890s] -- Installing: /home/mani123/jackal_ws/install/jackal_simulator/share/jackal_simulator/local_setup.zsh
[0.890s] -- Installing: /home/mani123/jackal_ws/install/jackal_simulator/share/jackal_simulator/local_setup.dsv
[0.890s] -- Installing: /home/mani123/jackal_ws/install/jackal_simulator/share/jackal_simulator/package.dsv
[0.891s] -- Installing: /home/mani123/jackal_ws/install/jackal_simulator/share/ament_index/resource_index/packages/jackal_simulator
[0.891s] -- Installing: /home/mani123/jackal_ws/install/jackal_simulator/share/jackal_simulator/cmake/jackal_simulatorConfig.cmake
[0.891s] -- Installing: /home/mani123/jackal_ws/install/jackal_simulator/share/jackal_simulator/cmake/jackal_simulatorConfig-version.cmake
[0.891s] -- Installing: /home/mani123/jackal_ws/install/jackal_simulator/share/jackal_simulator/package.xml
[0.894s] Invoked command in '/home/mani123/jackal_ws/build/jackal_simulator' returned '0': CMAKE_PREFIX_PATH=/home/mani123/jackal_ws/install/jackal_gazebo:/home/mani123/jackal_ws/install/jackal_control:/home/mani123/jackal_ws/install/jackal_description:/home/mani123/jackal_ws/install/jackal_desktop:/home/mani123/jackal_ws/install/jackal_viz:/home/mani123/jackal_ws/install/jackal_simulator:/home/mani123/jackal_ws/install/jackal_navigation:/home/mani123/jackal_ws/install/jackal_msgs:/home/mani123/jackal_ws/install/jackal_bbl:/opt/ros/foxy CONDA_PROMPT_MODIFIER=(ros2_env) /usr/bin/cmake --install /home/mani123/jackal_ws/build/jackal_simulator
