[0.018s] Invoking command in '/home/mani123/jackal_ws/build/jackal_desktop': CMAKE_PREFIX_PATH=/home/mani123/jackal_ws/install/jackal_viz:/home/mani123/jackal_ws/install/jackal_msgs:/home/mani123/jackal_ws/install/jackal_description:/home/mani123/jackal_ws/install/jackal_desktop:/home/mani123/jackal_ws/install/jackal_simulator:/home/mani123/jackal_ws/install/jackal_navigation:/home/mani123/jackal_ws/install/jackal_gazebo:/home/mani123/jackal_ws/install/jackal_control:/home/mani123/jackal_ws/install/jackal_bbl:/opt/ros/foxy CONDA_PROMPT_MODIFIER=(ros2_env) PYTHONPATH=/home/mani123/jackal_ws/install/jackal_msgs/lib/python3.8/site-packages:/home/mani123/anaconda3/envs/ros2_env/lib/python3.8/site-packages:/home/mani123/jackal_ws/build/jackal_bbl:/home/mani123/jackal_ws/install/jackal_bbl/lib/python3.8/site-packages:/opt/ros/foxy/lib/python3.8/site-packages:/path/to/your/workspace/safe_bbl:/home/mani123/anaconda3/envs/ros2_env/lib/python3.8/site-packages/sdf_marching/__init__.py:/home/mani123/safe_bubble_cover/src /usr/bin/cmake /home/mani123/jackal_ws/src/jackal_desktop/jackal_desktop -DCMAKE_INSTALL_PREFIX=/home/mani123/jackal_ws/install/jackal_desktop
[0.080s] -- The C compiler identification is GNU 9.4.0
[0.138s] -- The CXX compiler identification is GNU 9.4.0
[0.143s] -- Check for working C compiler: /usr/bin/cc
[0.221s] -- Check for working C compiler: /usr/bin/cc -- works
[0.222s] -- Detecting C compiler ABI info
[0.298s] -- Detecting C compiler ABI info - done
[0.308s] -- Detecting C compile features
[0.308s] -- Detecting C compile features - done
[0.311s] -- Check for working CXX compiler: /usr/bin/c++
[0.401s] -- Check for working CXX compiler: /usr/bin/c++ -- works
[0.403s] -- Detecting CXX compiler ABI info
[0.495s] -- Detecting CXX compiler ABI info - done
[0.506s] -- Detecting CXX compile features
[0.506s] -- Detecting CXX compile features - done
[0.509s] -- Found ament_cmake: 0.9.12 (/opt/ros/foxy/share/ament_cmake/cmake)
[0.536s] -- Found PythonInterp: /home/mani123/anaconda3/envs/ros2_env/bin/python3 (found suitable version "3.8.20", minimum required is "3") 
[0.536s] -- Using PYTHON_EXECUTABLE: /home/mani123/anaconda3/envs/ros2_env/bin/python3
[0.775s] -- Configuring done
[0.777s] -- Generating done
[0.778s] -- Build files have been written to: /home/mani123/jackal_ws/build/jackal_desktop
[0.783s] Invoked command in '/home/mani123/jackal_ws/build/jackal_desktop' returned '0': CMAKE_PREFIX_PATH=/home/mani123/jackal_ws/install/jackal_viz:/home/mani123/jackal_ws/install/jackal_msgs:/home/mani123/jackal_ws/install/jackal_description:/home/mani123/jackal_ws/install/jackal_desktop:/home/mani123/jackal_ws/install/jackal_simulator:/home/mani123/jackal_ws/install/jackal_navigation:/home/mani123/jackal_ws/install/jackal_gazebo:/home/mani123/jackal_ws/install/jackal_control:/home/mani123/jackal_ws/install/jackal_bbl:/opt/ros/foxy CONDA_PROMPT_MODIFIER=(ros2_env) PYTHONPATH=/home/mani123/jackal_ws/install/jackal_msgs/lib/python3.8/site-packages:/home/mani123/anaconda3/envs/ros2_env/lib/python3.8/site-packages:/home/mani123/jackal_ws/build/jackal_bbl:/home/mani123/jackal_ws/install/jackal_bbl/lib/python3.8/site-packages:/opt/ros/foxy/lib/python3.8/site-packages:/path/to/your/workspace/safe_bbl:/home/mani123/anaconda3/envs/ros2_env/lib/python3.8/site-packages/sdf_marching/__init__.py:/home/mani123/safe_bubble_cover/src /usr/bin/cmake /home/mani123/jackal_ws/src/jackal_desktop/jackal_desktop -DCMAKE_INSTALL_PREFIX=/home/mani123/jackal_ws/install/jackal_desktop
[0.787s] Invoking command in '/home/mani123/jackal_ws/build/jackal_desktop': CMAKE_PREFIX_PATH=/home/mani123/jackal_ws/install/jackal_viz:/home/mani123/jackal_ws/install/jackal_msgs:/home/mani123/jackal_ws/install/jackal_description:/home/mani123/jackal_ws/install/jackal_desktop:/home/mani123/jackal_ws/install/jackal_simulator:/home/mani123/jackal_ws/install/jackal_navigation:/home/mani123/jackal_ws/install/jackal_gazebo:/home/mani123/jackal_ws/install/jackal_control:/home/mani123/jackal_ws/install/jackal_bbl:/opt/ros/foxy CONDA_PROMPT_MODIFIER=(ros2_env) PYTHONPATH=/home/mani123/jackal_ws/install/jackal_msgs/lib/python3.8/site-packages:/home/mani123/anaconda3/envs/ros2_env/lib/python3.8/site-packages:/home/mani123/jackal_ws/build/jackal_bbl:/home/mani123/jackal_ws/install/jackal_bbl/lib/python3.8/site-packages:/opt/ros/foxy/lib/python3.8/site-packages:/path/to/your/workspace/safe_bbl:/home/mani123/anaconda3/envs/ros2_env/lib/python3.8/site-packages/sdf_marching/__init__.py:/home/mani123/safe_bubble_cover/src /usr/bin/cmake --build /home/mani123/jackal_ws/build/jackal_desktop -- -j6 -l6
[0.833s] Invoked command in '/home/mani123/jackal_ws/build/jackal_desktop' returned '0': CMAKE_PREFIX_PATH=/home/mani123/jackal_ws/install/jackal_viz:/home/mani123/jackal_ws/install/jackal_msgs:/home/mani123/jackal_ws/install/jackal_description:/home/mani123/jackal_ws/install/jackal_desktop:/home/mani123/jackal_ws/install/jackal_simulator:/home/mani123/jackal_ws/install/jackal_navigation:/home/mani123/jackal_ws/install/jackal_gazebo:/home/mani123/jackal_ws/install/jackal_control:/home/mani123/jackal_ws/install/jackal_bbl:/opt/ros/foxy CONDA_PROMPT_MODIFIER=(ros2_env) PYTHONPATH=/home/mani123/jackal_ws/install/jackal_msgs/lib/python3.8/site-packages:/home/mani123/anaconda3/envs/ros2_env/lib/python3.8/site-packages:/home/mani123/jackal_ws/build/jackal_bbl:/home/mani123/jackal_ws/install/jackal_bbl/lib/python3.8/site-packages:/opt/ros/foxy/lib/python3.8/site-packages:/path/to/your/workspace/safe_bbl:/home/mani123/anaconda3/envs/ros2_env/lib/python3.8/site-packages/sdf_marching/__init__.py:/home/mani123/safe_bubble_cover/src /usr/bin/cmake --build /home/mani123/jackal_ws/build/jackal_desktop -- -j6 -l6
[0.838s] Invoking command in '/home/mani123/jackal_ws/build/jackal_desktop': CMAKE_PREFIX_PATH=/home/mani123/jackal_ws/install/jackal_viz:/home/mani123/jackal_ws/install/jackal_msgs:/home/mani123/jackal_ws/install/jackal_description:/home/mani123/jackal_ws/install/jackal_desktop:/home/mani123/jackal_ws/install/jackal_simulator:/home/mani123/jackal_ws/install/jackal_navigation:/home/mani123/jackal_ws/install/jackal_gazebo:/home/mani123/jackal_ws/install/jackal_control:/home/mani123/jackal_ws/install/jackal_bbl:/opt/ros/foxy CONDA_PROMPT_MODIFIER=(ros2_env) PYTHONPATH=/home/mani123/jackal_ws/install/jackal_msgs/lib/python3.8/site-packages:/home/mani123/anaconda3/envs/ros2_env/lib/python3.8/site-packages:/home/mani123/jackal_ws/build/jackal_bbl:/home/mani123/jackal_ws/install/jackal_bbl/lib/python3.8/site-packages:/opt/ros/foxy/lib/python3.8/site-packages:/path/to/your/workspace/safe_bbl:/home/mani123/anaconda3/envs/ros2_env/lib/python3.8/site-packages/sdf_marching/__init__.py:/home/mani123/safe_bubble_cover/src /usr/bin/cmake --install /home/mani123/jackal_ws/build/jackal_desktop
[0.847s] -- Install configuration: ""
[0.847s] -- Installing: /home/mani123/jackal_ws/install/jackal_desktop/share/ament_index/resource_index/package_run_dependencies/jackal_desktop
[0.848s] -- Installing: /home/mani123/jackal_ws/install/jackal_desktop/share/ament_index/resource_index/parent_prefix_path/jackal_desktop
[0.848s] -- Installing: /home/mani123/jackal_ws/install/jackal_desktop/share/jackal_desktop/environment/ament_prefix_path.sh
[0.848s] -- Installing: /home/mani123/jackal_ws/install/jackal_desktop/share/jackal_desktop/environment/ament_prefix_path.dsv
[0.848s] -- Installing: /home/mani123/jackal_ws/install/jackal_desktop/share/jackal_desktop/environment/path.sh
[0.848s] -- Installing: /home/mani123/jackal_ws/install/jackal_desktop/share/jackal_desktop/environment/path.dsv
[0.849s] -- Installing: /home/mani123/jackal_ws/install/jackal_desktop/share/jackal_desktop/local_setup.bash
[0.849s] -- Installing: /home/mani123/jackal_ws/install/jackal_desktop/share/jackal_desktop/local_setup.sh
[0.849s] -- Installing: /home/mani123/jackal_ws/install/jackal_desktop/share/jackal_desktop/local_setup.zsh
[0.849s] -- Installing: /home/mani123/jackal_ws/install/jackal_desktop/share/jackal_desktop/local_setup.dsv
[0.849s] -- Installing: /home/mani123/jackal_ws/install/jackal_desktop/share/jackal_desktop/package.dsv
[0.850s] -- Installing: /home/mani123/jackal_ws/install/jackal_desktop/share/ament_index/resource_index/packages/jackal_desktop
[0.850s] -- Installing: /home/mani123/jackal_ws/install/jackal_desktop/share/jackal_desktop/cmake/jackal_desktopConfig.cmake
[0.850s] -- Installing: /home/mani123/jackal_ws/install/jackal_desktop/share/jackal_desktop/cmake/jackal_desktopConfig-version.cmake
[0.850s] -- Installing: /home/mani123/jackal_ws/install/jackal_desktop/share/jackal_desktop/package.xml
[0.853s] Invoked command in '/home/mani123/jackal_ws/build/jackal_desktop' returned '0': CMAKE_PREFIX_PATH=/home/mani123/jackal_ws/install/jackal_viz:/home/mani123/jackal_ws/install/jackal_msgs:/home/mani123/jackal_ws/install/jackal_description:/home/mani123/jackal_ws/install/jackal_desktop:/home/mani123/jackal_ws/install/jackal_simulator:/home/mani123/jackal_ws/install/jackal_navigation:/home/mani123/jackal_ws/install/jackal_gazebo:/home/mani123/jackal_ws/install/jackal_control:/home/mani123/jackal_ws/install/jackal_bbl:/opt/ros/foxy CONDA_PROMPT_MODIFIER=(ros2_env) PYTHONPATH=/home/mani123/jackal_ws/install/jackal_msgs/lib/python3.8/site-packages:/home/mani123/anaconda3/envs/ros2_env/lib/python3.8/site-packages:/home/mani123/jackal_ws/build/jackal_bbl:/home/mani123/jackal_ws/install/jackal_bbl/lib/python3.8/site-packages:/opt/ros/foxy/lib/python3.8/site-packages:/path/to/your/workspace/safe_bbl:/home/mani123/anaconda3/envs/ros2_env/lib/python3.8/site-packages/sdf_marching/__init__.py:/home/mani123/safe_bubble_cover/src /usr/bin/cmake --install /home/mani123/jackal_ws/build/jackal_desktop
