[0.034s] Invoking command in '/home/mani123/jackal_ws/build/jackal_viz': CMAKE_PREFIX_PATH=/home/mani123/jackal_ws/install/jackal_description:/home/mani123/jackal_ws/install/jackal_desktop:/home/mani123/jackal_ws/install/jackal_viz:/home/mani123/jackal_ws/install/jackal_simulator:/home/mani123/jackal_ws/install/jackal_navigation:/home/mani123/jackal_ws/install/jackal_msgs:/home/mani123/jackal_ws/install/jackal_gazebo:/home/mani123/jackal_ws/install/jackal_control:/home/mani123/jackal_ws/install/jackal_bbl:/opt/ros/foxy CONDA_PROMPT_MODIFIER=(ros2_env) /usr/bin/cmake --build /home/mani123/jackal_ws/build/jackal_viz -- -j6 -l6
[0.081s] Invoked command in '/home/mani123/jackal_ws/build/jackal_viz' returned '0': CMAKE_PREFIX_PATH=/home/mani123/jackal_ws/install/jackal_description:/home/mani123/jackal_ws/install/jackal_desktop:/home/mani123/jackal_ws/install/jackal_viz:/home/mani123/jackal_ws/install/jackal_simulator:/home/mani123/jackal_ws/install/jackal_navigation:/home/mani123/jackal_ws/install/jackal_msgs:/home/mani123/jackal_ws/install/jackal_gazebo:/home/mani123/jackal_ws/install/jackal_control:/home/mani123/jackal_ws/install/jackal_bbl:/opt/ros/foxy CONDA_PROMPT_MODIFIER=(ros2_env) /usr/bin/cmake --build /home/mani123/jackal_ws/build/jackal_viz -- -j6 -l6
[0.086s] Invoking command in '/home/mani123/jackal_ws/build/jackal_viz': CMAKE_PREFIX_PATH=/home/mani123/jackal_ws/install/jackal_description:/home/mani123/jackal_ws/install/jackal_desktop:/home/mani123/jackal_ws/install/jackal_viz:/home/mani123/jackal_ws/install/jackal_simulator:/home/mani123/jackal_ws/install/jackal_navigation:/home/mani123/jackal_ws/install/jackal_msgs:/home/mani123/jackal_ws/install/jackal_gazebo:/home/mani123/jackal_ws/install/jackal_control:/home/mani123/jackal_ws/install/jackal_bbl:/opt/ros/foxy CONDA_PROMPT_MODIFIER=(ros2_env) /usr/bin/cmake --install /home/mani123/jackal_ws/build/jackal_viz
[0.097s] -- Install configuration: ""
[0.098s] -- Up-to-date: /home/mani123/jackal_ws/install/jackal_viz/share/jackal_viz/launch
[0.098s] -- Up-to-date: /home/mani123/jackal_ws/install/jackal_viz/share/jackal_viz/launch/view_robot.launch.py
[0.099s] -- Up-to-date: /home/mani123/jackal_ws/install/jackal_viz/share/jackal_viz/launch/view_diagnostics.launch.py
[0.099s] -- Up-to-date: /home/mani123/jackal_ws/install/jackal_viz/share/jackal_viz/launch/view_model.launch.py
[0.099s] -- Up-to-date: /home/mani123/jackal_ws/install/jackal_viz/share/jackal_viz/rviz
[0.100s] -- Up-to-date: /home/mani123/jackal_ws/install/jackal_viz/share/jackal_viz/rviz/nav2.rviz
[0.100s] -- Up-to-date: /home/mani123/jackal_ws/install/jackal_viz/share/jackal_viz/rviz/model.rviz
[0.100s] -- Up-to-date: /home/mani123/jackal_ws/install/jackal_viz/share/jackal_viz/rviz/slam.rviz
[0.100s] -- Up-to-date: /home/mani123/jackal_ws/install/jackal_viz/share/jackal_viz/rqt
[0.100s] -- Up-to-date: /home/mani123/jackal_ws/install/jackal_viz/share/jackal_viz/rqt/diagnostics.perspective
[0.100s] -- Up-to-date: /home/mani123/jackal_ws/install/jackal_viz/share/ament_index/resource_index/package_run_dependencies/jackal_viz
[0.100s] -- Up-to-date: /home/mani123/jackal_ws/install/jackal_viz/share/ament_index/resource_index/parent_prefix_path/jackal_viz
[0.100s] -- Up-to-date: /home/mani123/jackal_ws/install/jackal_viz/share/jackal_viz/environment/ament_prefix_path.sh
[0.101s] -- Up-to-date: /home/mani123/jackal_ws/install/jackal_viz/share/jackal_viz/environment/ament_prefix_path.dsv
[0.101s] -- Up-to-date: /home/mani123/jackal_ws/install/jackal_viz/share/jackal_viz/environment/path.sh
[0.101s] -- Up-to-date: /home/mani123/jackal_ws/install/jackal_viz/share/jackal_viz/environment/path.dsv
[0.101s] -- Up-to-date: /home/mani123/jackal_ws/install/jackal_viz/share/jackal_viz/local_setup.bash
[0.102s] -- Up-to-date: /home/mani123/jackal_ws/install/jackal_viz/share/jackal_viz/local_setup.sh
[0.102s] -- Up-to-date: /home/mani123/jackal_ws/install/jackal_viz/share/jackal_viz/local_setup.zsh
[0.102s] -- Up-to-date: /home/mani123/jackal_ws/install/jackal_viz/share/jackal_viz/local_setup.dsv
[0.102s] -- Installing: /home/mani123/jackal_ws/install/jackal_viz/share/jackal_viz/package.dsv
[0.102s] -- Up-to-date: /home/mani123/jackal_ws/install/jackal_viz/share/ament_index/resource_index/packages/jackal_viz
[0.102s] -- Up-to-date: /home/mani123/jackal_ws/install/jackal_viz/share/jackal_viz/cmake/jackal_vizConfig.cmake
[0.103s] -- Up-to-date: /home/mani123/jackal_ws/install/jackal_viz/share/jackal_viz/cmake/jackal_vizConfig-version.cmake
[0.103s] -- Up-to-date: /home/mani123/jackal_ws/install/jackal_viz/share/jackal_viz/package.xml
[0.119s] Invoked command in '/home/mani123/jackal_ws/build/jackal_viz' returned '0': CMAKE_PREFIX_PATH=/home/mani123/jackal_ws/install/jackal_description:/home/mani123/jackal_ws/install/jackal_desktop:/home/mani123/jackal_ws/install/jackal_viz:/home/mani123/jackal_ws/install/jackal_simulator:/home/mani123/jackal_ws/install/jackal_navigation:/home/mani123/jackal_ws/install/jackal_msgs:/home/mani123/jackal_ws/install/jackal_gazebo:/home/mani123/jackal_ws/install/jackal_control:/home/mani123/jackal_ws/install/jackal_bbl:/opt/ros/foxy CONDA_PROMPT_MODIFIER=(ros2_env) /usr/bin/cmake --install /home/mani123/jackal_ws/build/jackal_viz
