[0.028s] Invoking command in '/home/mani123/jackal_ws/build/jackal_msgs': CMAKE_PREFIX_PATH=${CMAKE_PREFIX_PATH}:/home/mani123/jackal_ws/install/jackal_bbl:/opt/ros/foxy CONDA_PROMPT_MODIFIER=(ros2_env) /usr/bin/cmake --build /home/mani123/jackal_ws/build/jackal_msgs -- -j6 -l6
[0.088s] [  1%] Built target jackal_msgs__cpp
[0.118s] [ 12%] Built target jackal_msgs__rosidl_generator_c
[0.158s] [ 24%] Built target jackal_msgs__rosidl_typesupport_fastrtps_cpp
[0.185s] [ 35%] Built target jackal_msgs__rosidl_typesupport_introspection_c
[0.221s] [ 46%] Built target jackal_msgs__rosidl_typesupport_fastrtps_c
[0.250s] [ 58%] Built target jackal_msgs__rosidl_typesupport_c
[0.281s] [ 69%] Built target jackal_msgs__rosidl_typesupport_cpp
[0.310s] [ 81%] Built target jackal_msgs__rosidl_typesupport_introspection_cpp
[0.334s] [ 81%] Built target jackal_msgs
[0.360s] [ 82%] Built target jackal_msgs__py
[0.391s] [ 92%] Built target jackal_msgs__python
[0.419s] [ 94%] Built target jackal_msgs__rosidl_typesupport_introspection_c__pyext
[0.450s] [ 97%] Built target jackal_msgs__rosidl_typesupport_c__pyext
[0.481s] [100%] Built target jackal_msgs__rosidl_typesupport_fastrtps_c__pyext
[0.495s] Invoked command in '/home/mani123/jackal_ws/build/jackal_msgs' returned '0': CMAKE_PREFIX_PATH=${CMAKE_PREFIX_PATH}:/home/mani123/jackal_ws/install/jackal_bbl:/opt/ros/foxy CONDA_PROMPT_MODIFIER=(ros2_env) /usr/bin/cmake --build /home/mani123/jackal_ws/build/jackal_msgs -- -j6 -l6
[0.500s] Invoking command in '/home/mani123/jackal_ws/build/jackal_msgs': CMAKE_PREFIX_PATH=${CMAKE_PREFIX_PATH}:/home/mani123/jackal_ws/install/jackal_bbl:/opt/ros/foxy CONDA_PROMPT_MODIFIER=(ros2_env) /usr/bin/cmake --install /home/mani123/jackal_ws/build/jackal_msgs
[0.510s] -- Install configuration: ""
[0.510s] -- Up-to-date: /home/mani123/jackal_ws/install/jackal_msgs/share/ament_index/resource_index/rosidl_interfaces/jackal_msgs
[0.510s] -- Up-to-date: /home/mani123/jackal_ws/install/jackal_msgs/include/jackal_msgs
[0.511s] -- Up-to-date: /home/mani123/jackal_ws/install/jackal_msgs/include/jackal_msgs/srv
[0.511s] -- Up-to-date: /home/mani123/jackal_ws/install/jackal_msgs/include/jackal_msgs/srv/detail
[0.511s] -- Up-to-date: /home/mani123/jackal_ws/install/jackal_msgs/include/jackal_msgs/srv/detail/set_domain_id__struct.h
[0.511s] -- Up-to-date: /home/mani123/jackal_ws/install/jackal_msgs/include/jackal_msgs/srv/detail/set_domain_id__functions.c
[0.511s] -- Up-to-date: /home/mani123/jackal_ws/install/jackal_msgs/include/jackal_msgs/srv/detail/set_domain_id__type_support.h
[0.511s] -- Up-to-date: /home/mani123/jackal_ws/install/jackal_msgs/include/jackal_msgs/srv/detail/set_domain_id__functions.h
[0.511s] -- Up-to-date: /home/mani123/jackal_ws/install/jackal_msgs/include/jackal_msgs/srv/set_domain_id.h
[0.511s] -- Up-to-date: /home/mani123/jackal_ws/install/jackal_msgs/include/jackal_msgs/msg
[0.512s] -- Up-to-date: /home/mani123/jackal_ws/install/jackal_msgs/include/jackal_msgs/msg/feedback.h
[0.512s] -- Up-to-date: /home/mani123/jackal_ws/install/jackal_msgs/include/jackal_msgs/msg/rosidl_generator_c__visibility_control.h
[0.512s] -- Up-to-date: /home/mani123/jackal_ws/install/jackal_msgs/include/jackal_msgs/msg/drive_feedback.h
[0.512s] -- Up-to-date: /home/mani123/jackal_ws/install/jackal_msgs/include/jackal_msgs/msg/detail
[0.512s] -- Up-to-date: /home/mani123/jackal_ws/install/jackal_msgs/include/jackal_msgs/msg/detail/feedback__functions.c
[0.512s] -- Up-to-date: /home/mani123/jackal_ws/install/jackal_msgs/include/jackal_msgs/msg/detail/power__functions.h
[0.512s] -- Up-to-date: /home/mani123/jackal_ws/install/jackal_msgs/include/jackal_msgs/msg/detail/drive__functions.h
[0.512s] -- Up-to-date: /home/mani123/jackal_ws/install/jackal_msgs/include/jackal_msgs/msg/detail/power__struct.h
[0.512s] -- Up-to-date: /home/mani123/jackal_ws/install/jackal_msgs/include/jackal_msgs/msg/detail/status__struct.h
[0.513s] -- Up-to-date: /home/mani123/jackal_ws/install/jackal_msgs/include/jackal_msgs/msg/detail/drive__functions.c
[0.513s] -- Up-to-date: /home/mani123/jackal_ws/install/jackal_msgs/include/jackal_msgs/msg/detail/stop_status__struct.h
[0.513s] -- Up-to-date: /home/mani123/jackal_ws/install/jackal_msgs/include/jackal_msgs/msg/detail/feedback__type_support.h
[0.513s] -- Up-to-date: /home/mani123/jackal_ws/install/jackal_msgs/include/jackal_msgs/msg/detail/drive_feedback__functions.c
[0.513s] -- Up-to-date: /home/mani123/jackal_ws/install/jackal_msgs/include/jackal_msgs/msg/detail/feedback__struct.h
[0.513s] -- Up-to-date: /home/mani123/jackal_ws/install/jackal_msgs/include/jackal_msgs/msg/detail/power__type_support.h
[0.513s] -- Up-to-date: /home/mani123/jackal_ws/install/jackal_msgs/include/jackal_msgs/msg/detail/stop_status__functions.h
[0.513s] -- Up-to-date: /home/mani123/jackal_ws/install/jackal_msgs/include/jackal_msgs/msg/detail/drive_feedback__type_support.h
[0.513s] -- Up-to-date: /home/mani123/jackal_ws/install/jackal_msgs/include/jackal_msgs/msg/detail/status__functions.h
[0.513s] -- Up-to-date: /home/mani123/jackal_ws/install/jackal_msgs/include/jackal_msgs/msg/detail/drive_feedback__functions.h
[0.514s] -- Up-to-date: /home/mani123/jackal_ws/install/jackal_msgs/include/jackal_msgs/msg/detail/drive_feedback__struct.h
[0.514s] -- Up-to-date: /home/mani123/jackal_ws/install/jackal_msgs/include/jackal_msgs/msg/detail/stop_status__functions.c
[0.514s] -- Up-to-date: /home/mani123/jackal_ws/install/jackal_msgs/include/jackal_msgs/msg/detail/feedback__functions.h
[0.514s] -- Up-to-date: /home/mani123/jackal_ws/install/jackal_msgs/include/jackal_msgs/msg/detail/stop_status__type_support.h
[0.514s] -- Up-to-date: /home/mani123/jackal_ws/install/jackal_msgs/include/jackal_msgs/msg/detail/drive__struct.h
[0.514s] -- Up-to-date: /home/mani123/jackal_ws/install/jackal_msgs/include/jackal_msgs/msg/detail/power__functions.c
[0.514s] -- Up-to-date: /home/mani123/jackal_ws/install/jackal_msgs/include/jackal_msgs/msg/detail/status__type_support.h
[0.514s] -- Up-to-date: /home/mani123/jackal_ws/install/jackal_msgs/include/jackal_msgs/msg/detail/drive__type_support.h
[0.514s] -- Up-to-date: /home/mani123/jackal_ws/install/jackal_msgs/include/jackal_msgs/msg/detail/status__functions.c
[0.514s] -- Up-to-date: /home/mani123/jackal_ws/install/jackal_msgs/include/jackal_msgs/msg/power.h
[0.514s] -- Up-to-date: /home/mani123/jackal_ws/install/jackal_msgs/include/jackal_msgs/msg/drive.h
[0.514s] -- Up-to-date: /home/mani123/jackal_ws/install/jackal_msgs/include/jackal_msgs/msg/stop_status.h
[0.515s] -- Up-to-date: /home/mani123/jackal_ws/install/jackal_msgs/include/jackal_msgs/msg/status.h
[0.515s] -- Up-to-date: /home/mani123/jackal_ws/install/jackal_msgs/share/jackal_msgs/environment/library_path.sh
[0.515s] -- Up-to-date: /home/mani123/jackal_ws/install/jackal_msgs/share/jackal_msgs/environment/library_path.dsv
[0.515s] -- Up-to-date: /home/mani123/jackal_ws/install/jackal_msgs/lib/libjackal_msgs__rosidl_generator_c.so
[0.515s] -- Up-to-date: /home/mani123/jackal_ws/install/jackal_msgs/include/jackal_msgs
[0.515s] -- Up-to-date: /home/mani123/jackal_ws/install/jackal_msgs/include/jackal_msgs/srv
[0.515s] -- Up-to-date: /home/mani123/jackal_ws/install/jackal_msgs/include/jackal_msgs/srv/detail
[0.515s] -- Up-to-date: /home/mani123/jackal_ws/install/jackal_msgs/include/jackal_msgs/srv/detail/set_domain_id__rosidl_typesupport_fastrtps_c.h
[0.516s] -- Up-to-date: /home/mani123/jackal_ws/install/jackal_msgs/include/jackal_msgs/msg
[0.516s] -- Up-to-date: /home/mani123/jackal_ws/install/jackal_msgs/include/jackal_msgs/msg/rosidl_typesupport_fastrtps_c__visibility_control.h
[0.516s] -- Up-to-date: /home/mani123/jackal_ws/install/jackal_msgs/include/jackal_msgs/msg/detail
[0.516s] -- Up-to-date: /home/mani123/jackal_ws/install/jackal_msgs/include/jackal_msgs/msg/detail/power__rosidl_typesupport_fastrtps_c.h
[0.516s] -- Up-to-date: /home/mani123/jackal_ws/install/jackal_msgs/include/jackal_msgs/msg/detail/stop_status__rosidl_typesupport_fastrtps_c.h
[0.516s] -- Up-to-date: /home/mani123/jackal_ws/install/jackal_msgs/include/jackal_msgs/msg/detail/feedback__rosidl_typesupport_fastrtps_c.h
[0.516s] -- Up-to-date: /home/mani123/jackal_ws/install/jackal_msgs/include/jackal_msgs/msg/detail/status__rosidl_typesupport_fastrtps_c.h
[0.517s] -- Up-to-date: /home/mani123/jackal_ws/install/jackal_msgs/include/jackal_msgs/msg/detail/drive__rosidl_typesupport_fastrtps_c.h
[0.517s] -- Up-to-date: /home/mani123/jackal_ws/install/jackal_msgs/include/jackal_msgs/msg/detail/drive_feedback__rosidl_typesupport_fastrtps_c.h
[0.517s] -- Up-to-date: /home/mani123/jackal_ws/install/jackal_msgs/lib/libjackal_msgs__rosidl_typesupport_fastrtps_c.so
[0.517s] -- Up-to-date: /home/mani123/jackal_ws/install/jackal_msgs/include/jackal_msgs
[0.517s] -- Up-to-date: /home/mani123/jackal_ws/install/jackal_msgs/include/jackal_msgs/srv
[0.517s] -- Up-to-date: /home/mani123/jackal_ws/install/jackal_msgs/include/jackal_msgs/srv/detail
[0.517s] -- Up-to-date: /home/mani123/jackal_ws/install/jackal_msgs/include/jackal_msgs/srv/detail/set_domain_id__rosidl_typesupport_fastrtps_cpp.hpp
[0.517s] -- Up-to-date: /home/mani123/jackal_ws/install/jackal_msgs/include/jackal_msgs/srv/detail/dds_fastrtps
[0.517s] -- Up-to-date: /home/mani123/jackal_ws/install/jackal_msgs/include/jackal_msgs/msg
[0.518s] -- Up-to-date: /home/mani123/jackal_ws/install/jackal_msgs/include/jackal_msgs/msg/detail
[0.518s] -- Up-to-date: /home/mani123/jackal_ws/install/jackal_msgs/include/jackal_msgs/msg/detail/drive_feedback__rosidl_typesupport_fastrtps_cpp.hpp
[0.518s] -- Up-to-date: /home/mani123/jackal_ws/install/jackal_msgs/include/jackal_msgs/msg/detail/stop_status__rosidl_typesupport_fastrtps_cpp.hpp
[0.518s] -- Up-to-date: /home/mani123/jackal_ws/install/jackal_msgs/include/jackal_msgs/msg/detail/status__rosidl_typesupport_fastrtps_cpp.hpp
[0.518s] -- Up-to-date: /home/mani123/jackal_ws/install/jackal_msgs/include/jackal_msgs/msg/detail/power__rosidl_typesupport_fastrtps_cpp.hpp
[0.518s] -- Up-to-date: /home/mani123/jackal_ws/install/jackal_msgs/include/jackal_msgs/msg/detail/dds_fastrtps
[0.518s] -- Up-to-date: /home/mani123/jackal_ws/install/jackal_msgs/include/jackal_msgs/msg/detail/drive__rosidl_typesupport_fastrtps_cpp.hpp
[0.518s] -- Up-to-date: /home/mani123/jackal_ws/install/jackal_msgs/include/jackal_msgs/msg/detail/feedback__rosidl_typesupport_fastrtps_cpp.hpp
[0.518s] -- Up-to-date: /home/mani123/jackal_ws/install/jackal_msgs/include/jackal_msgs/msg/rosidl_typesupport_fastrtps_cpp__visibility_control.h
[0.518s] -- Up-to-date: /home/mani123/jackal_ws/install/jackal_msgs/lib/libjackal_msgs__rosidl_typesupport_fastrtps_cpp.so
[0.518s] -- Up-to-date: /home/mani123/jackal_ws/install/jackal_msgs/include/jackal_msgs
[0.519s] -- Up-to-date: /home/mani123/jackal_ws/install/jackal_msgs/include/jackal_msgs/srv
[0.519s] -- Up-to-date: /home/mani123/jackal_ws/install/jackal_msgs/include/jackal_msgs/srv/detail
[0.519s] -- Up-to-date: /home/mani123/jackal_ws/install/jackal_msgs/include/jackal_msgs/srv/detail/set_domain_id__rosidl_typesupport_introspection_c.h
[0.519s] -- Up-to-date: /home/mani123/jackal_ws/install/jackal_msgs/include/jackal_msgs/srv/detail/set_domain_id__type_support.c
[0.519s] -- Up-to-date: /home/mani123/jackal_ws/install/jackal_msgs/include/jackal_msgs/msg
[0.519s] -- Up-to-date: /home/mani123/jackal_ws/install/jackal_msgs/include/jackal_msgs/msg/detail
[0.519s] -- Up-to-date: /home/mani123/jackal_ws/install/jackal_msgs/include/jackal_msgs/msg/detail/power__rosidl_typesupport_introspection_c.h
[0.519s] -- Up-to-date: /home/mani123/jackal_ws/install/jackal_msgs/include/jackal_msgs/msg/detail/drive__type_support.c
[0.519s] -- Up-to-date: /home/mani123/jackal_ws/install/jackal_msgs/include/jackal_msgs/msg/detail/status__rosidl_typesupport_introspection_c.h
[0.519s] -- Up-to-date: /home/mani123/jackal_ws/install/jackal_msgs/include/jackal_msgs/msg/detail/stop_status__rosidl_typesupport_introspection_c.h
[0.519s] -- Up-to-date: /home/mani123/jackal_ws/install/jackal_msgs/include/jackal_msgs/msg/detail/drive__rosidl_typesupport_introspection_c.h
[0.519s] -- Up-to-date: /home/mani123/jackal_ws/install/jackal_msgs/include/jackal_msgs/msg/detail/feedback__type_support.c
[0.519s] -- Up-to-date: /home/mani123/jackal_ws/install/jackal_msgs/include/jackal_msgs/msg/detail/status__type_support.c
[0.519s] -- Up-to-date: /home/mani123/jackal_ws/install/jackal_msgs/include/jackal_msgs/msg/detail/stop_status__type_support.c
[0.519s] -- Up-to-date: /home/mani123/jackal_ws/install/jackal_msgs/include/jackal_msgs/msg/detail/feedback__rosidl_typesupport_introspection_c.h
[0.519s] -- Up-to-date: /home/mani123/jackal_ws/install/jackal_msgs/include/jackal_msgs/msg/detail/drive_feedback__type_support.c
[0.519s] -- Up-to-date: /home/mani123/jackal_ws/install/jackal_msgs/include/jackal_msgs/msg/detail/power__type_support.c
[0.519s] -- Up-to-date: /home/mani123/jackal_ws/install/jackal_msgs/include/jackal_msgs/msg/detail/drive_feedback__rosidl_typesupport_introspection_c.h
[0.520s] -- Up-to-date: /home/mani123/jackal_ws/install/jackal_msgs/include/jackal_msgs/msg/rosidl_typesupport_introspection_c__visibility_control.h
[0.520s] -- Up-to-date: /home/mani123/jackal_ws/install/jackal_msgs/lib/libjackal_msgs__rosidl_typesupport_introspection_c.so
[0.520s] -- Up-to-date: /home/mani123/jackal_ws/install/jackal_msgs/lib/libjackal_msgs__rosidl_typesupport_c.so
[0.520s] -- Up-to-date: /home/mani123/jackal_ws/install/jackal_msgs/include/jackal_msgs
[0.520s] -- Up-to-date: /home/mani123/jackal_ws/install/jackal_msgs/include/jackal_msgs/srv
[0.520s] -- Up-to-date: /home/mani123/jackal_ws/install/jackal_msgs/include/jackal_msgs/srv/set_domain_id.hpp
[0.520s] -- Up-to-date: /home/mani123/jackal_ws/install/jackal_msgs/include/jackal_msgs/srv/detail
[0.520s] -- Up-to-date: /home/mani123/jackal_ws/install/jackal_msgs/include/jackal_msgs/srv/detail/set_domain_id__struct.hpp
[0.520s] -- Up-to-date: /home/mani123/jackal_ws/install/jackal_msgs/include/jackal_msgs/srv/detail/set_domain_id__type_support.hpp
[0.520s] -- Up-to-date: /home/mani123/jackal_ws/install/jackal_msgs/include/jackal_msgs/srv/detail/set_domain_id__traits.hpp
[0.520s] -- Up-to-date: /home/mani123/jackal_ws/install/jackal_msgs/include/jackal_msgs/srv/detail/set_domain_id__builder.hpp
[0.520s] -- Up-to-date: /home/mani123/jackal_ws/install/jackal_msgs/include/jackal_msgs/msg
[0.520s] -- Up-to-date: /home/mani123/jackal_ws/install/jackal_msgs/include/jackal_msgs/msg/feedback.hpp
[0.520s] -- Up-to-date: /home/mani123/jackal_ws/install/jackal_msgs/include/jackal_msgs/msg/detail
[0.520s] -- Up-to-date: /home/mani123/jackal_ws/install/jackal_msgs/include/jackal_msgs/msg/detail/drive_feedback__traits.hpp
[0.520s] -- Up-to-date: /home/mani123/jackal_ws/install/jackal_msgs/include/jackal_msgs/msg/detail/feedback__traits.hpp
[0.520s] -- Up-to-date: /home/mani123/jackal_ws/install/jackal_msgs/include/jackal_msgs/msg/detail/feedback__type_support.hpp
[0.521s] -- Up-to-date: /home/mani123/jackal_ws/install/jackal_msgs/include/jackal_msgs/msg/detail/drive__builder.hpp
[0.521s] -- Up-to-date: /home/mani123/jackal_ws/install/jackal_msgs/include/jackal_msgs/msg/detail/drive__traits.hpp
[0.521s] -- Up-to-date: /home/mani123/jackal_ws/install/jackal_msgs/include/jackal_msgs/msg/detail/status__builder.hpp
[0.521s] -- Up-to-date: /home/mani123/jackal_ws/install/jackal_msgs/include/jackal_msgs/msg/detail/stop_status__struct.hpp
[0.521s] -- Up-to-date: /home/mani123/jackal_ws/install/jackal_msgs/include/jackal_msgs/msg/detail/status__struct.hpp
[0.521s] -- Up-to-date: /home/mani123/jackal_ws/install/jackal_msgs/include/jackal_msgs/msg/detail/drive_feedback__type_support.hpp
[0.521s] -- Up-to-date: /home/mani123/jackal_ws/install/jackal_msgs/include/jackal_msgs/msg/detail/feedback__builder.hpp
[0.521s] -- Up-to-date: /home/mani123/jackal_ws/install/jackal_msgs/include/jackal_msgs/msg/detail/power__builder.hpp
[0.521s] -- Up-to-date: /home/mani123/jackal_ws/install/jackal_msgs/include/jackal_msgs/msg/detail/stop_status__traits.hpp
[0.521s] -- Up-to-date: /home/mani123/jackal_ws/install/jackal_msgs/include/jackal_msgs/msg/detail/stop_status__builder.hpp
[0.521s] -- Up-to-date: /home/mani123/jackal_ws/install/jackal_msgs/include/jackal_msgs/msg/detail/power__struct.hpp
[0.521s] -- Up-to-date: /home/mani123/jackal_ws/install/jackal_msgs/include/jackal_msgs/msg/detail/status__traits.hpp
[0.521s] -- Up-to-date: /home/mani123/jackal_ws/install/jackal_msgs/include/jackal_msgs/msg/detail/drive__type_support.hpp
[0.521s] -- Up-to-date: /home/mani123/jackal_ws/install/jackal_msgs/include/jackal_msgs/msg/detail/drive_feedback__builder.hpp
[0.521s] -- Up-to-date: /home/mani123/jackal_ws/install/jackal_msgs/include/jackal_msgs/msg/detail/feedback__struct.hpp
[0.521s] -- Up-to-date: /home/mani123/jackal_ws/install/jackal_msgs/include/jackal_msgs/msg/detail/stop_status__type_support.hpp
[0.521s] -- Up-to-date: /home/mani123/jackal_ws/install/jackal_msgs/include/jackal_msgs/msg/detail/drive__struct.hpp
[0.522s] -- Up-to-date: /home/mani123/jackal_ws/install/jackal_msgs/include/jackal_msgs/msg/detail/power__type_support.hpp
[0.522s] -- Up-to-date: /home/mani123/jackal_ws/install/jackal_msgs/include/jackal_msgs/msg/detail/drive_feedback__struct.hpp
[0.522s] -- Up-to-date: /home/mani123/jackal_ws/install/jackal_msgs/include/jackal_msgs/msg/detail/power__traits.hpp
[0.522s] -- Up-to-date: /home/mani123/jackal_ws/install/jackal_msgs/include/jackal_msgs/msg/detail/status__type_support.hpp
[0.522s] -- Up-to-date: /home/mani123/jackal_ws/install/jackal_msgs/include/jackal_msgs/msg/stop_status.hpp
[0.522s] -- Up-to-date: /home/mani123/jackal_ws/install/jackal_msgs/include/jackal_msgs/msg/drive_feedback.hpp
[0.522s] -- Up-to-date: /home/mani123/jackal_ws/install/jackal_msgs/include/jackal_msgs/msg/status.hpp
[0.522s] -- Up-to-date: /home/mani123/jackal_ws/install/jackal_msgs/include/jackal_msgs/msg/drive.hpp
[0.522s] -- Up-to-date: /home/mani123/jackal_ws/install/jackal_msgs/include/jackal_msgs/msg/rosidl_generator_cpp__visibility_control.hpp
[0.522s] -- Up-to-date: /home/mani123/jackal_ws/install/jackal_msgs/include/jackal_msgs/msg/power.hpp
[0.522s] -- Up-to-date: /home/mani123/jackal_ws/install/jackal_msgs/include/jackal_msgs
[0.522s] -- Up-to-date: /home/mani123/jackal_ws/install/jackal_msgs/include/jackal_msgs/srv
[0.522s] -- Up-to-date: /home/mani123/jackal_ws/install/jackal_msgs/include/jackal_msgs/srv/detail
[0.522s] -- Up-to-date: /home/mani123/jackal_ws/install/jackal_msgs/include/jackal_msgs/srv/detail/set_domain_id__rosidl_typesupport_introspection_cpp.hpp
[0.522s] -- Up-to-date: /home/mani123/jackal_ws/install/jackal_msgs/include/jackal_msgs/srv/detail/set_domain_id__type_support.cpp
[0.522s] -- Up-to-date: /home/mani123/jackal_ws/install/jackal_msgs/include/jackal_msgs/msg
[0.522s] -- Up-to-date: /home/mani123/jackal_ws/install/jackal_msgs/include/jackal_msgs/msg/detail
[0.523s] -- Up-to-date: /home/mani123/jackal_ws/install/jackal_msgs/include/jackal_msgs/msg/detail/stop_status__rosidl_typesupport_introspection_cpp.hpp
[0.523s] -- Up-to-date: /home/mani123/jackal_ws/install/jackal_msgs/include/jackal_msgs/msg/detail/drive__type_support.cpp
[0.523s] -- Up-to-date: /home/mani123/jackal_ws/install/jackal_msgs/include/jackal_msgs/msg/detail/drive__rosidl_typesupport_introspection_cpp.hpp
[0.523s] -- Up-to-date: /home/mani123/jackal_ws/install/jackal_msgs/include/jackal_msgs/msg/detail/status__rosidl_typesupport_introspection_cpp.hpp
[0.523s] -- Up-to-date: /home/mani123/jackal_ws/install/jackal_msgs/include/jackal_msgs/msg/detail/stop_status__type_support.cpp
[0.523s] -- Up-to-date: /home/mani123/jackal_ws/install/jackal_msgs/include/jackal_msgs/msg/detail/power__rosidl_typesupport_introspection_cpp.hpp
[0.523s] -- Up-to-date: /home/mani123/jackal_ws/install/jackal_msgs/include/jackal_msgs/msg/detail/feedback__type_support.cpp
[0.523s] -- Up-to-date: /home/mani123/jackal_ws/install/jackal_msgs/include/jackal_msgs/msg/detail/feedback__rosidl_typesupport_introspection_cpp.hpp
[0.523s] -- Up-to-date: /home/mani123/jackal_ws/install/jackal_msgs/include/jackal_msgs/msg/detail/power__type_support.cpp
[0.523s] -- Up-to-date: /home/mani123/jackal_ws/install/jackal_msgs/include/jackal_msgs/msg/detail/drive_feedback__rosidl_typesupport_introspection_cpp.hpp
[0.523s] -- Up-to-date: /home/mani123/jackal_ws/install/jackal_msgs/include/jackal_msgs/msg/detail/status__type_support.cpp
[0.523s] -- Up-to-date: /home/mani123/jackal_ws/install/jackal_msgs/include/jackal_msgs/msg/detail/drive_feedback__type_support.cpp
[0.523s] -- Up-to-date: /home/mani123/jackal_ws/install/jackal_msgs/lib/libjackal_msgs__rosidl_typesupport_introspection_cpp.so
[0.523s] -- Up-to-date: /home/mani123/jackal_ws/install/jackal_msgs/lib/libjackal_msgs__rosidl_typesupport_cpp.so
[0.523s] -- Up-to-date: /home/mani123/jackal_ws/install/jackal_msgs/share/jackal_msgs/environment/pythonpath.sh
[0.523s] -- Up-to-date: /home/mani123/jackal_ws/install/jackal_msgs/share/jackal_msgs/environment/pythonpath.dsv
[0.523s] -- Up-to-date: /home/mani123/jackal_ws/install/jackal_msgs/lib/python3.8/site-packages/jackal_msgs/__init__.py
[0.551s] -- Up-to-date: /home/mani123/jackal_ws/install/jackal_msgs/lib/python3.8/site-packages/jackal_msgs/msg
[0.551s] -- Up-to-date: /home/mani123/jackal_ws/install/jackal_msgs/lib/python3.8/site-packages/jackal_msgs/msg/_feedback_s.c
[0.551s] -- Up-to-date: /home/mani123/jackal_ws/install/jackal_msgs/lib/python3.8/site-packages/jackal_msgs/msg/__init__.py
[0.551s] -- Up-to-date: /home/mani123/jackal_ws/install/jackal_msgs/lib/python3.8/site-packages/jackal_msgs/msg/_power_s.c
[0.551s] -- Up-to-date: /home/mani123/jackal_ws/install/jackal_msgs/lib/python3.8/site-packages/jackal_msgs/msg/_status.py
[0.552s] -- Up-to-date: /home/mani123/jackal_ws/install/jackal_msgs/lib/python3.8/site-packages/jackal_msgs/msg/_stop_status_s.c
[0.552s] -- Up-to-date: /home/mani123/jackal_ws/install/jackal_msgs/lib/python3.8/site-packages/jackal_msgs/msg/_drive_feedback.py
[0.552s] -- Up-to-date: /home/mani123/jackal_ws/install/jackal_msgs/lib/python3.8/site-packages/jackal_msgs/msg/_power.py
[0.552s] -- Up-to-date: /home/mani123/jackal_ws/install/jackal_msgs/lib/python3.8/site-packages/jackal_msgs/msg/_drive_feedback_s.c
[0.552s] -- Up-to-date: /home/mani123/jackal_ws/install/jackal_msgs/lib/python3.8/site-packages/jackal_msgs/msg/_stop_status.py
[0.552s] -- Up-to-date: /home/mani123/jackal_ws/install/jackal_msgs/lib/python3.8/site-packages/jackal_msgs/msg/_feedback.py
[0.552s] -- Up-to-date: /home/mani123/jackal_ws/install/jackal_msgs/lib/python3.8/site-packages/jackal_msgs/msg/_drive.py
[0.552s] -- Up-to-date: /home/mani123/jackal_ws/install/jackal_msgs/lib/python3.8/site-packages/jackal_msgs/msg/_status_s.c
[0.552s] -- Up-to-date: /home/mani123/jackal_ws/install/jackal_msgs/lib/python3.8/site-packages/jackal_msgs/msg/_drive_s.c
[0.552s] -- Up-to-date: /home/mani123/jackal_ws/install/jackal_msgs/lib/python3.8/site-packages/jackal_msgs/srv
[0.552s] -- Up-to-date: /home/mani123/jackal_ws/install/jackal_msgs/lib/python3.8/site-packages/jackal_msgs/srv/__init__.py
[0.552s] -- Up-to-date: /home/mani123/jackal_ws/install/jackal_msgs/lib/python3.8/site-packages/jackal_msgs/srv/_set_domain_id.py
[0.553s] -- Up-to-date: /home/mani123/jackal_ws/install/jackal_msgs/lib/python3.8/site-packages/jackal_msgs/srv/_set_domain_id_s.c
[0.553s] -- Up-to-date: /home/mani123/jackal_ws/install/jackal_msgs/lib/python3.8/site-packages/jackal_msgs/jackal_msgs_s__rosidl_typesupport_fastrtps_c.cpython-38-x86_64-linux-gnu.so
[0.553s] -- Up-to-date: /home/mani123/jackal_ws/install/jackal_msgs/lib/python3.8/site-packages/jackal_msgs/jackal_msgs_s__rosidl_typesupport_introspection_c.cpython-38-x86_64-linux-gnu.so
[0.553s] -- Up-to-date: /home/mani123/jackal_ws/install/jackal_msgs/lib/python3.8/site-packages/jackal_msgs/jackal_msgs_s__rosidl_typesupport_c.cpython-38-x86_64-linux-gnu.so
[0.554s] -- Up-to-date: /home/mani123/jackal_ws/install/jackal_msgs/lib/libjackal_msgs__python.so
[0.554s] -- Up-to-date: /home/mani123/jackal_ws/install/jackal_msgs/share/jackal_msgs/msg/Drive.idl
[0.554s] -- Up-to-date: /home/mani123/jackal_ws/install/jackal_msgs/share/jackal_msgs/msg/DriveFeedback.idl
[0.554s] -- Up-to-date: /home/mani123/jackal_ws/install/jackal_msgs/share/jackal_msgs/msg/Feedback.idl
[0.554s] -- Up-to-date: /home/mani123/jackal_ws/install/jackal_msgs/share/jackal_msgs/msg/Power.idl
[0.554s] -- Up-to-date: /home/mani123/jackal_ws/install/jackal_msgs/share/jackal_msgs/msg/Status.idl
[0.554s] -- Up-to-date: /home/mani123/jackal_ws/install/jackal_msgs/share/jackal_msgs/msg/StopStatus.idl
[0.554s] -- Up-to-date: /home/mani123/jackal_ws/install/jackal_msgs/share/jackal_msgs/srv/SetDomainId.idl
[0.555s] -- Up-to-date: /home/mani123/jackal_ws/install/jackal_msgs/share/jackal_msgs/msg/Drive.msg
[0.555s] -- Up-to-date: /home/mani123/jackal_ws/install/jackal_msgs/share/jackal_msgs/msg/DriveFeedback.msg
[0.555s] -- Up-to-date: /home/mani123/jackal_ws/install/jackal_msgs/share/jackal_msgs/msg/Feedback.msg
[0.555s] -- Up-to-date: /home/mani123/jackal_ws/install/jackal_msgs/share/jackal_msgs/msg/Power.msg
[0.555s] -- Up-to-date: /home/mani123/jackal_ws/install/jackal_msgs/share/jackal_msgs/msg/Status.msg
[0.555s] -- Up-to-date: /home/mani123/jackal_ws/install/jackal_msgs/share/jackal_msgs/msg/StopStatus.msg
[0.555s] -- Up-to-date: /home/mani123/jackal_ws/install/jackal_msgs/share/jackal_msgs/srv/SetDomainId.srv
[0.555s] -- Up-to-date: /home/mani123/jackal_ws/install/jackal_msgs/share/jackal_msgs/srv/SetDomainId_Request.msg
[0.556s] -- Up-to-date: /home/mani123/jackal_ws/install/jackal_msgs/share/jackal_msgs/srv/SetDomainId_Response.msg
[0.556s] -- Up-to-date: /home/mani123/jackal_ws/install/jackal_msgs/share/ament_index/resource_index/package_run_dependencies/jackal_msgs
[0.556s] -- Up-to-date: /home/mani123/jackal_ws/install/jackal_msgs/share/ament_index/resource_index/parent_prefix_path/jackal_msgs
[0.556s] -- Up-to-date: /home/mani123/jackal_ws/install/jackal_msgs/share/jackal_msgs/environment/ament_prefix_path.sh
[0.556s] -- Up-to-date: /home/mani123/jackal_ws/install/jackal_msgs/share/jackal_msgs/environment/ament_prefix_path.dsv
[0.556s] -- Up-to-date: /home/mani123/jackal_ws/install/jackal_msgs/share/jackal_msgs/environment/path.sh
[0.556s] -- Up-to-date: /home/mani123/jackal_ws/install/jackal_msgs/share/jackal_msgs/environment/path.dsv
[0.556s] -- Up-to-date: /home/mani123/jackal_ws/install/jackal_msgs/share/jackal_msgs/local_setup.bash
[0.557s] -- Up-to-date: /home/mani123/jackal_ws/install/jackal_msgs/share/jackal_msgs/local_setup.sh
[0.557s] -- Up-to-date: /home/mani123/jackal_ws/install/jackal_msgs/share/jackal_msgs/local_setup.zsh
[0.557s] -- Up-to-date: /home/mani123/jackal_ws/install/jackal_msgs/share/jackal_msgs/local_setup.dsv
[0.557s] -- Installing: /home/mani123/jackal_ws/install/jackal_msgs/share/jackal_msgs/package.dsv
[0.557s] -- Up-to-date: /home/mani123/jackal_ws/install/jackal_msgs/share/ament_index/resource_index/packages/jackal_msgs
[0.557s] -- Up-to-date: /home/mani123/jackal_ws/install/jackal_msgs/share/jackal_msgs/cmake/jackal_msgs__rosidl_generator_cExport.cmake
[0.557s] -- Up-to-date: /home/mani123/jackal_ws/install/jackal_msgs/share/jackal_msgs/cmake/jackal_msgs__rosidl_generator_cExport-noconfig.cmake
[0.558s] -- Up-to-date: /home/mani123/jackal_ws/install/jackal_msgs/share/jackal_msgs/cmake/jackal_msgs__rosidl_typesupport_introspection_cExport.cmake
[0.558s] -- Up-to-date: /home/mani123/jackal_ws/install/jackal_msgs/share/jackal_msgs/cmake/jackal_msgs__rosidl_typesupport_introspection_cExport-noconfig.cmake
[0.558s] -- Up-to-date: /home/mani123/jackal_ws/install/jackal_msgs/share/jackal_msgs/cmake/jackal_msgs__rosidl_typesupport_cExport.cmake
[0.558s] -- Up-to-date: /home/mani123/jackal_ws/install/jackal_msgs/share/jackal_msgs/cmake/jackal_msgs__rosidl_typesupport_cExport-noconfig.cmake
[0.559s] -- Up-to-date: /home/mani123/jackal_ws/install/jackal_msgs/share/jackal_msgs/cmake/jackal_msgs__rosidl_generator_cppExport.cmake
[0.559s] -- Up-to-date: /home/mani123/jackal_ws/install/jackal_msgs/share/jackal_msgs/cmake/jackal_msgs__rosidl_typesupport_introspection_cppExport.cmake
[0.559s] -- Up-to-date: /home/mani123/jackal_ws/install/jackal_msgs/share/jackal_msgs/cmake/jackal_msgs__rosidl_typesupport_introspection_cppExport-noconfig.cmake
[0.559s] -- Up-to-date: /home/mani123/jackal_ws/install/jackal_msgs/share/jackal_msgs/cmake/jackal_msgs__rosidl_typesupport_cppExport.cmake
[0.559s] -- Up-to-date: /home/mani123/jackal_ws/install/jackal_msgs/share/jackal_msgs/cmake/jackal_msgs__rosidl_typesupport_cppExport-noconfig.cmake
[0.561s] -- Up-to-date: /home/mani123/jackal_ws/install/jackal_msgs/share/jackal_msgs/cmake/rosidl_cmake-extras.cmake
[0.561s] -- Up-to-date: /home/mani123/jackal_ws/install/jackal_msgs/share/jackal_msgs/cmake/ament_cmake_export_dependencies-extras.cmake
[0.561s] -- Up-to-date: /home/mani123/jackal_ws/install/jackal_msgs/share/jackal_msgs/cmake/ament_cmake_export_libraries-extras.cmake
[0.561s] -- Up-to-date: /home/mani123/jackal_ws/install/jackal_msgs/share/jackal_msgs/cmake/ament_cmake_export_targets-extras.cmake
[0.562s] -- Up-to-date: /home/mani123/jackal_ws/install/jackal_msgs/share/jackal_msgs/cmake/ament_cmake_export_include_directories-extras.cmake
[0.562s] -- Up-to-date: /home/mani123/jackal_ws/install/jackal_msgs/share/jackal_msgs/cmake/rosidl_cmake_export_typesupport_libraries-extras.cmake
[0.562s] -- Up-to-date: /home/mani123/jackal_ws/install/jackal_msgs/share/jackal_msgs/cmake/rosidl_cmake_export_typesupport_targets-extras.cmake
[0.562s] -- Up-to-date: /home/mani123/jackal_ws/install/jackal_msgs/share/jackal_msgs/cmake/jackal_msgsConfig.cmake
[0.562s] -- Up-to-date: /home/mani123/jackal_ws/install/jackal_msgs/share/jackal_msgs/cmake/jackal_msgsConfig-version.cmake
[0.562s] -- Up-to-date: /home/mani123/jackal_ws/install/jackal_msgs/share/jackal_msgs/package.xml
[0.575s] Invoked command in '/home/mani123/jackal_ws/build/jackal_msgs' returned '0': CMAKE_PREFIX_PATH=${CMAKE_PREFIX_PATH}:/home/mani123/jackal_ws/install/jackal_bbl:/opt/ros/foxy CONDA_PROMPT_MODIFIER=(ros2_env) /usr/bin/cmake --install /home/mani123/jackal_ws/build/jackal_msgs
