/home/mani123/jackal_ws/install/jackal_bbl/lib/python3.8/site-packages/jackal_bbl/__init__.py
/home/mani123/jackal_ws/install/jackal_bbl/lib/python3.8/site-packages/jackal_bbl/jackal_viz.launch.py
/home/mani123/jackal_ws/install/jackal_bbl/lib/python3.8/site-packages/jackal_bbl/start_node.py
/home/mani123/jackal_ws/install/jackal_bbl/lib/python3.8/site-packages/jackal_bbl/follower_node.py
/home/mani123/jackal_ws/install/jackal_bbl/lib/python3.8/site-packages/jackal_bbl/bezier_subscriber.py
/home/mani123/jackal_ws/install/jackal_bbl/lib/python3.8/site-packages/jackal_bbl/path_visualizer.py
/home/mani123/jackal_ws/install/jackal_bbl/lib/python3.8/site-packages/jackal_bbl/__pycache__/__init__.cpython-38.pyc
/home/mani123/jackal_ws/install/jackal_bbl/lib/python3.8/site-packages/jackal_bbl/__pycache__/jackal_viz.launch.cpython-38.pyc
/home/mani123/jackal_ws/install/jackal_bbl/lib/python3.8/site-packages/jackal_bbl/__pycache__/start_node.cpython-38.pyc
/home/mani123/jackal_ws/install/jackal_bbl/lib/python3.8/site-packages/jackal_bbl/__pycache__/follower_node.cpython-38.pyc
/home/mani123/jackal_ws/install/jackal_bbl/lib/python3.8/site-packages/jackal_bbl/__pycache__/bezier_subscriber.cpython-38.pyc
/home/mani123/jackal_ws/install/jackal_bbl/lib/python3.8/site-packages/jackal_bbl/__pycache__/path_visualizer.cpython-38.pyc
/home/mani123/jackal_ws/install/jackal_bbl/share/ament_index/resource_index/packages/jackal_bbl
/home/mani123/jackal_ws/install/jackal_bbl/share/jackal_bbl/package.xml
/home/mani123/jackal_ws/install/jackal_bbl/share/jackal_bbl/launch/jackal_viz.launch.py
/home/mani123/jackal_ws/install/jackal_bbl/share/jackal_bbl/rviz
/home/mani123/jackal_ws/install/jackal_bbl/share/jackal_bbl/urdf/jackal.urdf.xacro
/home/mani123/jackal_ws/install/jackal_bbl/share/jackal_bbl/meshes
/home/mani123/jackal_ws/install/jackal_bbl/share/jackal_bbl/config/jackal_config.rviz
/home/mani123/jackal_ws/install/jackal_bbl/lib/python3.8/site-packages/jackal_bbl-0.0.0-py3.8.egg-info/entry_points.txt
/home/mani123/jackal_ws/install/jackal_bbl/lib/python3.8/site-packages/jackal_bbl-0.0.0-py3.8.egg-info/zip-safe
/home/mani123/jackal_ws/install/jackal_bbl/lib/python3.8/site-packages/jackal_bbl-0.0.0-py3.8.egg-info/SOURCES.txt
/home/mani123/jackal_ws/install/jackal_bbl/lib/python3.8/site-packages/jackal_bbl-0.0.0-py3.8.egg-info/top_level.txt
/home/mani123/jackal_ws/install/jackal_bbl/lib/python3.8/site-packages/jackal_bbl-0.0.0-py3.8.egg-info/dependency_links.txt
/home/mani123/jackal_ws/install/jackal_bbl/lib/python3.8/site-packages/jackal_bbl-0.0.0-py3.8.egg-info/requires.txt
/home/mani123/jackal_ws/install/jackal_bbl/lib/python3.8/site-packages/jackal_bbl-0.0.0-py3.8.egg-info/PKG-INFO
/home/mani123/jackal_ws/install/jackal_bbl/lib/jackal_bbl/bezier_subscriber
/home/mani123/jackal_ws/install/jackal_bbl/lib/jackal_bbl/follow
/home/mani123/jackal_ws/install/jackal_bbl/lib/jackal_bbl/path_visualizer
/home/mani123/jackal_ws/install/jackal_bbl/lib/jackal_bbl/start
