[0.047s] Invoking command in '/home/mani123/jackal_ws/build/jackal_navigation': CMAKE_PREFIX_PATH=${CMAKE_PREFIX_PATH}:/home/mani123/jackal_ws/install/jackal_bbl:/opt/ros/foxy CONDA_PROMPT_MODIFIER=(ros2_env) /usr/bin/cmake --build /home/mani123/jackal_ws/build/jackal_navigation -- -j6 -l6
[0.183s] Invoked command in '/home/mani123/jackal_ws/build/jackal_navigation' returned '0': CMAKE_PREFIX_PATH=${CMAKE_PREFIX_PATH}:/home/mani123/jackal_ws/install/jackal_bbl:/opt/ros/foxy CONDA_PROMPT_MODIFIER=(ros2_env) /usr/bin/cmake --build /home/mani123/jackal_ws/build/jackal_navigation -- -j6 -l6
[0.185s] Invoking command in '/home/mani123/jackal_ws/build/jackal_navigation': CMAKE_PREFIX_PATH=${CMAKE_PREFIX_PATH}:/home/mani123/jackal_ws/install/jackal_bbl:/opt/ros/foxy CONDA_PROMPT_MODIFIER=(ros2_env) /usr/bin/cmake --install /home/mani123/jackal_ws/build/jackal_navigation
[0.222s] -- Install configuration: ""
[0.222s] -- Up-to-date: /home/mani123/jackal_ws/install/jackal_navigation/share/jackal_navigation/config
[0.223s] -- Up-to-date: /home/mani123/jackal_ws/install/jackal_navigation/share/jackal_navigation/config/nav2.yaml
[0.224s] -- Up-to-date: /home/mani123/jackal_ws/install/jackal_navigation/share/jackal_navigation/config/slam.yaml
[0.224s] -- Up-to-date: /home/mani123/jackal_ws/install/jackal_navigation/share/jackal_navigation/launch
[0.224s] -- Up-to-date: /home/mani123/jackal_ws/install/jackal_navigation/share/jackal_navigation/launch/localization.launch.py
[0.224s] -- Up-to-date: /home/mani123/jackal_ws/install/jackal_navigation/share/jackal_navigation/launch/nav2.launch.py
[0.224s] -- Up-to-date: /home/mani123/jackal_ws/install/jackal_navigation/share/jackal_navigation/launch/slam.launch.py
[0.224s] -- Up-to-date: /home/mani123/jackal_ws/install/jackal_navigation/share/jackal_navigation/maps
[0.224s] -- Up-to-date: /home/mani123/jackal_ws/install/jackal_navigation/share/jackal_navigation/maps/office.pgm
[0.224s] -- Up-to-date: /home/mani123/jackal_ws/install/jackal_navigation/share/jackal_navigation/maps/office.yaml
[0.224s] -- Up-to-date: /home/mani123/jackal_ws/install/jackal_navigation/share/ament_index/resource_index/package_run_dependencies/jackal_navigation
[0.224s] -- Up-to-date: /home/mani123/jackal_ws/install/jackal_navigation/share/ament_index/resource_index/parent_prefix_path/jackal_navigation
[0.224s] -- Up-to-date: /home/mani123/jackal_ws/install/jackal_navigation/share/jackal_navigation/environment/ament_prefix_path.sh
[0.224s] -- Up-to-date: /home/mani123/jackal_ws/install/jackal_navigation/share/jackal_navigation/environment/ament_prefix_path.dsv
[0.224s] -- Up-to-date: /home/mani123/jackal_ws/install/jackal_navigation/share/jackal_navigation/environment/path.sh
[0.225s] -- Up-to-date: /home/mani123/jackal_ws/install/jackal_navigation/share/jackal_navigation/environment/path.dsv
[0.225s] -- Up-to-date: /home/mani123/jackal_ws/install/jackal_navigation/share/jackal_navigation/local_setup.bash
[0.225s] -- Up-to-date: /home/mani123/jackal_ws/install/jackal_navigation/share/jackal_navigation/local_setup.sh
[0.225s] -- Up-to-date: /home/mani123/jackal_ws/install/jackal_navigation/share/jackal_navigation/local_setup.zsh
[0.225s] -- Up-to-date: /home/mani123/jackal_ws/install/jackal_navigation/share/jackal_navigation/local_setup.dsv
[0.225s] -- Installing: /home/mani123/jackal_ws/install/jackal_navigation/share/jackal_navigation/package.dsv
[0.225s] -- Up-to-date: /home/mani123/jackal_ws/install/jackal_navigation/share/ament_index/resource_index/packages/jackal_navigation
[0.225s] -- Up-to-date: /home/mani123/jackal_ws/install/jackal_navigation/share/jackal_navigation/cmake/jackal_navigationConfig.cmake
[0.226s] -- Up-to-date: /home/mani123/jackal_ws/install/jackal_navigation/share/jackal_navigation/cmake/jackal_navigationConfig-version.cmake
[0.227s] -- Up-to-date: /home/mani123/jackal_ws/install/jackal_navigation/share/jackal_navigation/package.xml
[0.301s] Invoked command in '/home/mani123/jackal_ws/build/jackal_navigation' returned '0': CMAKE_PREFIX_PATH=${CMAKE_PREFIX_PATH}:/home/mani123/jackal_ws/install/jackal_bbl:/opt/ros/foxy CONDA_PROMPT_MODIFIER=(ros2_env) /usr/bin/cmake --install /home/mani123/jackal_ws/build/jackal_navigation
