[0.038s] Invoking command in '/home/mani123/jackal_ws/build/jackal_simulator': CMAKE_PREFIX_PATH=/home/mani123/jackal_ws/install/jackal_gazebo:/home/mani123/jackal_ws/install/jackal_control:/home/mani123/jackal_ws/install/jackal_description:/home/mani123/jackal_ws/install/jackal_desktop:/home/mani123/jackal_ws/install/jackal_viz:/home/mani123/jackal_ws/install/jackal_simulator:/home/mani123/jackal_ws/install/jackal_navigation:/home/mani123/jackal_ws/install/jackal_msgs:/home/mani123/jackal_ws/install/jackal_bbl:/opt/ros/foxy CONDA_PROMPT_MODIFIER=(ros2_env) /usr/bin/cmake --build /home/mani123/jackal_ws/build/jackal_simulator -- -j6 -l6
[0.164s] Invoked command in '/home/mani123/jackal_ws/build/jackal_simulator' returned '0': CMAKE_PREFIX_PATH=/home/mani123/jackal_ws/install/jackal_gazebo:/home/mani123/jackal_ws/install/jackal_control:/home/mani123/jackal_ws/install/jackal_description:/home/mani123/jackal_ws/install/jackal_desktop:/home/mani123/jackal_ws/install/jackal_viz:/home/mani123/jackal_ws/install/jackal_simulator:/home/mani123/jackal_ws/install/jackal_navigation:/home/mani123/jackal_ws/install/jackal_msgs:/home/mani123/jackal_ws/install/jackal_bbl:/opt/ros/foxy CONDA_PROMPT_MODIFIER=(ros2_env) /usr/bin/cmake --build /home/mani123/jackal_ws/build/jackal_simulator -- -j6 -l6
[0.168s] Invoking command in '/home/mani123/jackal_ws/build/jackal_simulator': CMAKE_PREFIX_PATH=/home/mani123/jackal_ws/install/jackal_gazebo:/home/mani123/jackal_ws/install/jackal_control:/home/mani123/jackal_ws/install/jackal_description:/home/mani123/jackal_ws/install/jackal_desktop:/home/mani123/jackal_ws/install/jackal_viz:/home/mani123/jackal_ws/install/jackal_simulator:/home/mani123/jackal_ws/install/jackal_navigation:/home/mani123/jackal_ws/install/jackal_msgs:/home/mani123/jackal_ws/install/jackal_bbl:/opt/ros/foxy CONDA_PROMPT_MODIFIER=(ros2_env) /usr/bin/cmake --install /home/mani123/jackal_ws/build/jackal_simulator
[0.196s] -- Install configuration: ""
[0.196s] -- Up-to-date: /home/mani123/jackal_ws/install/jackal_simulator/share/ament_index/resource_index/package_run_dependencies/jackal_simulator
[0.196s] -- Up-to-date: /home/mani123/jackal_ws/install/jackal_simulator/share/ament_index/resource_index/parent_prefix_path/jackal_simulator
[0.196s] -- Up-to-date: /home/mani123/jackal_ws/install/jackal_simulator/share/jackal_simulator/environment/ament_prefix_path.sh
[0.196s] -- Up-to-date: /home/mani123/jackal_ws/install/jackal_simulator/share/jackal_simulator/environment/ament_prefix_path.dsv
[0.196s] -- Up-to-date: /home/mani123/jackal_ws/install/jackal_simulator/share/jackal_simulator/environment/path.sh
[0.196s] -- Up-to-date: /home/mani123/jackal_ws/install/jackal_simulator/share/jackal_simulator/environment/path.dsv
[0.196s] -- Up-to-date: /home/mani123/jackal_ws/install/jackal_simulator/share/jackal_simulator/local_setup.bash
[0.196s] -- Up-to-date: /home/mani123/jackal_ws/install/jackal_simulator/share/jackal_simulator/local_setup.sh
[0.196s] -- Up-to-date: /home/mani123/jackal_ws/install/jackal_simulator/share/jackal_simulator/local_setup.zsh
[0.196s] -- Up-to-date: /home/mani123/jackal_ws/install/jackal_simulator/share/jackal_simulator/local_setup.dsv
[0.197s] -- Installing: /home/mani123/jackal_ws/install/jackal_simulator/share/jackal_simulator/package.dsv
[0.197s] -- Up-to-date: /home/mani123/jackal_ws/install/jackal_simulator/share/ament_index/resource_index/packages/jackal_simulator
[0.197s] -- Up-to-date: /home/mani123/jackal_ws/install/jackal_simulator/share/jackal_simulator/cmake/jackal_simulatorConfig.cmake
[0.197s] -- Up-to-date: /home/mani123/jackal_ws/install/jackal_simulator/share/jackal_simulator/cmake/jackal_simulatorConfig-version.cmake
[0.197s] -- Up-to-date: /home/mani123/jackal_ws/install/jackal_simulator/share/jackal_simulator/package.xml
[0.197s] Invoked command in '/home/mani123/jackal_ws/build/jackal_simulator' returned '0': CMAKE_PREFIX_PATH=/home/mani123/jackal_ws/install/jackal_gazebo:/home/mani123/jackal_ws/install/jackal_control:/home/mani123/jackal_ws/install/jackal_description:/home/mani123/jackal_ws/install/jackal_desktop:/home/mani123/jackal_ws/install/jackal_viz:/home/mani123/jackal_ws/install/jackal_simulator:/home/mani123/jackal_ws/install/jackal_navigation:/home/mani123/jackal_ws/install/jackal_msgs:/home/mani123/jackal_ws/install/jackal_bbl:/opt/ros/foxy CONDA_PROMPT_MODIFIER=(ros2_env) /usr/bin/cmake --install /home/mani123/jackal_ws/build/jackal_simulator
