-- The C compiler identification is GNU 9.4.0
-- The CXX compiler identification is GNU 9.4.0
-- Check for working C compiler: /usr/bin/cc
-- Check for working C compiler: /usr/bin/cc -- works
-- Detecting C compiler ABI info
-- Detecting C compiler ABI info - done
-- Detecting C compile features
-- Detecting C compile features - done
-- Check for working CXX compiler: /usr/bin/c++
-- Check for working CXX compiler: /usr/bin/c++ -- works
-- Detecting CXX compiler ABI info
-- Detecting CXX compiler ABI info - done
-- Detecting CXX compile features
-- Detecting CXX compile features - done
-- Found ament_cmake: 0.9.12 (/opt/ros/foxy/share/ament_cmake/cmake)
-- Found PythonInterp: /home/mani123/anaconda3/envs/ros2_env/bin/python3 (found suitable version "3.8.20", minimum required is "3") 
-- Using PYTHON_EXECUTABLE: /home/mani123/anaconda3/envs/ros2_env/bin/python3
-- Found std_msgs: 2.0.5 (/opt/ros/foxy/share/std_msgs/cmake)
-- Using all available rosidl_typesupport_c: rosidl_typesupport_fastrtps_c;rosidl_typesupport_introspection_c
-- Found rosidl_adapter: 1.3.1 (/opt/ros/foxy/share/rosidl_adapter/cmake)
-- Found OpenSSL: /usr/lib/x86_64-linux-gnu/libcrypto.so (found version "1.1.1f")  
-- Found FastRTPS: /opt/ros/foxy/include  
-- Using all available rosidl_typesupport_cpp: rosidl_typesupport_fastrtps_cpp;rosidl_typesupport_introspection_cpp
-- Found rosidl_default_generators: 1.0.1 (/opt/ros/foxy/share/rosidl_default_generators/cmake)
-- Found PythonInterp: /home/mani123/anaconda3/envs/ros2_env/bin/python3 (found version "3.8.20") 
-- Found ament_cmake_ros: 0.9.2 (/opt/ros/foxy/share/ament_cmake_ros/cmake)
-- Using all available rosidl_typesupport_c: rosidl_typesupport_fastrtps_c;rosidl_typesupport_introspection_c
-- Using all available rosidl_typesupport_cpp: rosidl_typesupport_fastrtps_cpp;rosidl_typesupport_introspection_cpp
-- Found PythonInterp: /home/mani123/anaconda3/envs/ros2_env/bin/python3 (found suitable version "3.8.20", minimum required is "3.5") 
-- Found python_cmake_module: 0.8.1 (/opt/ros/foxy/share/python_cmake_module/cmake)
-- Found PythonLibs: /home/mani123/anaconda3/envs/ros2_env/lib/libpython3.8.so (found suitable version "3.8.20", minimum required is "3.5") 
-- Using PYTHON_EXECUTABLE: /home/mani123/anaconda3/envs/ros2_env/bin/python3
-- Using PYTHON_INCLUDE_DIRS: /home/mani123/anaconda3/envs/ros2_env/include/python3.8
-- Using PYTHON_LIBRARIES: /home/mani123/anaconda3/envs/ros2_env/lib/libpython3.8.so
-- Found PythonExtra: .so  
-- Configuring done
-- Generating done
-- Build files have been written to: /home/mani123/jackal_ws/build/jackal_msgs
[35m[1mScanning dependencies of target jackal_msgs__cpp[0m
[  1%] [34m[1mGenerating C++ code for ROS interfaces[0m
[  1%] Built target jackal_msgs__cpp
[  2%] [34m[1mGenerating C code for ROS interfaces[0m
[35m[1mScanning dependencies of target jackal_msgs__rosidl_generator_c[0m
[  3%] [32mBuilding C object CMakeFiles/jackal_msgs__rosidl_generator_c.dir/rosidl_generator_c/jackal_msgs/msg/detail/drive__functions.c.o[0m
[  5%] [32mBuilding C object CMakeFiles/jackal_msgs__rosidl_generator_c.dir/rosidl_generator_c/jackal_msgs/msg/detail/feedback__functions.c.o[0m
[  6%] [32mBuilding C object CMakeFiles/jackal_msgs__rosidl_generator_c.dir/rosidl_generator_c/jackal_msgs/msg/detail/power__functions.c.o[0m
[  7%] [32mBuilding C object CMakeFiles/jackal_msgs__rosidl_generator_c.dir/rosidl_generator_c/jackal_msgs/msg/detail/status__functions.c.o[0m
[  8%] [32mBuilding C object CMakeFiles/jackal_msgs__rosidl_generator_c.dir/rosidl_generator_c/jackal_msgs/msg/detail/stop_status__functions.c.o[0m
[ 10%] [32mBuilding C object CMakeFiles/jackal_msgs__rosidl_generator_c.dir/rosidl_generator_c/jackal_msgs/srv/detail/set_domain_id__functions.c.o[0m
[ 11%] [32mBuilding C object CMakeFiles/jackal_msgs__rosidl_generator_c.dir/rosidl_generator_c/jackal_msgs/msg/detail/drive_feedback__functions.c.o[0m
[ 12%] [32m[1mLinking C shared library libjackal_msgs__rosidl_generator_c.so[0m
[ 12%] Built target jackal_msgs__rosidl_generator_c
[ 13%] [34m[1mGenerating C++ type support for eProsima Fast-RTPS[0m
[35m[1mScanning dependencies of target jackal_msgs__rosidl_typesupport_fastrtps_cpp[0m
[ 15%] [32mBuilding CXX object CMakeFiles/jackal_msgs__rosidl_typesupport_fastrtps_cpp.dir/rosidl_typesupport_fastrtps_cpp/jackal_msgs/msg/detail/dds_fastrtps/drive__type_support.cpp.o[0m
[ 16%] [32mBuilding CXX object CMakeFiles/jackal_msgs__rosidl_typesupport_fastrtps_cpp.dir/rosidl_typesupport_fastrtps_cpp/jackal_msgs/msg/detail/dds_fastrtps/drive_feedback__type_support.cpp.o[0m
[ 17%] [32mBuilding CXX object CMakeFiles/jackal_msgs__rosidl_typesupport_fastrtps_cpp.dir/rosidl_typesupport_fastrtps_cpp/jackal_msgs/msg/detail/dds_fastrtps/feedback__type_support.cpp.o[0m
[ 18%] [32mBuilding CXX object CMakeFiles/jackal_msgs__rosidl_typesupport_fastrtps_cpp.dir/rosidl_typesupport_fastrtps_cpp/jackal_msgs/msg/detail/dds_fastrtps/power__type_support.cpp.o[0m
[ 20%] [32mBuilding CXX object CMakeFiles/jackal_msgs__rosidl_typesupport_fastrtps_cpp.dir/rosidl_typesupport_fastrtps_cpp/jackal_msgs/msg/detail/dds_fastrtps/status__type_support.cpp.o[0m
[ 21%] [32mBuilding CXX object CMakeFiles/jackal_msgs__rosidl_typesupport_fastrtps_cpp.dir/rosidl_typesupport_fastrtps_cpp/jackal_msgs/msg/detail/dds_fastrtps/stop_status__type_support.cpp.o[0m
[ 22%] [32mBuilding CXX object CMakeFiles/jackal_msgs__rosidl_typesupport_fastrtps_cpp.dir/rosidl_typesupport_fastrtps_cpp/jackal_msgs/srv/detail/dds_fastrtps/set_domain_id__type_support.cpp.o[0m
[ 24%] [32m[1mLinking CXX shared library libjackal_msgs__rosidl_typesupport_fastrtps_cpp.so[0m
[ 24%] Built target jackal_msgs__rosidl_typesupport_fastrtps_cpp
[ 25%] [34m[1mGenerating C introspection for ROS interfaces[0m
[35m[1mScanning dependencies of target jackal_msgs__rosidl_typesupport_introspection_c[0m
[ 26%] [32mBuilding C object CMakeFiles/jackal_msgs__rosidl_typesupport_introspection_c.dir/rosidl_typesupport_introspection_c/jackal_msgs/msg/detail/drive__type_support.c.o[0m
[ 27%] [32mBuilding C object CMakeFiles/jackal_msgs__rosidl_typesupport_introspection_c.dir/rosidl_typesupport_introspection_c/jackal_msgs/msg/detail/drive_feedback__type_support.c.o[0m
[ 29%] [32mBuilding C object CMakeFiles/jackal_msgs__rosidl_typesupport_introspection_c.dir/rosidl_typesupport_introspection_c/jackal_msgs/msg/detail/feedback__type_support.c.o[0m
[ 30%] [32mBuilding C object CMakeFiles/jackal_msgs__rosidl_typesupport_introspection_c.dir/rosidl_typesupport_introspection_c/jackal_msgs/msg/detail/power__type_support.c.o[0m
[ 31%] [32mBuilding C object CMakeFiles/jackal_msgs__rosidl_typesupport_introspection_c.dir/rosidl_typesupport_introspection_c/jackal_msgs/msg/detail/status__type_support.c.o[0m
[ 32%] [32mBuilding C object CMakeFiles/jackal_msgs__rosidl_typesupport_introspection_c.dir/rosidl_typesupport_introspection_c/jackal_msgs/msg/detail/stop_status__type_support.c.o[0m
[ 34%] [32mBuilding C object CMakeFiles/jackal_msgs__rosidl_typesupport_introspection_c.dir/rosidl_typesupport_introspection_c/jackal_msgs/srv/detail/set_domain_id__type_support.c.o[0m
[ 35%] [32m[1mLinking C shared library libjackal_msgs__rosidl_typesupport_introspection_c.so[0m
[ 35%] Built target jackal_msgs__rosidl_typesupport_introspection_c
[ 36%] [34m[1mGenerating C type support for eProsima Fast-RTPS[0m
[35m[1mScanning dependencies of target jackal_msgs__rosidl_typesupport_fastrtps_c[0m
[ 37%] [32mBuilding CXX object CMakeFiles/jackal_msgs__rosidl_typesupport_fastrtps_c.dir/rosidl_typesupport_fastrtps_c/jackal_msgs/msg/detail/drive__type_support_c.cpp.o[0m
[ 39%] [32mBuilding CXX object CMakeFiles/jackal_msgs__rosidl_typesupport_fastrtps_c.dir/rosidl_typesupport_fastrtps_c/jackal_msgs/msg/detail/feedback__type_support_c.cpp.o[0m
[ 40%] [32mBuilding CXX object CMakeFiles/jackal_msgs__rosidl_typesupport_fastrtps_c.dir/rosidl_typesupport_fastrtps_c/jackal_msgs/msg/detail/power__type_support_c.cpp.o[0m
[ 41%] [32mBuilding CXX object CMakeFiles/jackal_msgs__rosidl_typesupport_fastrtps_c.dir/rosidl_typesupport_fastrtps_c/jackal_msgs/msg/detail/status__type_support_c.cpp.o[0m
[ 43%] [32mBuilding CXX object CMakeFiles/jackal_msgs__rosidl_typesupport_fastrtps_c.dir/rosidl_typesupport_fastrtps_c/jackal_msgs/msg/detail/stop_status__type_support_c.cpp.o[0m
[ 44%] [32mBuilding CXX object CMakeFiles/jackal_msgs__rosidl_typesupport_fastrtps_c.dir/rosidl_typesupport_fastrtps_c/jackal_msgs/srv/detail/set_domain_id__type_support_c.cpp.o[0m
[ 45%] [32mBuilding CXX object CMakeFiles/jackal_msgs__rosidl_typesupport_fastrtps_c.dir/rosidl_typesupport_fastrtps_c/jackal_msgs/msg/detail/drive_feedback__type_support_c.cpp.o[0m
[ 46%] [32m[1mLinking CXX shared library libjackal_msgs__rosidl_typesupport_fastrtps_c.so[0m
[ 46%] Built target jackal_msgs__rosidl_typesupport_fastrtps_c
[ 48%] [34m[1mGenerating C type support dispatch for ROS interfaces[0m
[35m[1mScanning dependencies of target jackal_msgs__rosidl_typesupport_c[0m
[ 49%] [32mBuilding CXX object CMakeFiles/jackal_msgs__rosidl_typesupport_c.dir/rosidl_typesupport_c/jackal_msgs/msg/drive__type_support.cpp.o[0m
[ 50%] [32mBuilding CXX object CMakeFiles/jackal_msgs__rosidl_typesupport_c.dir/rosidl_typesupport_c/jackal_msgs/msg/power__type_support.cpp.o[0m
[ 51%] [32mBuilding CXX object CMakeFiles/jackal_msgs__rosidl_typesupport_c.dir/rosidl_typesupport_c/jackal_msgs/msg/status__type_support.cpp.o[0m
[ 53%] [32mBuilding CXX object CMakeFiles/jackal_msgs__rosidl_typesupport_c.dir/rosidl_typesupport_c/jackal_msgs/msg/stop_status__type_support.cpp.o[0m
[ 54%] [32mBuilding CXX object CMakeFiles/jackal_msgs__rosidl_typesupport_c.dir/rosidl_typesupport_c/jackal_msgs/srv/set_domain_id__type_support.cpp.o[0m
[ 55%] [32mBuilding CXX object CMakeFiles/jackal_msgs__rosidl_typesupport_c.dir/rosidl_typesupport_c/jackal_msgs/msg/feedback__type_support.cpp.o[0m
[ 56%] [32mBuilding CXX object CMakeFiles/jackal_msgs__rosidl_typesupport_c.dir/rosidl_typesupport_c/jackal_msgs/msg/drive_feedback__type_support.cpp.o[0m
[ 58%] [32m[1mLinking CXX shared library libjackal_msgs__rosidl_typesupport_c.so[0m
[ 58%] Built target jackal_msgs__rosidl_typesupport_c
[ 59%] [34m[1mGenerating C++ type support dispatch for ROS interfaces[0m
[35m[1mScanning dependencies of target jackal_msgs__rosidl_typesupport_cpp[0m
[ 60%] [32mBuilding CXX object CMakeFiles/jackal_msgs__rosidl_typesupport_cpp.dir/rosidl_typesupport_cpp/jackal_msgs/msg/drive__type_support.cpp.o[0m
[ 62%] [32mBuilding CXX object CMakeFiles/jackal_msgs__rosidl_typesupport_cpp.dir/rosidl_typesupport_cpp/jackal_msgs/msg/status__type_support.cpp.o[0m
[ 63%] [32mBuilding CXX object CMakeFiles/jackal_msgs__rosidl_typesupport_cpp.dir/rosidl_typesupport_cpp/jackal_msgs/msg/stop_status__type_support.cpp.o[0m
[ 64%] [32mBuilding CXX object CMakeFiles/jackal_msgs__rosidl_typesupport_cpp.dir/rosidl_typesupport_cpp/jackal_msgs/srv/set_domain_id__type_support.cpp.o[0m
[ 65%] [32mBuilding CXX object CMakeFiles/jackal_msgs__rosidl_typesupport_cpp.dir/rosidl_typesupport_cpp/jackal_msgs/msg/power__type_support.cpp.o[0m
[ 67%] [32mBuilding CXX object CMakeFiles/jackal_msgs__rosidl_typesupport_cpp.dir/rosidl_typesupport_cpp/jackal_msgs/msg/feedback__type_support.cpp.o[0m
[ 68%] [32mBuilding CXX object CMakeFiles/jackal_msgs__rosidl_typesupport_cpp.dir/rosidl_typesupport_cpp/jackal_msgs/msg/drive_feedback__type_support.cpp.o[0m
[ 69%] [32m[1mLinking CXX shared library libjackal_msgs__rosidl_typesupport_cpp.so[0m
[ 69%] Built target jackal_msgs__rosidl_typesupport_cpp
[ 70%] [34m[1mGenerating C++ introspection for ROS interfaces[0m
[35m[1mScanning dependencies of target jackal_msgs__rosidl_typesupport_introspection_cpp[0m
[ 72%] [32mBuilding CXX object CMakeFiles/jackal_msgs__rosidl_typesupport_introspection_cpp.dir/rosidl_typesupport_introspection_cpp/jackal_msgs/msg/detail/drive__type_support.cpp.o[0m
[ 73%] [32mBuilding CXX object CMakeFiles/jackal_msgs__rosidl_typesupport_introspection_cpp.dir/rosidl_typesupport_introspection_cpp/jackal_msgs/msg/detail/stop_status__type_support.cpp.o[0m
[ 74%] [32mBuilding CXX object CMakeFiles/jackal_msgs__rosidl_typesupport_introspection_cpp.dir/rosidl_typesupport_introspection_cpp/jackal_msgs/srv/detail/set_domain_id__type_support.cpp.o[0m
[ 75%] [32mBuilding CXX object CMakeFiles/jackal_msgs__rosidl_typesupport_introspection_cpp.dir/rosidl_typesupport_introspection_cpp/jackal_msgs/msg/detail/status__type_support.cpp.o[0m
[ 77%] [32mBuilding CXX object CMakeFiles/jackal_msgs__rosidl_typesupport_introspection_cpp.dir/rosidl_typesupport_introspection_cpp/jackal_msgs/msg/detail/power__type_support.cpp.o[0m
[ 78%] [32mBuilding CXX object CMakeFiles/jackal_msgs__rosidl_typesupport_introspection_cpp.dir/rosidl_typesupport_introspection_cpp/jackal_msgs/msg/detail/feedback__type_support.cpp.o[0m
[ 79%] [32mBuilding CXX object CMakeFiles/jackal_msgs__rosidl_typesupport_introspection_cpp.dir/rosidl_typesupport_introspection_cpp/jackal_msgs/msg/detail/drive_feedback__type_support.cpp.o[0m
[ 81%] [32m[1mLinking CXX shared library libjackal_msgs__rosidl_typesupport_introspection_cpp.so[0m
[ 81%] Built target jackal_msgs__rosidl_typesupport_introspection_cpp
[35m[1mScanning dependencies of target jackal_msgs[0m
[ 81%] Built target jackal_msgs
[35m[1mScanning dependencies of target jackal_msgs__py[0m
[ 82%] [34m[1mGenerating Python code for ROS interfaces[0m
[ 82%] Built target jackal_msgs__py
[35m[1mScanning dependencies of target jackal_msgs__python[0m
[ 83%] [32mBuilding C object CMakeFiles/jackal_msgs__python.dir/rosidl_generator_py/jackal_msgs/msg/_drive_s.c.o[0m
[ 84%] [32mBuilding C object CMakeFiles/jackal_msgs__python.dir/rosidl_generator_py/jackal_msgs/msg/_stop_status_s.c.o[0m
[ 86%] [32mBuilding C object CMakeFiles/jackal_msgs__python.dir/rosidl_generator_py/jackal_msgs/srv/_set_domain_id_s.c.o[0m
[ 87%] [32mBuilding C object CMakeFiles/jackal_msgs__python.dir/rosidl_generator_py/jackal_msgs/msg/_status_s.c.o[0m
[ 88%] [32mBuilding C object CMakeFiles/jackal_msgs__python.dir/rosidl_generator_py/jackal_msgs/msg/_power_s.c.o[0m
[ 89%] [32mBuilding C object CMakeFiles/jackal_msgs__python.dir/rosidl_generator_py/jackal_msgs/msg/_feedback_s.c.o[0m
[ 91%] [32mBuilding C object CMakeFiles/jackal_msgs__python.dir/rosidl_generator_py/jackal_msgs/msg/_drive_feedback_s.c.o[0m
[ 92%] [32m[1mLinking C shared library rosidl_generator_py/jackal_msgs/libjackal_msgs__python.so[0m
[ 92%] Built target jackal_msgs__python
[35m[1mScanning dependencies of target jackal_msgs__rosidl_typesupport_introspection_c__pyext[0m
[ 93%] [32mBuilding C object CMakeFiles/jackal_msgs__rosidl_typesupport_introspection_c__pyext.dir/rosidl_generator_py/jackal_msgs/_jackal_msgs_s.ep.rosidl_typesupport_introspection_c.c.o[0m
[ 94%] [32m[1mLinking C shared library rosidl_generator_py/jackal_msgs/jackal_msgs_s__rosidl_typesupport_introspection_c.cpython-38-x86_64-linux-gnu.so[0m
[ 94%] Built target jackal_msgs__rosidl_typesupport_introspection_c__pyext
[35m[1mScanning dependencies of target jackal_msgs__rosidl_typesupport_c__pyext[0m
[ 96%] [32mBuilding C object CMakeFiles/jackal_msgs__rosidl_typesupport_c__pyext.dir/rosidl_generator_py/jackal_msgs/_jackal_msgs_s.ep.rosidl_typesupport_c.c.o[0m
[ 97%] [32m[1mLinking C shared library rosidl_generator_py/jackal_msgs/jackal_msgs_s__rosidl_typesupport_c.cpython-38-x86_64-linux-gnu.so[0m
[ 97%] Built target jackal_msgs__rosidl_typesupport_c__pyext
[35m[1mScanning dependencies of target jackal_msgs__rosidl_typesupport_fastrtps_c__pyext[0m
[ 98%] [32mBuilding C object CMakeFiles/jackal_msgs__rosidl_typesupport_fastrtps_c__pyext.dir/rosidl_generator_py/jackal_msgs/_jackal_msgs_s.ep.rosidl_typesupport_fastrtps_c.c.o[0m
[100%] [32m[1mLinking CXX shared library rosidl_generator_py/jackal_msgs/jackal_msgs_s__rosidl_typesupport_fastrtps_c.cpython-38-x86_64-linux-gnu.so[0m
[100%] Built target jackal_msgs__rosidl_typesupport_fastrtps_c__pyext
-- Install configuration: ""
-- Installing: /home/mani123/jackal_ws/install/jackal_msgs/share/ament_index/resource_index/rosidl_interfaces/jackal_msgs
-- Installing: /home/mani123/jackal_ws/install/jackal_msgs/include/jackal_msgs
-- Installing: /home/mani123/jackal_ws/install/jackal_msgs/include/jackal_msgs/srv
-- Installing: /home/mani123/jackal_ws/install/jackal_msgs/include/jackal_msgs/srv/detail
-- Installing: /home/mani123/jackal_ws/install/jackal_msgs/include/jackal_msgs/srv/detail/set_domain_id__struct.h
-- Installing: /home/mani123/jackal_ws/install/jackal_msgs/include/jackal_msgs/srv/detail/set_domain_id__functions.c
-- Installing: /home/mani123/jackal_ws/install/jackal_msgs/include/jackal_msgs/srv/detail/set_domain_id__type_support.h
-- Installing: /home/mani123/jackal_ws/install/jackal_msgs/include/jackal_msgs/srv/detail/set_domain_id__functions.h
-- Installing: /home/mani123/jackal_ws/install/jackal_msgs/include/jackal_msgs/srv/set_domain_id.h
-- Installing: /home/mani123/jackal_ws/install/jackal_msgs/include/jackal_msgs/msg
-- Installing: /home/mani123/jackal_ws/install/jackal_msgs/include/jackal_msgs/msg/feedback.h
-- Installing: /home/mani123/jackal_ws/install/jackal_msgs/include/jackal_msgs/msg/rosidl_generator_c__visibility_control.h
-- Installing: /home/mani123/jackal_ws/install/jackal_msgs/include/jackal_msgs/msg/drive_feedback.h
-- Installing: /home/mani123/jackal_ws/install/jackal_msgs/include/jackal_msgs/msg/detail
-- Installing: /home/mani123/jackal_ws/install/jackal_msgs/include/jackal_msgs/msg/detail/feedback__functions.c
-- Installing: /home/mani123/jackal_ws/install/jackal_msgs/include/jackal_msgs/msg/detail/power__functions.h
-- Installing: /home/mani123/jackal_ws/install/jackal_msgs/include/jackal_msgs/msg/detail/drive__functions.h
-- Installing: /home/mani123/jackal_ws/install/jackal_msgs/include/jackal_msgs/msg/detail/power__struct.h
-- Installing: /home/mani123/jackal_ws/install/jackal_msgs/include/jackal_msgs/msg/detail/status__struct.h
-- Installing: /home/mani123/jackal_ws/install/jackal_msgs/include/jackal_msgs/msg/detail/drive__functions.c
-- Installing: /home/mani123/jackal_ws/install/jackal_msgs/include/jackal_msgs/msg/detail/stop_status__struct.h
-- Installing: /home/mani123/jackal_ws/install/jackal_msgs/include/jackal_msgs/msg/detail/feedback__type_support.h
-- Installing: /home/mani123/jackal_ws/install/jackal_msgs/include/jackal_msgs/msg/detail/drive_feedback__functions.c
-- Installing: /home/mani123/jackal_ws/install/jackal_msgs/include/jackal_msgs/msg/detail/feedback__struct.h
-- Installing: /home/mani123/jackal_ws/install/jackal_msgs/include/jackal_msgs/msg/detail/power__type_support.h
-- Installing: /home/mani123/jackal_ws/install/jackal_msgs/include/jackal_msgs/msg/detail/stop_status__functions.h
-- Installing: /home/mani123/jackal_ws/install/jackal_msgs/include/jackal_msgs/msg/detail/drive_feedback__type_support.h
-- Installing: /home/mani123/jackal_ws/install/jackal_msgs/include/jackal_msgs/msg/detail/status__functions.h
-- Installing: /home/mani123/jackal_ws/install/jackal_msgs/include/jackal_msgs/msg/detail/drive_feedback__functions.h
-- Installing: /home/mani123/jackal_ws/install/jackal_msgs/include/jackal_msgs/msg/detail/drive_feedback__struct.h
-- Installing: /home/mani123/jackal_ws/install/jackal_msgs/include/jackal_msgs/msg/detail/stop_status__functions.c
-- Installing: /home/mani123/jackal_ws/install/jackal_msgs/include/jackal_msgs/msg/detail/feedback__functions.h
-- Installing: /home/mani123/jackal_ws/install/jackal_msgs/include/jackal_msgs/msg/detail/stop_status__type_support.h
-- Installing: /home/mani123/jackal_ws/install/jackal_msgs/include/jackal_msgs/msg/detail/drive__struct.h
-- Installing: /home/mani123/jackal_ws/install/jackal_msgs/include/jackal_msgs/msg/detail/power__functions.c
-- Installing: /home/mani123/jackal_ws/install/jackal_msgs/include/jackal_msgs/msg/detail/status__type_support.h
-- Installing: /home/mani123/jackal_ws/install/jackal_msgs/include/jackal_msgs/msg/detail/drive__type_support.h
-- Installing: /home/mani123/jackal_ws/install/jackal_msgs/include/jackal_msgs/msg/detail/status__functions.c
-- Installing: /home/mani123/jackal_ws/install/jackal_msgs/include/jackal_msgs/msg/power.h
-- Installing: /home/mani123/jackal_ws/install/jackal_msgs/include/jackal_msgs/msg/drive.h
-- Installing: /home/mani123/jackal_ws/install/jackal_msgs/include/jackal_msgs/msg/stop_status.h
-- Installing: /home/mani123/jackal_ws/install/jackal_msgs/include/jackal_msgs/msg/status.h
-- Installing: /home/mani123/jackal_ws/install/jackal_msgs/share/jackal_msgs/environment/library_path.sh
-- Installing: /home/mani123/jackal_ws/install/jackal_msgs/share/jackal_msgs/environment/library_path.dsv
-- Installing: /home/mani123/jackal_ws/install/jackal_msgs/lib/libjackal_msgs__rosidl_generator_c.so
-- Set runtime path of "/home/mani123/jackal_ws/install/jackal_msgs/lib/libjackal_msgs__rosidl_generator_c.so" to ""
-- Up-to-date: /home/mani123/jackal_ws/install/jackal_msgs/include/jackal_msgs
-- Up-to-date: /home/mani123/jackal_ws/install/jackal_msgs/include/jackal_msgs/srv
-- Up-to-date: /home/mani123/jackal_ws/install/jackal_msgs/include/jackal_msgs/srv/detail
-- Installing: /home/mani123/jackal_ws/install/jackal_msgs/include/jackal_msgs/srv/detail/set_domain_id__rosidl_typesupport_fastrtps_c.h
-- Up-to-date: /home/mani123/jackal_ws/install/jackal_msgs/include/jackal_msgs/msg
-- Installing: /home/mani123/jackal_ws/install/jackal_msgs/include/jackal_msgs/msg/rosidl_typesupport_fastrtps_c__visibility_control.h
-- Up-to-date: /home/mani123/jackal_ws/install/jackal_msgs/include/jackal_msgs/msg/detail
-- Installing: /home/mani123/jackal_ws/install/jackal_msgs/include/jackal_msgs/msg/detail/power__rosidl_typesupport_fastrtps_c.h
-- Installing: /home/mani123/jackal_ws/install/jackal_msgs/include/jackal_msgs/msg/detail/stop_status__rosidl_typesupport_fastrtps_c.h
-- Installing: /home/mani123/jackal_ws/install/jackal_msgs/include/jackal_msgs/msg/detail/feedback__rosidl_typesupport_fastrtps_c.h
-- Installing: /home/mani123/jackal_ws/install/jackal_msgs/include/jackal_msgs/msg/detail/status__rosidl_typesupport_fastrtps_c.h
-- Installing: /home/mani123/jackal_ws/install/jackal_msgs/include/jackal_msgs/msg/detail/drive__rosidl_typesupport_fastrtps_c.h
-- Installing: /home/mani123/jackal_ws/install/jackal_msgs/include/jackal_msgs/msg/detail/drive_feedback__rosidl_typesupport_fastrtps_c.h
-- Installing: /home/mani123/jackal_ws/install/jackal_msgs/lib/libjackal_msgs__rosidl_typesupport_fastrtps_c.so
-- Set runtime path of "/home/mani123/jackal_ws/install/jackal_msgs/lib/libjackal_msgs__rosidl_typesupport_fastrtps_c.so" to ""
-- Up-to-date: /home/mani123/jackal_ws/install/jackal_msgs/include/jackal_msgs
-- Up-to-date: /home/mani123/jackal_ws/install/jackal_msgs/include/jackal_msgs/srv
-- Up-to-date: /home/mani123/jackal_ws/install/jackal_msgs/include/jackal_msgs/srv/detail
-- Installing: /home/mani123/jackal_ws/install/jackal_msgs/include/jackal_msgs/srv/detail/set_domain_id__rosidl_typesupport_fastrtps_cpp.hpp
-- Installing: /home/mani123/jackal_ws/install/jackal_msgs/include/jackal_msgs/srv/detail/dds_fastrtps
-- Up-to-date: /home/mani123/jackal_ws/install/jackal_msgs/include/jackal_msgs/msg
-- Up-to-date: /home/mani123/jackal_ws/install/jackal_msgs/include/jackal_msgs/msg/detail
-- Installing: /home/mani123/jackal_ws/install/jackal_msgs/include/jackal_msgs/msg/detail/drive_feedback__rosidl_typesupport_fastrtps_cpp.hpp
-- Installing: /home/mani123/jackal_ws/install/jackal_msgs/include/jackal_msgs/msg/detail/stop_status__rosidl_typesupport_fastrtps_cpp.hpp
-- Installing: /home/mani123/jackal_ws/install/jackal_msgs/include/jackal_msgs/msg/detail/status__rosidl_typesupport_fastrtps_cpp.hpp
-- Installing: /home/mani123/jackal_ws/install/jackal_msgs/include/jackal_msgs/msg/detail/power__rosidl_typesupport_fastrtps_cpp.hpp
-- Installing: /home/mani123/jackal_ws/install/jackal_msgs/include/jackal_msgs/msg/detail/dds_fastrtps
-- Installing: /home/mani123/jackal_ws/install/jackal_msgs/include/jackal_msgs/msg/detail/drive__rosidl_typesupport_fastrtps_cpp.hpp
-- Installing: /home/mani123/jackal_ws/install/jackal_msgs/include/jackal_msgs/msg/detail/feedback__rosidl_typesupport_fastrtps_cpp.hpp
-- Installing: /home/mani123/jackal_ws/install/jackal_msgs/include/jackal_msgs/msg/rosidl_typesupport_fastrtps_cpp__visibility_control.h
-- Installing: /home/mani123/jackal_ws/install/jackal_msgs/lib/libjackal_msgs__rosidl_typesupport_fastrtps_cpp.so
-- Set runtime path of "/home/mani123/jackal_ws/install/jackal_msgs/lib/libjackal_msgs__rosidl_typesupport_fastrtps_cpp.so" to ""
-- Up-to-date: /home/mani123/jackal_ws/install/jackal_msgs/include/jackal_msgs
-- Up-to-date: /home/mani123/jackal_ws/install/jackal_msgs/include/jackal_msgs/srv
-- Up-to-date: /home/mani123/jackal_ws/install/jackal_msgs/include/jackal_msgs/srv/detail
-- Installing: /home/mani123/jackal_ws/install/jackal_msgs/include/jackal_msgs/srv/detail/set_domain_id__rosidl_typesupport_introspection_c.h
-- Installing: /home/mani123/jackal_ws/install/jackal_msgs/include/jackal_msgs/srv/detail/set_domain_id__type_support.c
-- Up-to-date: /home/mani123/jackal_ws/install/jackal_msgs/include/jackal_msgs/msg
-- Up-to-date: /home/mani123/jackal_ws/install/jackal_msgs/include/jackal_msgs/msg/detail
-- Installing: /home/mani123/jackal_ws/install/jackal_msgs/include/jackal_msgs/msg/detail/power__rosidl_typesupport_introspection_c.h
-- Installing: /home/mani123/jackal_ws/install/jackal_msgs/include/jackal_msgs/msg/detail/drive__type_support.c
-- Installing: /home/mani123/jackal_ws/install/jackal_msgs/include/jackal_msgs/msg/detail/status__rosidl_typesupport_introspection_c.h
-- Installing: /home/mani123/jackal_ws/install/jackal_msgs/include/jackal_msgs/msg/detail/stop_status__rosidl_typesupport_introspection_c.h
-- Installing: /home/mani123/jackal_ws/install/jackal_msgs/include/jackal_msgs/msg/detail/drive__rosidl_typesupport_introspection_c.h
-- Installing: /home/mani123/jackal_ws/install/jackal_msgs/include/jackal_msgs/msg/detail/feedback__type_support.c
-- Installing: /home/mani123/jackal_ws/install/jackal_msgs/include/jackal_msgs/msg/detail/status__type_support.c
-- Installing: /home/mani123/jackal_ws/install/jackal_msgs/include/jackal_msgs/msg/detail/stop_status__type_support.c
-- Installing: /home/mani123/jackal_ws/install/jackal_msgs/include/jackal_msgs/msg/detail/feedback__rosidl_typesupport_introspection_c.h
-- Installing: /home/mani123/jackal_ws/install/jackal_msgs/include/jackal_msgs/msg/detail/drive_feedback__type_support.c
-- Installing: /home/mani123/jackal_ws/install/jackal_msgs/include/jackal_msgs/msg/detail/power__type_support.c
-- Installing: /home/mani123/jackal_ws/install/jackal_msgs/include/jackal_msgs/msg/detail/drive_feedback__rosidl_typesupport_introspection_c.h
-- Installing: /home/mani123/jackal_ws/install/jackal_msgs/include/jackal_msgs/msg/rosidl_typesupport_introspection_c__visibility_control.h
-- Installing: /home/mani123/jackal_ws/install/jackal_msgs/lib/libjackal_msgs__rosidl_typesupport_introspection_c.so
-- Set runtime path of "/home/mani123/jackal_ws/install/jackal_msgs/lib/libjackal_msgs__rosidl_typesupport_introspection_c.so" to ""
-- Installing: /home/mani123/jackal_ws/install/jackal_msgs/lib/libjackal_msgs__rosidl_typesupport_c.so
-- Set runtime path of "/home/mani123/jackal_ws/install/jackal_msgs/lib/libjackal_msgs__rosidl_typesupport_c.so" to ""
-- Up-to-date: /home/mani123/jackal_ws/install/jackal_msgs/include/jackal_msgs
-- Up-to-date: /home/mani123/jackal_ws/install/jackal_msgs/include/jackal_msgs/srv
-- Installing: /home/mani123/jackal_ws/install/jackal_msgs/include/jackal_msgs/srv/set_domain_id.hpp
-- Up-to-date: /home/mani123/jackal_ws/install/jackal_msgs/include/jackal_msgs/srv/detail
-- Installing: /home/mani123/jackal_ws/install/jackal_msgs/include/jackal_msgs/srv/detail/set_domain_id__struct.hpp
-- Installing: /home/mani123/jackal_ws/install/jackal_msgs/include/jackal_msgs/srv/detail/set_domain_id__type_support.hpp
-- Installing: /home/mani123/jackal_ws/install/jackal_msgs/include/jackal_msgs/srv/detail/set_domain_id__traits.hpp
-- Installing: /home/mani123/jackal_ws/install/jackal_msgs/include/jackal_msgs/srv/detail/set_domain_id__builder.hpp
-- Up-to-date: /home/mani123/jackal_ws/install/jackal_msgs/include/jackal_msgs/msg
-- Installing: /home/mani123/jackal_ws/install/jackal_msgs/include/jackal_msgs/msg/feedback.hpp
-- Up-to-date: /home/mani123/jackal_ws/install/jackal_msgs/include/jackal_msgs/msg/detail
-- Installing: /home/mani123/jackal_ws/install/jackal_msgs/include/jackal_msgs/msg/detail/drive_feedback__traits.hpp
-- Installing: /home/mani123/jackal_ws/install/jackal_msgs/include/jackal_msgs/msg/detail/feedback__traits.hpp
-- Installing: /home/mani123/jackal_ws/install/jackal_msgs/include/jackal_msgs/msg/detail/feedback__type_support.hpp
-- Installing: /home/mani123/jackal_ws/install/jackal_msgs/include/jackal_msgs/msg/detail/drive__builder.hpp
-- Installing: /home/mani123/jackal_ws/install/jackal_msgs/include/jackal_msgs/msg/detail/drive__traits.hpp
-- Installing: /home/mani123/jackal_ws/install/jackal_msgs/include/jackal_msgs/msg/detail/status__builder.hpp
-- Installing: /home/mani123/jackal_ws/install/jackal_msgs/include/jackal_msgs/msg/detail/stop_status__struct.hpp
-- Installing: /home/mani123/jackal_ws/install/jackal_msgs/include/jackal_msgs/msg/detail/status__struct.hpp
-- Installing: /home/mani123/jackal_ws/install/jackal_msgs/include/jackal_msgs/msg/detail/drive_feedback__type_support.hpp
-- Installing: /home/mani123/jackal_ws/install/jackal_msgs/include/jackal_msgs/msg/detail/feedback__builder.hpp
-- Installing: /home/mani123/jackal_ws/install/jackal_msgs/include/jackal_msgs/msg/detail/power__builder.hpp
-- Installing: /home/mani123/jackal_ws/install/jackal_msgs/include/jackal_msgs/msg/detail/stop_status__traits.hpp
-- Installing: /home/mani123/jackal_ws/install/jackal_msgs/include/jackal_msgs/msg/detail/stop_status__builder.hpp
-- Installing: /home/mani123/jackal_ws/install/jackal_msgs/include/jackal_msgs/msg/detail/power__struct.hpp
-- Installing: /home/mani123/jackal_ws/install/jackal_msgs/include/jackal_msgs/msg/detail/status__traits.hpp
-- Installing: /home/mani123/jackal_ws/install/jackal_msgs/include/jackal_msgs/msg/detail/drive__type_support.hpp
-- Installing: /home/mani123/jackal_ws/install/jackal_msgs/include/jackal_msgs/msg/detail/drive_feedback__builder.hpp
-- Installing: /home/mani123/jackal_ws/install/jackal_msgs/include/jackal_msgs/msg/detail/feedback__struct.hpp
-- Installing: /home/mani123/jackal_ws/install/jackal_msgs/include/jackal_msgs/msg/detail/stop_status__type_support.hpp
-- Installing: /home/mani123/jackal_ws/install/jackal_msgs/include/jackal_msgs/msg/detail/drive__struct.hpp
-- Installing: /home/mani123/jackal_ws/install/jackal_msgs/include/jackal_msgs/msg/detail/power__type_support.hpp
-- Installing: /home/mani123/jackal_ws/install/jackal_msgs/include/jackal_msgs/msg/detail/drive_feedback__struct.hpp
-- Installing: /home/mani123/jackal_ws/install/jackal_msgs/include/jackal_msgs/msg/detail/power__traits.hpp
-- Installing: /home/mani123/jackal_ws/install/jackal_msgs/include/jackal_msgs/msg/detail/status__type_support.hpp
-- Installing: /home/mani123/jackal_ws/install/jackal_msgs/include/jackal_msgs/msg/stop_status.hpp
-- Installing: /home/mani123/jackal_ws/install/jackal_msgs/include/jackal_msgs/msg/drive_feedback.hpp
-- Installing: /home/mani123/jackal_ws/install/jackal_msgs/include/jackal_msgs/msg/status.hpp
-- Installing: /home/mani123/jackal_ws/install/jackal_msgs/include/jackal_msgs/msg/drive.hpp
-- Installing: /home/mani123/jackal_ws/install/jackal_msgs/include/jackal_msgs/msg/rosidl_generator_cpp__visibility_control.hpp
-- Installing: /home/mani123/jackal_ws/install/jackal_msgs/include/jackal_msgs/msg/power.hpp
-- Up-to-date: /home/mani123/jackal_ws/install/jackal_msgs/include/jackal_msgs
-- Up-to-date: /home/mani123/jackal_ws/install/jackal_msgs/include/jackal_msgs/srv
-- Up-to-date: /home/mani123/jackal_ws/install/jackal_msgs/include/jackal_msgs/srv/detail
-- Installing: /home/mani123/jackal_ws/install/jackal_msgs/include/jackal_msgs/srv/detail/set_domain_id__rosidl_typesupport_introspection_cpp.hpp
-- Installing: /home/mani123/jackal_ws/install/jackal_msgs/include/jackal_msgs/srv/detail/set_domain_id__type_support.cpp
-- Up-to-date: /home/mani123/jackal_ws/install/jackal_msgs/include/jackal_msgs/msg
-- Up-to-date: /home/mani123/jackal_ws/install/jackal_msgs/include/jackal_msgs/msg/detail
-- Installing: /home/mani123/jackal_ws/install/jackal_msgs/include/jackal_msgs/msg/detail/stop_status__rosidl_typesupport_introspection_cpp.hpp
-- Installing: /home/mani123/jackal_ws/install/jackal_msgs/include/jackal_msgs/msg/detail/drive__type_support.cpp
-- Installing: /home/mani123/jackal_ws/install/jackal_msgs/include/jackal_msgs/msg/detail/drive__rosidl_typesupport_introspection_cpp.hpp
-- Installing: /home/mani123/jackal_ws/install/jackal_msgs/include/jackal_msgs/msg/detail/status__rosidl_typesupport_introspection_cpp.hpp
-- Installing: /home/mani123/jackal_ws/install/jackal_msgs/include/jackal_msgs/msg/detail/stop_status__type_support.cpp
-- Installing: /home/mani123/jackal_ws/install/jackal_msgs/include/jackal_msgs/msg/detail/power__rosidl_typesupport_introspection_cpp.hpp
-- Installing: /home/mani123/jackal_ws/install/jackal_msgs/include/jackal_msgs/msg/detail/feedback__type_support.cpp
-- Installing: /home/mani123/jackal_ws/install/jackal_msgs/include/jackal_msgs/msg/detail/feedback__rosidl_typesupport_introspection_cpp.hpp
-- Installing: /home/mani123/jackal_ws/install/jackal_msgs/include/jackal_msgs/msg/detail/power__type_support.cpp
-- Installing: /home/mani123/jackal_ws/install/jackal_msgs/include/jackal_msgs/msg/detail/drive_feedback__rosidl_typesupport_introspection_cpp.hpp
-- Installing: /home/mani123/jackal_ws/install/jackal_msgs/include/jackal_msgs/msg/detail/status__type_support.cpp
-- Installing: /home/mani123/jackal_ws/install/jackal_msgs/include/jackal_msgs/msg/detail/drive_feedback__type_support.cpp
-- Installing: /home/mani123/jackal_ws/install/jackal_msgs/lib/libjackal_msgs__rosidl_typesupport_introspection_cpp.so
-- Set runtime path of "/home/mani123/jackal_ws/install/jackal_msgs/lib/libjackal_msgs__rosidl_typesupport_introspection_cpp.so" to ""
-- Installing: /home/mani123/jackal_ws/install/jackal_msgs/lib/libjackal_msgs__rosidl_typesupport_cpp.so
-- Set runtime path of "/home/mani123/jackal_ws/install/jackal_msgs/lib/libjackal_msgs__rosidl_typesupport_cpp.so" to ""
-- Installing: /home/mani123/jackal_ws/install/jackal_msgs/share/jackal_msgs/environment/pythonpath.sh
-- Installing: /home/mani123/jackal_ws/install/jackal_msgs/share/jackal_msgs/environment/pythonpath.dsv
-- Installing: /home/mani123/jackal_ws/install/jackal_msgs/lib/python3.8/site-packages/jackal_msgs/__init__.py
Compiling '/home/mani123/jackal_ws/install/jackal_msgs/lib/python3.8/site-packages/jackal_msgs/__init__.py'...
-- Installing: /home/mani123/jackal_ws/install/jackal_msgs/lib/python3.8/site-packages/jackal_msgs/msg
-- Installing: /home/mani123/jackal_ws/install/jackal_msgs/lib/python3.8/site-packages/jackal_msgs/msg/_feedback_s.c
-- Installing: /home/mani123/jackal_ws/install/jackal_msgs/lib/python3.8/site-packages/jackal_msgs/msg/__init__.py
-- Installing: /home/mani123/jackal_ws/install/jackal_msgs/lib/python3.8/site-packages/jackal_msgs/msg/_power_s.c
-- Installing: /home/mani123/jackal_ws/install/jackal_msgs/lib/python3.8/site-packages/jackal_msgs/msg/_status.py
-- Installing: /home/mani123/jackal_ws/install/jackal_msgs/lib/python3.8/site-packages/jackal_msgs/msg/_stop_status_s.c
-- Installing: /home/mani123/jackal_ws/install/jackal_msgs/lib/python3.8/site-packages/jackal_msgs/msg/_drive_feedback.py
-- Installing: /home/mani123/jackal_ws/install/jackal_msgs/lib/python3.8/site-packages/jackal_msgs/msg/_power.py
-- Installing: /home/mani123/jackal_ws/install/jackal_msgs/lib/python3.8/site-packages/jackal_msgs/msg/_drive_feedback_s.c
-- Installing: /home/mani123/jackal_ws/install/jackal_msgs/lib/python3.8/site-packages/jackal_msgs/msg/_stop_status.py
-- Installing: /home/mani123/jackal_ws/install/jackal_msgs/lib/python3.8/site-packages/jackal_msgs/msg/_feedback.py
-- Installing: /home/mani123/jackal_ws/install/jackal_msgs/lib/python3.8/site-packages/jackal_msgs/msg/_drive.py
-- Installing: /home/mani123/jackal_ws/install/jackal_msgs/lib/python3.8/site-packages/jackal_msgs/msg/_status_s.c
-- Installing: /home/mani123/jackal_ws/install/jackal_msgs/lib/python3.8/site-packages/jackal_msgs/msg/_drive_s.c
-- Installing: /home/mani123/jackal_ws/install/jackal_msgs/lib/python3.8/site-packages/jackal_msgs/srv
-- Installing: /home/mani123/jackal_ws/install/jackal_msgs/lib/python3.8/site-packages/jackal_msgs/srv/__init__.py
-- Installing: /home/mani123/jackal_ws/install/jackal_msgs/lib/python3.8/site-packages/jackal_msgs/srv/_set_domain_id.py
-- Installing: /home/mani123/jackal_ws/install/jackal_msgs/lib/python3.8/site-packages/jackal_msgs/srv/_set_domain_id_s.c
-- Installing: /home/mani123/jackal_ws/install/jackal_msgs/lib/python3.8/site-packages/jackal_msgs/jackal_msgs_s__rosidl_typesupport_fastrtps_c.cpython-38-x86_64-linux-gnu.so
-- Set runtime path of "/home/mani123/jackal_ws/install/jackal_msgs/lib/python3.8/site-packages/jackal_msgs/jackal_msgs_s__rosidl_typesupport_fastrtps_c.cpython-38-x86_64-linux-gnu.so" to ""
-- Installing: /home/mani123/jackal_ws/install/jackal_msgs/lib/python3.8/site-packages/jackal_msgs/jackal_msgs_s__rosidl_typesupport_introspection_c.cpython-38-x86_64-linux-gnu.so
-- Set runtime path of "/home/mani123/jackal_ws/install/jackal_msgs/lib/python3.8/site-packages/jackal_msgs/jackal_msgs_s__rosidl_typesupport_introspection_c.cpython-38-x86_64-linux-gnu.so" to ""
-- Installing: /home/mani123/jackal_ws/install/jackal_msgs/lib/python3.8/site-packages/jackal_msgs/jackal_msgs_s__rosidl_typesupport_c.cpython-38-x86_64-linux-gnu.so
-- Set runtime path of "/home/mani123/jackal_ws/install/jackal_msgs/lib/python3.8/site-packages/jackal_msgs/jackal_msgs_s__rosidl_typesupport_c.cpython-38-x86_64-linux-gnu.so" to ""
-- Installing: /home/mani123/jackal_ws/install/jackal_msgs/lib/libjackal_msgs__python.so
-- Set runtime path of "/home/mani123/jackal_ws/install/jackal_msgs/lib/libjackal_msgs__python.so" to ""
-- Installing: /home/mani123/jackal_ws/install/jackal_msgs/share/jackal_msgs/msg/Drive.idl
-- Installing: /home/mani123/jackal_ws/install/jackal_msgs/share/jackal_msgs/msg/DriveFeedback.idl
-- Installing: /home/mani123/jackal_ws/install/jackal_msgs/share/jackal_msgs/msg/Feedback.idl
-- Installing: /home/mani123/jackal_ws/install/jackal_msgs/share/jackal_msgs/msg/Power.idl
-- Installing: /home/mani123/jackal_ws/install/jackal_msgs/share/jackal_msgs/msg/Status.idl
-- Installing: /home/mani123/jackal_ws/install/jackal_msgs/share/jackal_msgs/msg/StopStatus.idl
-- Installing: /home/mani123/jackal_ws/install/jackal_msgs/share/jackal_msgs/srv/SetDomainId.idl
-- Installing: /home/mani123/jackal_ws/install/jackal_msgs/share/jackal_msgs/msg/Drive.msg
-- Installing: /home/mani123/jackal_ws/install/jackal_msgs/share/jackal_msgs/msg/DriveFeedback.msg
-- Installing: /home/mani123/jackal_ws/install/jackal_msgs/share/jackal_msgs/msg/Feedback.msg
-- Installing: /home/mani123/jackal_ws/install/jackal_msgs/share/jackal_msgs/msg/Power.msg
-- Installing: /home/mani123/jackal_ws/install/jackal_msgs/share/jackal_msgs/msg/Status.msg
-- Installing: /home/mani123/jackal_ws/install/jackal_msgs/share/jackal_msgs/msg/StopStatus.msg
-- Installing: /home/mani123/jackal_ws/install/jackal_msgs/share/jackal_msgs/srv/SetDomainId.srv
-- Installing: /home/mani123/jackal_ws/install/jackal_msgs/share/jackal_msgs/srv/SetDomainId_Request.msg
-- Installing: /home/mani123/jackal_ws/install/jackal_msgs/share/jackal_msgs/srv/SetDomainId_Response.msg
-- Installing: /home/mani123/jackal_ws/install/jackal_msgs/share/ament_index/resource_index/package_run_dependencies/jackal_msgs
-- Installing: /home/mani123/jackal_ws/install/jackal_msgs/share/ament_index/resource_index/parent_prefix_path/jackal_msgs
-- Installing: /home/mani123/jackal_ws/install/jackal_msgs/share/jackal_msgs/environment/ament_prefix_path.sh
-- Installing: /home/mani123/jackal_ws/install/jackal_msgs/share/jackal_msgs/environment/ament_prefix_path.dsv
-- Installing: /home/mani123/jackal_ws/install/jackal_msgs/share/jackal_msgs/environment/path.sh
-- Installing: /home/mani123/jackal_ws/install/jackal_msgs/share/jackal_msgs/environment/path.dsv
-- Installing: /home/mani123/jackal_ws/install/jackal_msgs/share/jackal_msgs/local_setup.bash
-- Installing: /home/mani123/jackal_ws/install/jackal_msgs/share/jackal_msgs/local_setup.sh
-- Installing: /home/mani123/jackal_ws/install/jackal_msgs/share/jackal_msgs/local_setup.zsh
-- Installing: /home/mani123/jackal_ws/install/jackal_msgs/share/jackal_msgs/local_setup.dsv
-- Installing: /home/mani123/jackal_ws/install/jackal_msgs/share/jackal_msgs/package.dsv
-- Installing: /home/mani123/jackal_ws/install/jackal_msgs/share/ament_index/resource_index/packages/jackal_msgs
-- Installing: /home/mani123/jackal_ws/install/jackal_msgs/share/jackal_msgs/cmake/jackal_msgs__rosidl_generator_cExport.cmake
-- Installing: /home/mani123/jackal_ws/install/jackal_msgs/share/jackal_msgs/cmake/jackal_msgs__rosidl_generator_cExport-noconfig.cmake
-- Installing: /home/mani123/jackal_ws/install/jackal_msgs/share/jackal_msgs/cmake/jackal_msgs__rosidl_typesupport_introspection_cExport.cmake
-- Installing: /home/mani123/jackal_ws/install/jackal_msgs/share/jackal_msgs/cmake/jackal_msgs__rosidl_typesupport_introspection_cExport-noconfig.cmake
-- Installing: /home/mani123/jackal_ws/install/jackal_msgs/share/jackal_msgs/cmake/jackal_msgs__rosidl_typesupport_cExport.cmake
-- Installing: /home/mani123/jackal_ws/install/jackal_msgs/share/jackal_msgs/cmake/jackal_msgs__rosidl_typesupport_cExport-noconfig.cmake
-- Installing: /home/mani123/jackal_ws/install/jackal_msgs/share/jackal_msgs/cmake/jackal_msgs__rosidl_generator_cppExport.cmake
-- Installing: /home/mani123/jackal_ws/install/jackal_msgs/share/jackal_msgs/cmake/jackal_msgs__rosidl_typesupport_introspection_cppExport.cmake
-- Installing: /home/mani123/jackal_ws/install/jackal_msgs/share/jackal_msgs/cmake/jackal_msgs__rosidl_typesupport_introspection_cppExport-noconfig.cmake
-- Installing: /home/mani123/jackal_ws/install/jackal_msgs/share/jackal_msgs/cmake/jackal_msgs__rosidl_typesupport_cppExport.cmake
-- Installing: /home/mani123/jackal_ws/install/jackal_msgs/share/jackal_msgs/cmake/jackal_msgs__rosidl_typesupport_cppExport-noconfig.cmake
-- Installing: /home/mani123/jackal_ws/install/jackal_msgs/share/jackal_msgs/cmake/rosidl_cmake-extras.cmake
-- Installing: /home/mani123/jackal_ws/install/jackal_msgs/share/jackal_msgs/cmake/ament_cmake_export_dependencies-extras.cmake
-- Installing: /home/mani123/jackal_ws/install/jackal_msgs/share/jackal_msgs/cmake/ament_cmake_export_libraries-extras.cmake
-- Installing: /home/mani123/jackal_ws/install/jackal_msgs/share/jackal_msgs/cmake/ament_cmake_export_targets-extras.cmake
-- Installing: /home/mani123/jackal_ws/install/jackal_msgs/share/jackal_msgs/cmake/ament_cmake_export_include_directories-extras.cmake
-- Installing: /home/mani123/jackal_ws/install/jackal_msgs/share/jackal_msgs/cmake/rosidl_cmake_export_typesupport_libraries-extras.cmake
-- Installing: /home/mani123/jackal_ws/install/jackal_msgs/share/jackal_msgs/cmake/rosidl_cmake_export_typesupport_targets-extras.cmake
-- Installing: /home/mani123/jackal_ws/install/jackal_msgs/share/jackal_msgs/cmake/jackal_msgsConfig.cmake
-- Installing: /home/mani123/jackal_ws/install/jackal_msgs/share/jackal_msgs/cmake/jackal_msgsConfig-version.cmake
-- Installing: /home/mani123/jackal_ws/install/jackal_msgs/share/jackal_msgs/package.xml
