[0.030s] Invoking command in '/home/mani123/jackal_ws/build/jackal_msgs': CMAKE_PREFIX_PATH=${CMAKE_PREFIX_PATH}:/home/mani123/jackal_ws/install/jackal_bbl:/opt/ros/foxy CONDA_PROMPT_MODIFIER=(ros2_env) /usr/bin/cmake /home/mani123/jackal_ws/src/jackal/jackal_msgs -DCMAKE_INSTALL_PREFIX=/home/mani123/jackal_ws/install/jackal_msgs
[0.103s] -- The C compiler identification is GNU 9.4.0
[0.169s] -- The CXX compiler identification is GNU 9.4.0
[0.174s] -- Check for working C compiler: /usr/bin/cc
[0.259s] -- Check for working C compiler: /usr/bin/cc -- works
[0.260s] -- Detecting C compiler ABI info
[0.342s] -- Detecting C compiler ABI info - done
[0.355s] -- Detecting C compile features
[0.356s] -- Detecting C compile features - done
[0.359s] -- Check for working CXX compiler: /usr/bin/c++
[0.452s] -- Check for working CXX compiler: /usr/bin/c++ -- works
[0.453s] -- Detecting CXX compiler ABI info
[0.545s] -- Detecting CXX compiler ABI info - done
[0.556s] -- Detecting CXX compile features
[0.556s] -- Detecting CXX compile features - done
[0.559s] -- Found ament_cmake: 0.9.12 (/opt/ros/foxy/share/ament_cmake/cmake)
[0.584s] -- Found PythonInterp: /home/mani123/anaconda3/envs/ros2_env/bin/python3 (found suitable version "3.8.20", minimum required is "3") 
[0.584s] -- Using PYTHON_EXECUTABLE: /home/mani123/anaconda3/envs/ros2_env/bin/python3
[0.768s] -- Found std_msgs: 2.0.5 (/opt/ros/foxy/share/std_msgs/cmake)
[0.801s] -- Using all available rosidl_typesupport_c: rosidl_typesupport_fastrtps_c;rosidl_typesupport_introspection_c
[0.808s] -- Found rosidl_adapter: 1.3.1 (/opt/ros/foxy/share/rosidl_adapter/cmake)
[0.918s] -- Found OpenSSL: /usr/lib/x86_64-linux-gnu/libcrypto.so (found version "1.1.1f")  
[0.952s] -- Found FastRTPS: /opt/ros/foxy/include  
[1.054s] -- Using all available rosidl_typesupport_cpp: rosidl_typesupport_fastrtps_cpp;rosidl_typesupport_introspection_cpp
[1.111s] -- Found rosidl_default_generators: 1.0.1 (/opt/ros/foxy/share/rosidl_default_generators/cmake)
[1.148s] -- Found PythonInterp: /home/mani123/anaconda3/envs/ros2_env/bin/python3 (found version "3.8.20") 
[1.377s] -- Found ament_cmake_ros: 0.9.2 (/opt/ros/foxy/share/ament_cmake_ros/cmake)
[1.601s] -- Using all available rosidl_typesupport_c: rosidl_typesupport_fastrtps_c;rosidl_typesupport_introspection_c
[1.680s] -- Using all available rosidl_typesupport_cpp: rosidl_typesupport_fastrtps_cpp;rosidl_typesupport_introspection_cpp
[1.708s] -- Found PythonInterp: /home/mani123/anaconda3/envs/ros2_env/bin/python3 (found suitable version "3.8.20", minimum required is "3.5") 
[1.710s] -- Found python_cmake_module: 0.8.1 (/opt/ros/foxy/share/python_cmake_module/cmake)
[1.742s] -- Found PythonLibs: /home/mani123/anaconda3/envs/ros2_env/lib/libpython3.8.so (found suitable version "3.8.20", minimum required is "3.5") 
[1.742s] -- Using PYTHON_EXECUTABLE: /home/mani123/anaconda3/envs/ros2_env/bin/python3
[1.743s] -- Using PYTHON_INCLUDE_DIRS: /home/mani123/anaconda3/envs/ros2_env/include/python3.8
[1.743s] -- Using PYTHON_LIBRARIES: /home/mani123/anaconda3/envs/ros2_env/lib/libpython3.8.so
[1.768s] -- Found PythonExtra: .so  
[1.957s] -- Configuring done
[2.025s] -- Generating done
[2.047s] -- Build files have been written to: /home/mani123/jackal_ws/build/jackal_msgs
[2.194s] Invoked command in '/home/mani123/jackal_ws/build/jackal_msgs' returned '0': CMAKE_PREFIX_PATH=${CMAKE_PREFIX_PATH}:/home/mani123/jackal_ws/install/jackal_bbl:/opt/ros/foxy CONDA_PROMPT_MODIFIER=(ros2_env) /usr/bin/cmake /home/mani123/jackal_ws/src/jackal/jackal_msgs -DCMAKE_INSTALL_PREFIX=/home/mani123/jackal_ws/install/jackal_msgs
[2.195s] Invoking command in '/home/mani123/jackal_ws/build/jackal_msgs': CMAKE_PREFIX_PATH=${CMAKE_PREFIX_PATH}:/home/mani123/jackal_ws/install/jackal_bbl:/opt/ros/foxy CONDA_PROMPT_MODIFIER=(ros2_env) /usr/bin/cmake --build /home/mani123/jackal_ws/build/jackal_msgs -- -j6 -l6
[2.263s] [35m[1mScanning dependencies of target jackal_msgs__cpp[0m
[2.277s] [  1%] [34m[1mGenerating C++ code for ROS interfaces[0m
[3.473s] [  1%] Built target jackal_msgs__cpp
[3.486s] [  2%] [34m[1mGenerating C code for ROS interfaces[0m
[4.579s] [35m[1mScanning dependencies of target jackal_msgs__rosidl_generator_c[0m
[4.597s] [  3%] [32mBuilding C object CMakeFiles/jackal_msgs__rosidl_generator_c.dir/rosidl_generator_c/jackal_msgs/msg/detail/drive__functions.c.o[0m
[4.647s] [  5%] [32mBuilding C object CMakeFiles/jackal_msgs__rosidl_generator_c.dir/rosidl_generator_c/jackal_msgs/msg/detail/feedback__functions.c.o[0m
[4.701s] [  6%] [32mBuilding C object CMakeFiles/jackal_msgs__rosidl_generator_c.dir/rosidl_generator_c/jackal_msgs/msg/detail/power__functions.c.o[0m
[4.753s] [  7%] [32mBuilding C object CMakeFiles/jackal_msgs__rosidl_generator_c.dir/rosidl_generator_c/jackal_msgs/msg/detail/status__functions.c.o[0m
[4.806s] [  8%] [32mBuilding C object CMakeFiles/jackal_msgs__rosidl_generator_c.dir/rosidl_generator_c/jackal_msgs/msg/detail/stop_status__functions.c.o[0m
[4.857s] [ 10%] [32mBuilding C object CMakeFiles/jackal_msgs__rosidl_generator_c.dir/rosidl_generator_c/jackal_msgs/srv/detail/set_domain_id__functions.c.o[0m
[4.916s] [ 11%] [32mBuilding C object CMakeFiles/jackal_msgs__rosidl_generator_c.dir/rosidl_generator_c/jackal_msgs/msg/detail/drive_feedback__functions.c.o[0m
[4.966s] [ 12%] [32m[1mLinking C shared library libjackal_msgs__rosidl_generator_c.so[0m
[5.010s] [ 12%] Built target jackal_msgs__rosidl_generator_c
[5.023s] [ 13%] [34m[1mGenerating C++ type support for eProsima Fast-RTPS[0m
[5.788s] [35m[1mScanning dependencies of target jackal_msgs__rosidl_typesupport_fastrtps_cpp[0m
[5.811s] [ 15%] [32mBuilding CXX object CMakeFiles/jackal_msgs__rosidl_typesupport_fastrtps_cpp.dir/rosidl_typesupport_fastrtps_cpp/jackal_msgs/msg/detail/dds_fastrtps/drive__type_support.cpp.o[0m
[6.185s] [ 16%] [32mBuilding CXX object CMakeFiles/jackal_msgs__rosidl_typesupport_fastrtps_cpp.dir/rosidl_typesupport_fastrtps_cpp/jackal_msgs/msg/detail/dds_fastrtps/drive_feedback__type_support.cpp.o[0m
[6.564s] [ 17%] [32mBuilding CXX object CMakeFiles/jackal_msgs__rosidl_typesupport_fastrtps_cpp.dir/rosidl_typesupport_fastrtps_cpp/jackal_msgs/msg/detail/dds_fastrtps/feedback__type_support.cpp.o[0m
[6.941s] [ 18%] [32mBuilding CXX object CMakeFiles/jackal_msgs__rosidl_typesupport_fastrtps_cpp.dir/rosidl_typesupport_fastrtps_cpp/jackal_msgs/msg/detail/dds_fastrtps/power__type_support.cpp.o[0m
[7.359s] [ 20%] [32mBuilding CXX object CMakeFiles/jackal_msgs__rosidl_typesupport_fastrtps_cpp.dir/rosidl_typesupport_fastrtps_cpp/jackal_msgs/msg/detail/dds_fastrtps/status__type_support.cpp.o[0m
[7.737s] [ 21%] [32mBuilding CXX object CMakeFiles/jackal_msgs__rosidl_typesupport_fastrtps_cpp.dir/rosidl_typesupport_fastrtps_cpp/jackal_msgs/msg/detail/dds_fastrtps/stop_status__type_support.cpp.o[0m
[8.115s] [ 22%] [32mBuilding CXX object CMakeFiles/jackal_msgs__rosidl_typesupport_fastrtps_cpp.dir/rosidl_typesupport_fastrtps_cpp/jackal_msgs/srv/detail/dds_fastrtps/set_domain_id__type_support.cpp.o[0m
[8.498s] [ 24%] [32m[1mLinking CXX shared library libjackal_msgs__rosidl_typesupport_fastrtps_cpp.so[0m
[8.587s] [ 24%] Built target jackal_msgs__rosidl_typesupport_fastrtps_cpp
[8.599s] [ 25%] [34m[1mGenerating C introspection for ROS interfaces[0m
[9.329s] [35m[1mScanning dependencies of target jackal_msgs__rosidl_typesupport_introspection_c[0m
[9.349s] [ 26%] [32mBuilding C object CMakeFiles/jackal_msgs__rosidl_typesupport_introspection_c.dir/rosidl_typesupport_introspection_c/jackal_msgs/msg/detail/drive__type_support.c.o[0m
[9.386s] [ 27%] [32mBuilding C object CMakeFiles/jackal_msgs__rosidl_typesupport_introspection_c.dir/rosidl_typesupport_introspection_c/jackal_msgs/msg/detail/drive_feedback__type_support.c.o[0m
[9.424s] [ 29%] [32mBuilding C object CMakeFiles/jackal_msgs__rosidl_typesupport_introspection_c.dir/rosidl_typesupport_introspection_c/jackal_msgs/msg/detail/feedback__type_support.c.o[0m
[9.464s] [ 30%] [32mBuilding C object CMakeFiles/jackal_msgs__rosidl_typesupport_introspection_c.dir/rosidl_typesupport_introspection_c/jackal_msgs/msg/detail/power__type_support.c.o[0m
[9.503s] [ 31%] [32mBuilding C object CMakeFiles/jackal_msgs__rosidl_typesupport_introspection_c.dir/rosidl_typesupport_introspection_c/jackal_msgs/msg/detail/status__type_support.c.o[0m
[9.542s] [ 32%] [32mBuilding C object CMakeFiles/jackal_msgs__rosidl_typesupport_introspection_c.dir/rosidl_typesupport_introspection_c/jackal_msgs/msg/detail/stop_status__type_support.c.o[0m
[9.580s] [ 34%] [32mBuilding C object CMakeFiles/jackal_msgs__rosidl_typesupport_introspection_c.dir/rosidl_typesupport_introspection_c/jackal_msgs/srv/detail/set_domain_id__type_support.c.o[0m
[9.621s] [ 35%] [32m[1mLinking C shared library libjackal_msgs__rosidl_typesupport_introspection_c.so[0m
[9.659s] [ 35%] Built target jackal_msgs__rosidl_typesupport_introspection_c
[9.672s] [ 36%] [34m[1mGenerating C type support for eProsima Fast-RTPS[0m
[10.425s] [35m[1mScanning dependencies of target jackal_msgs__rosidl_typesupport_fastrtps_c[0m
[10.453s] [ 37%] [32mBuilding CXX object CMakeFiles/jackal_msgs__rosidl_typesupport_fastrtps_c.dir/rosidl_typesupport_fastrtps_c/jackal_msgs/msg/detail/drive__type_support_c.cpp.o[0m
[10.772s] [ 39%] [32mBuilding CXX object CMakeFiles/jackal_msgs__rosidl_typesupport_fastrtps_c.dir/rosidl_typesupport_fastrtps_c/jackal_msgs/msg/detail/feedback__type_support_c.cpp.o[0m
[11.092s] [ 40%] [32mBuilding CXX object CMakeFiles/jackal_msgs__rosidl_typesupport_fastrtps_c.dir/rosidl_typesupport_fastrtps_c/jackal_msgs/msg/detail/power__type_support_c.cpp.o[0m
[11.411s] [ 41%] [32mBuilding CXX object CMakeFiles/jackal_msgs__rosidl_typesupport_fastrtps_c.dir/rosidl_typesupport_fastrtps_c/jackal_msgs/msg/detail/status__type_support_c.cpp.o[0m
[11.734s] [ 43%] [32mBuilding CXX object CMakeFiles/jackal_msgs__rosidl_typesupport_fastrtps_c.dir/rosidl_typesupport_fastrtps_c/jackal_msgs/msg/detail/stop_status__type_support_c.cpp.o[0m
[12.051s] [ 44%] [32mBuilding CXX object CMakeFiles/jackal_msgs__rosidl_typesupport_fastrtps_c.dir/rosidl_typesupport_fastrtps_c/jackal_msgs/srv/detail/set_domain_id__type_support_c.cpp.o[0m
[12.384s] [ 45%] [32mBuilding CXX object CMakeFiles/jackal_msgs__rosidl_typesupport_fastrtps_c.dir/rosidl_typesupport_fastrtps_c/jackal_msgs/msg/detail/drive_feedback__type_support_c.cpp.o[0m
[12.707s] [ 46%] [32m[1mLinking CXX shared library libjackal_msgs__rosidl_typesupport_fastrtps_c.so[0m
[12.796s] [ 46%] Built target jackal_msgs__rosidl_typesupport_fastrtps_c
[12.807s] [ 48%] [34m[1mGenerating C type support dispatch for ROS interfaces[0m
[13.407s] [35m[1mScanning dependencies of target jackal_msgs__rosidl_typesupport_c[0m
[13.423s] [ 49%] [32mBuilding CXX object CMakeFiles/jackal_msgs__rosidl_typesupport_c.dir/rosidl_typesupport_c/jackal_msgs/msg/drive__type_support.cpp.o[0m
[13.459s] [ 50%] [32mBuilding CXX object CMakeFiles/jackal_msgs__rosidl_typesupport_c.dir/rosidl_typesupport_c/jackal_msgs/msg/power__type_support.cpp.o[0m
[13.494s] [ 51%] [32mBuilding CXX object CMakeFiles/jackal_msgs__rosidl_typesupport_c.dir/rosidl_typesupport_c/jackal_msgs/msg/status__type_support.cpp.o[0m
[13.531s] [ 53%] [32mBuilding CXX object CMakeFiles/jackal_msgs__rosidl_typesupport_c.dir/rosidl_typesupport_c/jackal_msgs/msg/stop_status__type_support.cpp.o[0m
[13.567s] [ 54%] [32mBuilding CXX object CMakeFiles/jackal_msgs__rosidl_typesupport_c.dir/rosidl_typesupport_c/jackal_msgs/srv/set_domain_id__type_support.cpp.o[0m
[13.604s] [ 55%] [32mBuilding CXX object CMakeFiles/jackal_msgs__rosidl_typesupport_c.dir/rosidl_typesupport_c/jackal_msgs/msg/feedback__type_support.cpp.o[0m
[13.640s] [ 56%] [32mBuilding CXX object CMakeFiles/jackal_msgs__rosidl_typesupport_c.dir/rosidl_typesupport_c/jackal_msgs/msg/drive_feedback__type_support.cpp.o[0m
[13.675s] [ 58%] [32m[1mLinking CXX shared library libjackal_msgs__rosidl_typesupport_c.so[0m
[13.722s] [ 58%] Built target jackal_msgs__rosidl_typesupport_c
[13.734s] [ 59%] [34m[1mGenerating C++ type support dispatch for ROS interfaces[0m
[14.333s] [35m[1mScanning dependencies of target jackal_msgs__rosidl_typesupport_cpp[0m
[14.350s] [ 60%] [32mBuilding CXX object CMakeFiles/jackal_msgs__rosidl_typesupport_cpp.dir/rosidl_typesupport_cpp/jackal_msgs/msg/drive__type_support.cpp.o[0m
[14.609s] [ 62%] [32mBuilding CXX object CMakeFiles/jackal_msgs__rosidl_typesupport_cpp.dir/rosidl_typesupport_cpp/jackal_msgs/msg/status__type_support.cpp.o[0m
[14.871s] [ 63%] [32mBuilding CXX object CMakeFiles/jackal_msgs__rosidl_typesupport_cpp.dir/rosidl_typesupport_cpp/jackal_msgs/msg/stop_status__type_support.cpp.o[0m
[15.132s] [ 64%] [32mBuilding CXX object CMakeFiles/jackal_msgs__rosidl_typesupport_cpp.dir/rosidl_typesupport_cpp/jackal_msgs/srv/set_domain_id__type_support.cpp.o[0m
[15.390s] [ 65%] [32mBuilding CXX object CMakeFiles/jackal_msgs__rosidl_typesupport_cpp.dir/rosidl_typesupport_cpp/jackal_msgs/msg/power__type_support.cpp.o[0m
[15.646s] [ 67%] [32mBuilding CXX object CMakeFiles/jackal_msgs__rosidl_typesupport_cpp.dir/rosidl_typesupport_cpp/jackal_msgs/msg/feedback__type_support.cpp.o[0m
[15.905s] [ 68%] [32mBuilding CXX object CMakeFiles/jackal_msgs__rosidl_typesupport_cpp.dir/rosidl_typesupport_cpp/jackal_msgs/msg/drive_feedback__type_support.cpp.o[0m
[16.159s] [ 69%] [32m[1mLinking CXX shared library libjackal_msgs__rosidl_typesupport_cpp.so[0m
[16.207s] [ 69%] Built target jackal_msgs__rosidl_typesupport_cpp
[16.219s] [ 70%] [34m[1mGenerating C++ introspection for ROS interfaces[0m
[16.931s] [35m[1mScanning dependencies of target jackal_msgs__rosidl_typesupport_introspection_cpp[0m
[16.949s] [ 72%] [32mBuilding CXX object CMakeFiles/jackal_msgs__rosidl_typesupport_introspection_cpp.dir/rosidl_typesupport_introspection_cpp/jackal_msgs/msg/detail/drive__type_support.cpp.o[0m
[17.213s] [ 73%] [32mBuilding CXX object CMakeFiles/jackal_msgs__rosidl_typesupport_introspection_cpp.dir/rosidl_typesupport_introspection_cpp/jackal_msgs/msg/detail/stop_status__type_support.cpp.o[0m
[17.473s] [ 74%] [32mBuilding CXX object CMakeFiles/jackal_msgs__rosidl_typesupport_introspection_cpp.dir/rosidl_typesupport_introspection_cpp/jackal_msgs/srv/detail/set_domain_id__type_support.cpp.o[0m
[17.735s] [ 75%] [32mBuilding CXX object CMakeFiles/jackal_msgs__rosidl_typesupport_introspection_cpp.dir/rosidl_typesupport_introspection_cpp/jackal_msgs/msg/detail/status__type_support.cpp.o[0m
[17.999s] [ 77%] [32mBuilding CXX object CMakeFiles/jackal_msgs__rosidl_typesupport_introspection_cpp.dir/rosidl_typesupport_introspection_cpp/jackal_msgs/msg/detail/power__type_support.cpp.o[0m
[18.298s] [ 78%] [32mBuilding CXX object CMakeFiles/jackal_msgs__rosidl_typesupport_introspection_cpp.dir/rosidl_typesupport_introspection_cpp/jackal_msgs/msg/detail/feedback__type_support.cpp.o[0m
[18.571s] [ 79%] [32mBuilding CXX object CMakeFiles/jackal_msgs__rosidl_typesupport_introspection_cpp.dir/rosidl_typesupport_introspection_cpp/jackal_msgs/msg/detail/drive_feedback__type_support.cpp.o[0m
[18.826s] [ 81%] [32m[1mLinking CXX shared library libjackal_msgs__rosidl_typesupport_introspection_cpp.so[0m
[18.901s] [ 81%] Built target jackal_msgs__rosidl_typesupport_introspection_cpp
[18.913s] [35m[1mScanning dependencies of target jackal_msgs[0m
[18.925s] [ 81%] Built target jackal_msgs
[18.936s] [35m[1mScanning dependencies of target jackal_msgs__py[0m
[18.948s] [ 82%] [34m[1mGenerating Python code for ROS interfaces[0m
[20.440s] [ 82%] Built target jackal_msgs__py
[20.452s] [35m[1mScanning dependencies of target jackal_msgs__python[0m
[20.483s] [ 83%] [32mBuilding C object CMakeFiles/jackal_msgs__python.dir/rosidl_generator_py/jackal_msgs/msg/_drive_s.c.o[0m
[20.579s] [ 84%] [32mBuilding C object CMakeFiles/jackal_msgs__python.dir/rosidl_generator_py/jackal_msgs/msg/_stop_status_s.c.o[0m
[20.671s] [ 86%] [32mBuilding C object CMakeFiles/jackal_msgs__python.dir/rosidl_generator_py/jackal_msgs/srv/_set_domain_id_s.c.o[0m
[20.767s] [ 87%] [32mBuilding C object CMakeFiles/jackal_msgs__python.dir/rosidl_generator_py/jackal_msgs/msg/_status_s.c.o[0m
[20.864s] [ 88%] [32mBuilding C object CMakeFiles/jackal_msgs__python.dir/rosidl_generator_py/jackal_msgs/msg/_power_s.c.o[0m
[20.966s] [ 89%] [32mBuilding C object CMakeFiles/jackal_msgs__python.dir/rosidl_generator_py/jackal_msgs/msg/_feedback_s.c.o[0m
[21.062s] [ 91%] [32mBuilding C object CMakeFiles/jackal_msgs__python.dir/rosidl_generator_py/jackal_msgs/msg/_drive_feedback_s.c.o[0m
[21.154s] [ 92%] [32m[1mLinking C shared library rosidl_generator_py/jackal_msgs/libjackal_msgs__python.so[0m
[21.201s] [ 92%] Built target jackal_msgs__python
[21.213s] [35m[1mScanning dependencies of target jackal_msgs__rosidl_typesupport_introspection_c__pyext[0m
[21.235s] [ 93%] [32mBuilding C object CMakeFiles/jackal_msgs__rosidl_typesupport_introspection_c__pyext.dir/rosidl_generator_py/jackal_msgs/_jackal_msgs_s.ep.rosidl_typesupport_introspection_c.c.o[0m
[21.339s] [ 94%] [32m[1mLinking C shared library rosidl_generator_py/jackal_msgs/jackal_msgs_s__rosidl_typesupport_introspection_c.cpython-38-x86_64-linux-gnu.so[0m
[21.380s] [ 94%] Built target jackal_msgs__rosidl_typesupport_introspection_c__pyext
[21.392s] [35m[1mScanning dependencies of target jackal_msgs__rosidl_typesupport_c__pyext[0m
[21.413s] [ 96%] [32mBuilding C object CMakeFiles/jackal_msgs__rosidl_typesupport_c__pyext.dir/rosidl_generator_py/jackal_msgs/_jackal_msgs_s.ep.rosidl_typesupport_c.c.o[0m
[21.515s] [ 97%] [32m[1mLinking C shared library rosidl_generator_py/jackal_msgs/jackal_msgs_s__rosidl_typesupport_c.cpython-38-x86_64-linux-gnu.so[0m
[21.557s] [ 97%] Built target jackal_msgs__rosidl_typesupport_c__pyext
[21.569s] [35m[1mScanning dependencies of target jackal_msgs__rosidl_typesupport_fastrtps_c__pyext[0m
[21.592s] [ 98%] [32mBuilding C object CMakeFiles/jackal_msgs__rosidl_typesupport_fastrtps_c__pyext.dir/rosidl_generator_py/jackal_msgs/_jackal_msgs_s.ep.rosidl_typesupport_fastrtps_c.c.o[0m
[21.697s] [100%] [32m[1mLinking CXX shared library rosidl_generator_py/jackal_msgs/jackal_msgs_s__rosidl_typesupport_fastrtps_c.cpython-38-x86_64-linux-gnu.so[0m
[21.765s] [100%] Built target jackal_msgs__rosidl_typesupport_fastrtps_c__pyext
[21.780s] Invoked command in '/home/mani123/jackal_ws/build/jackal_msgs' returned '0': CMAKE_PREFIX_PATH=${CMAKE_PREFIX_PATH}:/home/mani123/jackal_ws/install/jackal_bbl:/opt/ros/foxy CONDA_PROMPT_MODIFIER=(ros2_env) /usr/bin/cmake --build /home/mani123/jackal_ws/build/jackal_msgs -- -j6 -l6
[21.784s] Invoking command in '/home/mani123/jackal_ws/build/jackal_msgs': CMAKE_PREFIX_PATH=${CMAKE_PREFIX_PATH}:/home/mani123/jackal_ws/install/jackal_bbl:/opt/ros/foxy CONDA_PROMPT_MODIFIER=(ros2_env) /usr/bin/cmake --install /home/mani123/jackal_ws/build/jackal_msgs
[21.794s] -- Install configuration: ""
[21.795s] -- Installing: /home/mani123/jackal_ws/install/jackal_msgs/share/ament_index/resource_index/rosidl_interfaces/jackal_msgs
[21.795s] -- Installing: /home/mani123/jackal_ws/install/jackal_msgs/include/jackal_msgs
[21.795s] -- Installing: /home/mani123/jackal_ws/install/jackal_msgs/include/jackal_msgs/srv
[21.795s] -- Installing: /home/mani123/jackal_ws/install/jackal_msgs/include/jackal_msgs/srv/detail
[21.795s] -- Installing: /home/mani123/jackal_ws/install/jackal_msgs/include/jackal_msgs/srv/detail/set_domain_id__struct.h
[21.796s] -- Installing: /home/mani123/jackal_ws/install/jackal_msgs/include/jackal_msgs/srv/detail/set_domain_id__functions.c
[21.796s] -- Installing: /home/mani123/jackal_ws/install/jackal_msgs/include/jackal_msgs/srv/detail/set_domain_id__type_support.h
[21.796s] -- Installing: /home/mani123/jackal_ws/install/jackal_msgs/include/jackal_msgs/srv/detail/set_domain_id__functions.h
[21.796s] -- Installing: /home/mani123/jackal_ws/install/jackal_msgs/include/jackal_msgs/srv/set_domain_id.h
[21.796s] -- Installing: /home/mani123/jackal_ws/install/jackal_msgs/include/jackal_msgs/msg
[21.796s] -- Installing: /home/mani123/jackal_ws/install/jackal_msgs/include/jackal_msgs/msg/feedback.h
[21.796s] -- Installing: /home/mani123/jackal_ws/install/jackal_msgs/include/jackal_msgs/msg/rosidl_generator_c__visibility_control.h
[21.796s] -- Installing: /home/mani123/jackal_ws/install/jackal_msgs/include/jackal_msgs/msg/drive_feedback.h
[21.796s] -- Installing: /home/mani123/jackal_ws/install/jackal_msgs/include/jackal_msgs/msg/detail
[21.796s] -- Installing: /home/mani123/jackal_ws/install/jackal_msgs/include/jackal_msgs/msg/detail/feedback__functions.c
[21.796s] -- Installing: /home/mani123/jackal_ws/install/jackal_msgs/include/jackal_msgs/msg/detail/power__functions.h
[21.797s] -- Installing: /home/mani123/jackal_ws/install/jackal_msgs/include/jackal_msgs/msg/detail/drive__functions.h
[21.797s] -- Installing: /home/mani123/jackal_ws/install/jackal_msgs/include/jackal_msgs/msg/detail/power__struct.h
[21.797s] -- Installing: /home/mani123/jackal_ws/install/jackal_msgs/include/jackal_msgs/msg/detail/status__struct.h
[21.797s] -- Installing: /home/mani123/jackal_ws/install/jackal_msgs/include/jackal_msgs/msg/detail/drive__functions.c
[21.797s] -- Installing: /home/mani123/jackal_ws/install/jackal_msgs/include/jackal_msgs/msg/detail/stop_status__struct.h
[21.797s] -- Installing: /home/mani123/jackal_ws/install/jackal_msgs/include/jackal_msgs/msg/detail/feedback__type_support.h
[21.797s] -- Installing: /home/mani123/jackal_ws/install/jackal_msgs/include/jackal_msgs/msg/detail/drive_feedback__functions.c
[21.798s] -- Installing: /home/mani123/jackal_ws/install/jackal_msgs/include/jackal_msgs/msg/detail/feedback__struct.h
[21.798s] -- Installing: /home/mani123/jackal_ws/install/jackal_msgs/include/jackal_msgs/msg/detail/power__type_support.h
[21.798s] -- Installing: /home/mani123/jackal_ws/install/jackal_msgs/include/jackal_msgs/msg/detail/stop_status__functions.h
[21.798s] -- Installing: /home/mani123/jackal_ws/install/jackal_msgs/include/jackal_msgs/msg/detail/drive_feedback__type_support.h
[21.798s] -- Installing: /home/mani123/jackal_ws/install/jackal_msgs/include/jackal_msgs/msg/detail/status__functions.h
[21.798s] -- Installing: /home/mani123/jackal_ws/install/jackal_msgs/include/jackal_msgs/msg/detail/drive_feedback__functions.h
[21.798s] -- Installing: /home/mani123/jackal_ws/install/jackal_msgs/include/jackal_msgs/msg/detail/drive_feedback__struct.h
[21.799s] -- Installing: /home/mani123/jackal_ws/install/jackal_msgs/include/jackal_msgs/msg/detail/stop_status__functions.c
[21.799s] -- Installing: /home/mani123/jackal_ws/install/jackal_msgs/include/jackal_msgs/msg/detail/feedback__functions.h
[21.799s] -- Installing: /home/mani123/jackal_ws/install/jackal_msgs/include/jackal_msgs/msg/detail/stop_status__type_support.h
[21.799s] -- Installing: /home/mani123/jackal_ws/install/jackal_msgs/include/jackal_msgs/msg/detail/drive__struct.h
[21.799s] -- Installing: /home/mani123/jackal_ws/install/jackal_msgs/include/jackal_msgs/msg/detail/power__functions.c
[21.799s] -- Installing: /home/mani123/jackal_ws/install/jackal_msgs/include/jackal_msgs/msg/detail/status__type_support.h
[21.799s] -- Installing: /home/mani123/jackal_ws/install/jackal_msgs/include/jackal_msgs/msg/detail/drive__type_support.h
[21.799s] -- Installing: /home/mani123/jackal_ws/install/jackal_msgs/include/jackal_msgs/msg/detail/status__functions.c
[21.799s] -- Installing: /home/mani123/jackal_ws/install/jackal_msgs/include/jackal_msgs/msg/power.h
[21.800s] -- Installing: /home/mani123/jackal_ws/install/jackal_msgs/include/jackal_msgs/msg/drive.h
[21.800s] -- Installing: /home/mani123/jackal_ws/install/jackal_msgs/include/jackal_msgs/msg/stop_status.h
[21.800s] -- Installing: /home/mani123/jackal_ws/install/jackal_msgs/include/jackal_msgs/msg/status.h
[21.800s] -- Installing: /home/mani123/jackal_ws/install/jackal_msgs/share/jackal_msgs/environment/library_path.sh
[21.800s] -- Installing: /home/mani123/jackal_ws/install/jackal_msgs/share/jackal_msgs/environment/library_path.dsv
[21.800s] -- Installing: /home/mani123/jackal_ws/install/jackal_msgs/lib/libjackal_msgs__rosidl_generator_c.so
[21.801s] -- Set runtime path of "/home/mani123/jackal_ws/install/jackal_msgs/lib/libjackal_msgs__rosidl_generator_c.so" to ""
[21.801s] -- Up-to-date: /home/mani123/jackal_ws/install/jackal_msgs/include/jackal_msgs
[21.801s] -- Up-to-date: /home/mani123/jackal_ws/install/jackal_msgs/include/jackal_msgs/srv
[21.801s] -- Up-to-date: /home/mani123/jackal_ws/install/jackal_msgs/include/jackal_msgs/srv/detail
[21.801s] -- Installing: /home/mani123/jackal_ws/install/jackal_msgs/include/jackal_msgs/srv/detail/set_domain_id__rosidl_typesupport_fastrtps_c.h
[21.802s] -- Up-to-date: /home/mani123/jackal_ws/install/jackal_msgs/include/jackal_msgs/msg
[21.802s] -- Installing: /home/mani123/jackal_ws/install/jackal_msgs/include/jackal_msgs/msg/rosidl_typesupport_fastrtps_c__visibility_control.h
[21.802s] -- Up-to-date: /home/mani123/jackal_ws/install/jackal_msgs/include/jackal_msgs/msg/detail
[21.802s] -- Installing: /home/mani123/jackal_ws/install/jackal_msgs/include/jackal_msgs/msg/detail/power__rosidl_typesupport_fastrtps_c.h
[21.802s] -- Installing: /home/mani123/jackal_ws/install/jackal_msgs/include/jackal_msgs/msg/detail/stop_status__rosidl_typesupport_fastrtps_c.h
[21.802s] -- Installing: /home/mani123/jackal_ws/install/jackal_msgs/include/jackal_msgs/msg/detail/feedback__rosidl_typesupport_fastrtps_c.h
[21.802s] -- Installing: /home/mani123/jackal_ws/install/jackal_msgs/include/jackal_msgs/msg/detail/status__rosidl_typesupport_fastrtps_c.h
[21.802s] -- Installing: /home/mani123/jackal_ws/install/jackal_msgs/include/jackal_msgs/msg/detail/drive__rosidl_typesupport_fastrtps_c.h
[21.802s] -- Installing: /home/mani123/jackal_ws/install/jackal_msgs/include/jackal_msgs/msg/detail/drive_feedback__rosidl_typesupport_fastrtps_c.h
[21.802s] -- Installing: /home/mani123/jackal_ws/install/jackal_msgs/lib/libjackal_msgs__rosidl_typesupport_fastrtps_c.so
[21.803s] -- Set runtime path of "/home/mani123/jackal_ws/install/jackal_msgs/lib/libjackal_msgs__rosidl_typesupport_fastrtps_c.so" to ""
[21.803s] -- Up-to-date: /home/mani123/jackal_ws/install/jackal_msgs/include/jackal_msgs
[21.803s] -- Up-to-date: /home/mani123/jackal_ws/install/jackal_msgs/include/jackal_msgs/srv
[21.803s] -- Up-to-date: /home/mani123/jackal_ws/install/jackal_msgs/include/jackal_msgs/srv/detail
[21.803s] -- Installing: /home/mani123/jackal_ws/install/jackal_msgs/include/jackal_msgs/srv/detail/set_domain_id__rosidl_typesupport_fastrtps_cpp.hpp
[21.804s] -- Installing: /home/mani123/jackal_ws/install/jackal_msgs/include/jackal_msgs/srv/detail/dds_fastrtps
[21.804s] -- Up-to-date: /home/mani123/jackal_ws/install/jackal_msgs/include/jackal_msgs/msg
[21.804s] -- Up-to-date: /home/mani123/jackal_ws/install/jackal_msgs/include/jackal_msgs/msg/detail
[21.804s] -- Installing: /home/mani123/jackal_ws/install/jackal_msgs/include/jackal_msgs/msg/detail/drive_feedback__rosidl_typesupport_fastrtps_cpp.hpp
[21.804s] -- Installing: /home/mani123/jackal_ws/install/jackal_msgs/include/jackal_msgs/msg/detail/stop_status__rosidl_typesupport_fastrtps_cpp.hpp
[21.804s] -- Installing: /home/mani123/jackal_ws/install/jackal_msgs/include/jackal_msgs/msg/detail/status__rosidl_typesupport_fastrtps_cpp.hpp
[21.804s] -- Installing: /home/mani123/jackal_ws/install/jackal_msgs/include/jackal_msgs/msg/detail/power__rosidl_typesupport_fastrtps_cpp.hpp
[21.804s] -- Installing: /home/mani123/jackal_ws/install/jackal_msgs/include/jackal_msgs/msg/detail/dds_fastrtps
[21.804s] -- Installing: /home/mani123/jackal_ws/install/jackal_msgs/include/jackal_msgs/msg/detail/drive__rosidl_typesupport_fastrtps_cpp.hpp
[21.804s] -- Installing: /home/mani123/jackal_ws/install/jackal_msgs/include/jackal_msgs/msg/detail/feedback__rosidl_typesupport_fastrtps_cpp.hpp
[21.804s] -- Installing: /home/mani123/jackal_ws/install/jackal_msgs/include/jackal_msgs/msg/rosidl_typesupport_fastrtps_cpp__visibility_control.h
[21.804s] -- Installing: /home/mani123/jackal_ws/install/jackal_msgs/lib/libjackal_msgs__rosidl_typesupport_fastrtps_cpp.so
[21.805s] -- Set runtime path of "/home/mani123/jackal_ws/install/jackal_msgs/lib/libjackal_msgs__rosidl_typesupport_fastrtps_cpp.so" to ""
[21.805s] -- Up-to-date: /home/mani123/jackal_ws/install/jackal_msgs/include/jackal_msgs
[21.805s] -- Up-to-date: /home/mani123/jackal_ws/install/jackal_msgs/include/jackal_msgs/srv
[21.805s] -- Up-to-date: /home/mani123/jackal_ws/install/jackal_msgs/include/jackal_msgs/srv/detail
[21.805s] -- Installing: /home/mani123/jackal_ws/install/jackal_msgs/include/jackal_msgs/srv/detail/set_domain_id__rosidl_typesupport_introspection_c.h
[21.806s] -- Installing: /home/mani123/jackal_ws/install/jackal_msgs/include/jackal_msgs/srv/detail/set_domain_id__type_support.c
[21.806s] -- Up-to-date: /home/mani123/jackal_ws/install/jackal_msgs/include/jackal_msgs/msg
[21.806s] -- Up-to-date: /home/mani123/jackal_ws/install/jackal_msgs/include/jackal_msgs/msg/detail
[21.806s] -- Installing: /home/mani123/jackal_ws/install/jackal_msgs/include/jackal_msgs/msg/detail/power__rosidl_typesupport_introspection_c.h
[21.806s] -- Installing: /home/mani123/jackal_ws/install/jackal_msgs/include/jackal_msgs/msg/detail/drive__type_support.c
[21.806s] -- Installing: /home/mani123/jackal_ws/install/jackal_msgs/include/jackal_msgs/msg/detail/status__rosidl_typesupport_introspection_c.h
[21.806s] -- Installing: /home/mani123/jackal_ws/install/jackal_msgs/include/jackal_msgs/msg/detail/stop_status__rosidl_typesupport_introspection_c.h
[21.806s] -- Installing: /home/mani123/jackal_ws/install/jackal_msgs/include/jackal_msgs/msg/detail/drive__rosidl_typesupport_introspection_c.h
[21.806s] -- Installing: /home/mani123/jackal_ws/install/jackal_msgs/include/jackal_msgs/msg/detail/feedback__type_support.c
[21.806s] -- Installing: /home/mani123/jackal_ws/install/jackal_msgs/include/jackal_msgs/msg/detail/status__type_support.c
[21.807s] -- Installing: /home/mani123/jackal_ws/install/jackal_msgs/include/jackal_msgs/msg/detail/stop_status__type_support.c
[21.807s] -- Installing: /home/mani123/jackal_ws/install/jackal_msgs/include/jackal_msgs/msg/detail/feedback__rosidl_typesupport_introspection_c.h
[21.807s] -- Installing: /home/mani123/jackal_ws/install/jackal_msgs/include/jackal_msgs/msg/detail/drive_feedback__type_support.c
[21.807s] -- Installing: /home/mani123/jackal_ws/install/jackal_msgs/include/jackal_msgs/msg/detail/power__type_support.c
[21.807s] -- Installing: /home/mani123/jackal_ws/install/jackal_msgs/include/jackal_msgs/msg/detail/drive_feedback__rosidl_typesupport_introspection_c.h
[21.807s] -- Installing: /home/mani123/jackal_ws/install/jackal_msgs/include/jackal_msgs/msg/rosidl_typesupport_introspection_c__visibility_control.h
[21.807s] -- Installing: /home/mani123/jackal_ws/install/jackal_msgs/lib/libjackal_msgs__rosidl_typesupport_introspection_c.so
[21.808s] -- Set runtime path of "/home/mani123/jackal_ws/install/jackal_msgs/lib/libjackal_msgs__rosidl_typesupport_introspection_c.so" to ""
[21.808s] -- Installing: /home/mani123/jackal_ws/install/jackal_msgs/lib/libjackal_msgs__rosidl_typesupport_c.so
[21.808s] -- Set runtime path of "/home/mani123/jackal_ws/install/jackal_msgs/lib/libjackal_msgs__rosidl_typesupport_c.so" to ""
[21.808s] -- Up-to-date: /home/mani123/jackal_ws/install/jackal_msgs/include/jackal_msgs
[21.808s] -- Up-to-date: /home/mani123/jackal_ws/install/jackal_msgs/include/jackal_msgs/srv
[21.809s] -- Installing: /home/mani123/jackal_ws/install/jackal_msgs/include/jackal_msgs/srv/set_domain_id.hpp
[21.809s] -- Up-to-date: /home/mani123/jackal_ws/install/jackal_msgs/include/jackal_msgs/srv/detail
[21.809s] -- Installing: /home/mani123/jackal_ws/install/jackal_msgs/include/jackal_msgs/srv/detail/set_domain_id__struct.hpp
[21.809s] -- Installing: /home/mani123/jackal_ws/install/jackal_msgs/include/jackal_msgs/srv/detail/set_domain_id__type_support.hpp
[21.809s] -- Installing: /home/mani123/jackal_ws/install/jackal_msgs/include/jackal_msgs/srv/detail/set_domain_id__traits.hpp
[21.809s] -- Installing: /home/mani123/jackal_ws/install/jackal_msgs/include/jackal_msgs/srv/detail/set_domain_id__builder.hpp
[21.809s] -- Up-to-date: /home/mani123/jackal_ws/install/jackal_msgs/include/jackal_msgs/msg
[21.809s] -- Installing: /home/mani123/jackal_ws/install/jackal_msgs/include/jackal_msgs/msg/feedback.hpp
[21.809s] -- Up-to-date: /home/mani123/jackal_ws/install/jackal_msgs/include/jackal_msgs/msg/detail
[21.810s] -- Installing: /home/mani123/jackal_ws/install/jackal_msgs/include/jackal_msgs/msg/detail/drive_feedback__traits.hpp
[21.810s] -- Installing: /home/mani123/jackal_ws/install/jackal_msgs/include/jackal_msgs/msg/detail/feedback__traits.hpp
[21.810s] -- Installing: /home/mani123/jackal_ws/install/jackal_msgs/include/jackal_msgs/msg/detail/feedback__type_support.hpp
[21.810s] -- Installing: /home/mani123/jackal_ws/install/jackal_msgs/include/jackal_msgs/msg/detail/drive__builder.hpp
[21.810s] -- Installing: /home/mani123/jackal_ws/install/jackal_msgs/include/jackal_msgs/msg/detail/drive__traits.hpp
[21.810s] -- Installing: /home/mani123/jackal_ws/install/jackal_msgs/include/jackal_msgs/msg/detail/status__builder.hpp
[21.810s] -- Installing: /home/mani123/jackal_ws/install/jackal_msgs/include/jackal_msgs/msg/detail/stop_status__struct.hpp
[21.810s] -- Installing: /home/mani123/jackal_ws/install/jackal_msgs/include/jackal_msgs/msg/detail/status__struct.hpp
[21.811s] -- Installing: /home/mani123/jackal_ws/install/jackal_msgs/include/jackal_msgs/msg/detail/drive_feedback__type_support.hpp
[21.811s] -- Installing: /home/mani123/jackal_ws/install/jackal_msgs/include/jackal_msgs/msg/detail/feedback__builder.hpp
[21.811s] -- Installing: /home/mani123/jackal_ws/install/jackal_msgs/include/jackal_msgs/msg/detail/power__builder.hpp
[21.811s] -- Installing: /home/mani123/jackal_ws/install/jackal_msgs/include/jackal_msgs/msg/detail/stop_status__traits.hpp
[21.811s] -- Installing: /home/mani123/jackal_ws/install/jackal_msgs/include/jackal_msgs/msg/detail/stop_status__builder.hpp
[21.811s] -- Installing: /home/mani123/jackal_ws/install/jackal_msgs/include/jackal_msgs/msg/detail/power__struct.hpp
[21.811s] -- Installing: /home/mani123/jackal_ws/install/jackal_msgs/include/jackal_msgs/msg/detail/status__traits.hpp
[21.812s] -- Installing: /home/mani123/jackal_ws/install/jackal_msgs/include/jackal_msgs/msg/detail/drive__type_support.hpp
[21.812s] -- Installing: /home/mani123/jackal_ws/install/jackal_msgs/include/jackal_msgs/msg/detail/drive_feedback__builder.hpp
[21.812s] -- Installing: /home/mani123/jackal_ws/install/jackal_msgs/include/jackal_msgs/msg/detail/feedback__struct.hpp
[21.812s] -- Installing: /home/mani123/jackal_ws/install/jackal_msgs/include/jackal_msgs/msg/detail/stop_status__type_support.hpp
[21.812s] -- Installing: /home/mani123/jackal_ws/install/jackal_msgs/include/jackal_msgs/msg/detail/drive__struct.hpp
[21.812s] -- Installing: /home/mani123/jackal_ws/install/jackal_msgs/include/jackal_msgs/msg/detail/power__type_support.hpp
[21.812s] -- Installing: /home/mani123/jackal_ws/install/jackal_msgs/include/jackal_msgs/msg/detail/drive_feedback__struct.hpp
[21.812s] -- Installing: /home/mani123/jackal_ws/install/jackal_msgs/include/jackal_msgs/msg/detail/power__traits.hpp
[21.813s] -- Installing: /home/mani123/jackal_ws/install/jackal_msgs/include/jackal_msgs/msg/detail/status__type_support.hpp
[21.813s] -- Installing: /home/mani123/jackal_ws/install/jackal_msgs/include/jackal_msgs/msg/stop_status.hpp
[21.813s] -- Installing: /home/mani123/jackal_ws/install/jackal_msgs/include/jackal_msgs/msg/drive_feedback.hpp
[21.813s] -- Installing: /home/mani123/jackal_ws/install/jackal_msgs/include/jackal_msgs/msg/status.hpp
[21.813s] -- Installing: /home/mani123/jackal_ws/install/jackal_msgs/include/jackal_msgs/msg/drive.hpp
[21.813s] -- Installing: /home/mani123/jackal_ws/install/jackal_msgs/include/jackal_msgs/msg/rosidl_generator_cpp__visibility_control.hpp
[21.813s] -- Installing: /home/mani123/jackal_ws/install/jackal_msgs/include/jackal_msgs/msg/power.hpp
[21.814s] -- Up-to-date: /home/mani123/jackal_ws/install/jackal_msgs/include/jackal_msgs
[21.814s] -- Up-to-date: /home/mani123/jackal_ws/install/jackal_msgs/include/jackal_msgs/srv
[21.814s] -- Up-to-date: /home/mani123/jackal_ws/install/jackal_msgs/include/jackal_msgs/srv/detail
[21.814s] -- Installing: /home/mani123/jackal_ws/install/jackal_msgs/include/jackal_msgs/srv/detail/set_domain_id__rosidl_typesupport_introspection_cpp.hpp
[21.814s] -- Installing: /home/mani123/jackal_ws/install/jackal_msgs/include/jackal_msgs/srv/detail/set_domain_id__type_support.cpp
[21.814s] -- Up-to-date: /home/mani123/jackal_ws/install/jackal_msgs/include/jackal_msgs/msg
[21.814s] -- Up-to-date: /home/mani123/jackal_ws/install/jackal_msgs/include/jackal_msgs/msg/detail
[21.814s] -- Installing: /home/mani123/jackal_ws/install/jackal_msgs/include/jackal_msgs/msg/detail/stop_status__rosidl_typesupport_introspection_cpp.hpp
[21.814s] -- Installing: /home/mani123/jackal_ws/install/jackal_msgs/include/jackal_msgs/msg/detail/drive__type_support.cpp
[21.814s] -- Installing: /home/mani123/jackal_ws/install/jackal_msgs/include/jackal_msgs/msg/detail/drive__rosidl_typesupport_introspection_cpp.hpp
[21.815s] -- Installing: /home/mani123/jackal_ws/install/jackal_msgs/include/jackal_msgs/msg/detail/status__rosidl_typesupport_introspection_cpp.hpp
[21.815s] -- Installing: /home/mani123/jackal_ws/install/jackal_msgs/include/jackal_msgs/msg/detail/stop_status__type_support.cpp
[21.815s] -- Installing: /home/mani123/jackal_ws/install/jackal_msgs/include/jackal_msgs/msg/detail/power__rosidl_typesupport_introspection_cpp.hpp
[21.815s] -- Installing: /home/mani123/jackal_ws/install/jackal_msgs/include/jackal_msgs/msg/detail/feedback__type_support.cpp
[21.815s] -- Installing: /home/mani123/jackal_ws/install/jackal_msgs/include/jackal_msgs/msg/detail/feedback__rosidl_typesupport_introspection_cpp.hpp
[21.815s] -- Installing: /home/mani123/jackal_ws/install/jackal_msgs/include/jackal_msgs/msg/detail/power__type_support.cpp
[21.815s] -- Installing: /home/mani123/jackal_ws/install/jackal_msgs/include/jackal_msgs/msg/detail/drive_feedback__rosidl_typesupport_introspection_cpp.hpp
[21.816s] -- Installing: /home/mani123/jackal_ws/install/jackal_msgs/include/jackal_msgs/msg/detail/status__type_support.cpp
[21.816s] -- Installing: /home/mani123/jackal_ws/install/jackal_msgs/include/jackal_msgs/msg/detail/drive_feedback__type_support.cpp
[21.816s] -- Installing: /home/mani123/jackal_ws/install/jackal_msgs/lib/libjackal_msgs__rosidl_typesupport_introspection_cpp.so
[21.816s] -- Set runtime path of "/home/mani123/jackal_ws/install/jackal_msgs/lib/libjackal_msgs__rosidl_typesupport_introspection_cpp.so" to ""
[21.817s] -- Installing: /home/mani123/jackal_ws/install/jackal_msgs/lib/libjackal_msgs__rosidl_typesupport_cpp.so
[21.817s] -- Set runtime path of "/home/mani123/jackal_ws/install/jackal_msgs/lib/libjackal_msgs__rosidl_typesupport_cpp.so" to ""
[21.817s] -- Installing: /home/mani123/jackal_ws/install/jackal_msgs/share/jackal_msgs/environment/pythonpath.sh
[21.817s] -- Installing: /home/mani123/jackal_ws/install/jackal_msgs/share/jackal_msgs/environment/pythonpath.dsv
[21.817s] -- Installing: /home/mani123/jackal_ws/install/jackal_msgs/lib/python3.8/site-packages/jackal_msgs/__init__.py
[21.847s] Compiling '/home/mani123/jackal_ws/install/jackal_msgs/lib/python3.8/site-packages/jackal_msgs/__init__.py'...
[21.850s] -- Installing: /home/mani123/jackal_ws/install/jackal_msgs/lib/python3.8/site-packages/jackal_msgs/msg
[21.850s] -- Installing: /home/mani123/jackal_ws/install/jackal_msgs/lib/python3.8/site-packages/jackal_msgs/msg/_feedback_s.c
[21.850s] -- Installing: /home/mani123/jackal_ws/install/jackal_msgs/lib/python3.8/site-packages/jackal_msgs/msg/__init__.py
[21.850s] -- Installing: /home/mani123/jackal_ws/install/jackal_msgs/lib/python3.8/site-packages/jackal_msgs/msg/_power_s.c
[21.850s] -- Installing: /home/mani123/jackal_ws/install/jackal_msgs/lib/python3.8/site-packages/jackal_msgs/msg/_status.py
[21.851s] -- Installing: /home/mani123/jackal_ws/install/jackal_msgs/lib/python3.8/site-packages/jackal_msgs/msg/_stop_status_s.c
[21.851s] -- Installing: /home/mani123/jackal_ws/install/jackal_msgs/lib/python3.8/site-packages/jackal_msgs/msg/_drive_feedback.py
[21.851s] -- Installing: /home/mani123/jackal_ws/install/jackal_msgs/lib/python3.8/site-packages/jackal_msgs/msg/_power.py
[21.851s] -- Installing: /home/mani123/jackal_ws/install/jackal_msgs/lib/python3.8/site-packages/jackal_msgs/msg/_drive_feedback_s.c
[21.851s] -- Installing: /home/mani123/jackal_ws/install/jackal_msgs/lib/python3.8/site-packages/jackal_msgs/msg/_stop_status.py
[21.851s] -- Installing: /home/mani123/jackal_ws/install/jackal_msgs/lib/python3.8/site-packages/jackal_msgs/msg/_feedback.py
[21.851s] -- Installing: /home/mani123/jackal_ws/install/jackal_msgs/lib/python3.8/site-packages/jackal_msgs/msg/_drive.py
[21.852s] -- Installing: /home/mani123/jackal_ws/install/jackal_msgs/lib/python3.8/site-packages/jackal_msgs/msg/_status_s.c
[21.852s] -- Installing: /home/mani123/jackal_ws/install/jackal_msgs/lib/python3.8/site-packages/jackal_msgs/msg/_drive_s.c
[21.852s] -- Installing: /home/mani123/jackal_ws/install/jackal_msgs/lib/python3.8/site-packages/jackal_msgs/srv
[21.852s] -- Installing: /home/mani123/jackal_ws/install/jackal_msgs/lib/python3.8/site-packages/jackal_msgs/srv/__init__.py
[21.852s] -- Installing: /home/mani123/jackal_ws/install/jackal_msgs/lib/python3.8/site-packages/jackal_msgs/srv/_set_domain_id.py
[21.852s] -- Installing: /home/mani123/jackal_ws/install/jackal_msgs/lib/python3.8/site-packages/jackal_msgs/srv/_set_domain_id_s.c
[21.853s] -- Installing: /home/mani123/jackal_ws/install/jackal_msgs/lib/python3.8/site-packages/jackal_msgs/jackal_msgs_s__rosidl_typesupport_fastrtps_c.cpython-38-x86_64-linux-gnu.so
[21.853s] -- Set runtime path of "/home/mani123/jackal_ws/install/jackal_msgs/lib/python3.8/site-packages/jackal_msgs/jackal_msgs_s__rosidl_typesupport_fastrtps_c.cpython-38-x86_64-linux-gnu.so" to ""
[21.853s] -- Installing: /home/mani123/jackal_ws/install/jackal_msgs/lib/python3.8/site-packages/jackal_msgs/jackal_msgs_s__rosidl_typesupport_introspection_c.cpython-38-x86_64-linux-gnu.so
[21.854s] -- Set runtime path of "/home/mani123/jackal_ws/install/jackal_msgs/lib/python3.8/site-packages/jackal_msgs/jackal_msgs_s__rosidl_typesupport_introspection_c.cpython-38-x86_64-linux-gnu.so" to ""
[21.854s] -- Installing: /home/mani123/jackal_ws/install/jackal_msgs/lib/python3.8/site-packages/jackal_msgs/jackal_msgs_s__rosidl_typesupport_c.cpython-38-x86_64-linux-gnu.so
[21.855s] -- Set runtime path of "/home/mani123/jackal_ws/install/jackal_msgs/lib/python3.8/site-packages/jackal_msgs/jackal_msgs_s__rosidl_typesupport_c.cpython-38-x86_64-linux-gnu.so" to ""
[21.855s] -- Installing: /home/mani123/jackal_ws/install/jackal_msgs/lib/libjackal_msgs__python.so
[21.855s] -- Set runtime path of "/home/mani123/jackal_ws/install/jackal_msgs/lib/libjackal_msgs__python.so" to ""
[21.855s] -- Installing: /home/mani123/jackal_ws/install/jackal_msgs/share/jackal_msgs/msg/Drive.idl
[21.856s] -- Installing: /home/mani123/jackal_ws/install/jackal_msgs/share/jackal_msgs/msg/DriveFeedback.idl
[21.856s] -- Installing: /home/mani123/jackal_ws/install/jackal_msgs/share/jackal_msgs/msg/Feedback.idl
[21.856s] -- Installing: /home/mani123/jackal_ws/install/jackal_msgs/share/jackal_msgs/msg/Power.idl
[21.856s] -- Installing: /home/mani123/jackal_ws/install/jackal_msgs/share/jackal_msgs/msg/Status.idl
[21.856s] -- Installing: /home/mani123/jackal_ws/install/jackal_msgs/share/jackal_msgs/msg/StopStatus.idl
[21.857s] -- Installing: /home/mani123/jackal_ws/install/jackal_msgs/share/jackal_msgs/srv/SetDomainId.idl
[21.857s] -- Installing: /home/mani123/jackal_ws/install/jackal_msgs/share/jackal_msgs/msg/Drive.msg
[21.857s] -- Installing: /home/mani123/jackal_ws/install/jackal_msgs/share/jackal_msgs/msg/DriveFeedback.msg
[21.857s] -- Installing: /home/mani123/jackal_ws/install/jackal_msgs/share/jackal_msgs/msg/Feedback.msg
[21.857s] -- Installing: /home/mani123/jackal_ws/install/jackal_msgs/share/jackal_msgs/msg/Power.msg
[21.857s] -- Installing: /home/mani123/jackal_ws/install/jackal_msgs/share/jackal_msgs/msg/Status.msg
[21.858s] -- Installing: /home/mani123/jackal_ws/install/jackal_msgs/share/jackal_msgs/msg/StopStatus.msg
[21.858s] -- Installing: /home/mani123/jackal_ws/install/jackal_msgs/share/jackal_msgs/srv/SetDomainId.srv
[21.858s] -- Installing: /home/mani123/jackal_ws/install/jackal_msgs/share/jackal_msgs/srv/SetDomainId_Request.msg
[21.858s] -- Installing: /home/mani123/jackal_ws/install/jackal_msgs/share/jackal_msgs/srv/SetDomainId_Response.msg
[21.858s] -- Installing: /home/mani123/jackal_ws/install/jackal_msgs/share/ament_index/resource_index/package_run_dependencies/jackal_msgs
[21.859s] -- Installing: /home/mani123/jackal_ws/install/jackal_msgs/share/ament_index/resource_index/parent_prefix_path/jackal_msgs
[21.859s] -- Installing: /home/mani123/jackal_ws/install/jackal_msgs/share/jackal_msgs/environment/ament_prefix_path.sh
[21.859s] -- Installing: /home/mani123/jackal_ws/install/jackal_msgs/share/jackal_msgs/environment/ament_prefix_path.dsv
[21.859s] -- Installing: /home/mani123/jackal_ws/install/jackal_msgs/share/jackal_msgs/environment/path.sh
[21.859s] -- Installing: /home/mani123/jackal_ws/install/jackal_msgs/share/jackal_msgs/environment/path.dsv
[21.860s] -- Installing: /home/mani123/jackal_ws/install/jackal_msgs/share/jackal_msgs/local_setup.bash
[21.860s] -- Installing: /home/mani123/jackal_ws/install/jackal_msgs/share/jackal_msgs/local_setup.sh
[21.860s] -- Installing: /home/mani123/jackal_ws/install/jackal_msgs/share/jackal_msgs/local_setup.zsh
[21.860s] -- Installing: /home/mani123/jackal_ws/install/jackal_msgs/share/jackal_msgs/local_setup.dsv
[21.860s] -- Installing: /home/mani123/jackal_ws/install/jackal_msgs/share/jackal_msgs/package.dsv
[21.860s] -- Installing: /home/mani123/jackal_ws/install/jackal_msgs/share/ament_index/resource_index/packages/jackal_msgs
[21.861s] -- Installing: /home/mani123/jackal_ws/install/jackal_msgs/share/jackal_msgs/cmake/jackal_msgs__rosidl_generator_cExport.cmake
[21.861s] -- Installing: /home/mani123/jackal_ws/install/jackal_msgs/share/jackal_msgs/cmake/jackal_msgs__rosidl_generator_cExport-noconfig.cmake
[21.861s] -- Installing: /home/mani123/jackal_ws/install/jackal_msgs/share/jackal_msgs/cmake/jackal_msgs__rosidl_typesupport_introspection_cExport.cmake
[21.861s] -- Installing: /home/mani123/jackal_ws/install/jackal_msgs/share/jackal_msgs/cmake/jackal_msgs__rosidl_typesupport_introspection_cExport-noconfig.cmake
[21.862s] -- Installing: /home/mani123/jackal_ws/install/jackal_msgs/share/jackal_msgs/cmake/jackal_msgs__rosidl_typesupport_cExport.cmake
[21.862s] -- Installing: /home/mani123/jackal_ws/install/jackal_msgs/share/jackal_msgs/cmake/jackal_msgs__rosidl_typesupport_cExport-noconfig.cmake
[21.862s] -- Installing: /home/mani123/jackal_ws/install/jackal_msgs/share/jackal_msgs/cmake/jackal_msgs__rosidl_generator_cppExport.cmake
[21.862s] -- Installing: /home/mani123/jackal_ws/install/jackal_msgs/share/jackal_msgs/cmake/jackal_msgs__rosidl_typesupport_introspection_cppExport.cmake
[21.862s] -- Installing: /home/mani123/jackal_ws/install/jackal_msgs/share/jackal_msgs/cmake/jackal_msgs__rosidl_typesupport_introspection_cppExport-noconfig.cmake
[21.863s] -- Installing: /home/mani123/jackal_ws/install/jackal_msgs/share/jackal_msgs/cmake/jackal_msgs__rosidl_typesupport_cppExport.cmake
[21.863s] -- Installing: /home/mani123/jackal_ws/install/jackal_msgs/share/jackal_msgs/cmake/jackal_msgs__rosidl_typesupport_cppExport-noconfig.cmake
[21.863s] -- Installing: /home/mani123/jackal_ws/install/jackal_msgs/share/jackal_msgs/cmake/rosidl_cmake-extras.cmake
[21.863s] -- Installing: /home/mani123/jackal_ws/install/jackal_msgs/share/jackal_msgs/cmake/ament_cmake_export_dependencies-extras.cmake
[21.863s] -- Installing: /home/mani123/jackal_ws/install/jackal_msgs/share/jackal_msgs/cmake/ament_cmake_export_libraries-extras.cmake
[21.863s] -- Installing: /home/mani123/jackal_ws/install/jackal_msgs/share/jackal_msgs/cmake/ament_cmake_export_targets-extras.cmake
[21.864s] -- Installing: /home/mani123/jackal_ws/install/jackal_msgs/share/jackal_msgs/cmake/ament_cmake_export_include_directories-extras.cmake
[21.864s] -- Installing: /home/mani123/jackal_ws/install/jackal_msgs/share/jackal_msgs/cmake/rosidl_cmake_export_typesupport_libraries-extras.cmake
[21.864s] -- Installing: /home/mani123/jackal_ws/install/jackal_msgs/share/jackal_msgs/cmake/rosidl_cmake_export_typesupport_targets-extras.cmake
[21.864s] -- Installing: /home/mani123/jackal_ws/install/jackal_msgs/share/jackal_msgs/cmake/jackal_msgsConfig.cmake
[21.864s] -- Installing: /home/mani123/jackal_ws/install/jackal_msgs/share/jackal_msgs/cmake/jackal_msgsConfig-version.cmake
[21.864s] -- Installing: /home/mani123/jackal_ws/install/jackal_msgs/share/jackal_msgs/package.xml
[21.868s] Invoked command in '/home/mani123/jackal_ws/build/jackal_msgs' returned '0': CMAKE_PREFIX_PATH=${CMAKE_PREFIX_PATH}:/home/mani123/jackal_ws/install/jackal_bbl:/opt/ros/foxy CONDA_PROMPT_MODIFIER=(ros2_env) /usr/bin/cmake --install /home/mani123/jackal_ws/build/jackal_msgs
