[0.736s] Invoking command in '/home/mani123/jackal_ws/src/jackal_bbl': CMAKE_PREFIX_PATH=/home/mani123/jackal_ws/install/jackal_viz:/home/mani123/jackal_ws/install/jackal_description:/home/mani123/jackal_ws/install/jackal_desktop:/home/mani123/jackal_ws/install/jackal_simulator:/home/mani123/jackal_ws/install/jackal_navigation:/home/mani123/jackal_ws/install/jackal_msgs:/home/mani123/jackal_ws/install/jackal_gazebo:/home/mani123/jackal_ws/install/jackal_control CONDA_PROMPT_MODIFIER=(ros2_env) PYTHONPATH=/home/mani123/jackal_ws/build/jackal_bbl/prefix_override:/home/mani123/anaconda3/envs/ros2_env/lib/python3.8/site-packages/colcon_core/task/python/colcon_distutils_commands:/home/mani123/jackal_ws/install/jackal_bbl/lib/python3.8/site-packages:${PYTHONPATH} /home/mani123/anaconda3/envs/ros2_env/bin/python -W ignore:setup.py install is deprecated -W ignore:easy_install command is deprecated setup.py egg_info --egg-base ../../build/jackal_bbl build --build-base /home/mani123/jackal_ws/build/jackal_bbl/build install --record /home/mani123/jackal_ws/build/jackal_bbl/install.log --install-scripts $base/lib/jackal_bbl --single-version-externally-managed install_data
[0.893s] /home/mani123/anaconda3/envs/ros2_env/lib/python3.8/site-packages/setuptools/dist.py:495: SetuptoolsDeprecationWarning: Invalid dash-separated options
[0.893s] !!
[0.893s] 
[0.893s]         ********************************************************************************
[0.893s]         Usage of dash-separated 'script-dir' will not be supported in future
[0.893s]         versions. Please use the underscore name 'script_dir' instead.
[0.894s] 
[0.894s]         By 2025-Mar-03, you need to update your project and remove deprecated calls
[0.894s]         or your builds will no longer be supported.
[0.894s] 
[0.894s]         See https://setuptools.pypa.io/en/latest/userguide/declarative_config.html for details.
[0.894s]         ********************************************************************************
[0.894s] 
[0.894s] !!
[0.894s]   opt = self.warn_dash_deprecation(opt, section)
[0.903s] /home/mani123/anaconda3/envs/ros2_env/lib/python3.8/site-packages/setuptools/_distutils/dist.py:261: UserWarning: Unknown distribution option: 'tests_require'
[0.903s]   warnings.warn(msg)
[0.970s] running egg_info
[0.980s] writing ../../build/jackal_bbl/jackal_bbl.egg-info/PKG-INFO
[0.980s] writing dependency_links to ../../build/jackal_bbl/jackal_bbl.egg-info/dependency_links.txt
[0.980s] writing entry points to ../../build/jackal_bbl/jackal_bbl.egg-info/entry_points.txt
[0.980s] writing requirements to ../../build/jackal_bbl/jackal_bbl.egg-info/requires.txt
[0.981s] writing top-level names to ../../build/jackal_bbl/jackal_bbl.egg-info/top_level.txt
[1.005s] reading manifest file '../../build/jackal_bbl/jackal_bbl.egg-info/SOURCES.txt'
[1.007s] writing manifest file '../../build/jackal_bbl/jackal_bbl.egg-info/SOURCES.txt'
[1.007s] running build
[1.008s] running build_py
[1.008s] copying jackal_bbl/__init__.py -> /home/mani123/jackal_ws/build/jackal_bbl/build/lib/jackal_bbl
[1.008s] copying jackal_bbl/jackal_viz.launch.py -> /home/mani123/jackal_ws/build/jackal_bbl/build/lib/jackal_bbl
[1.008s] copying jackal_bbl/start_node.py -> /home/mani123/jackal_ws/build/jackal_bbl/build/lib/jackal_bbl
[1.008s] copying jackal_bbl/follower_node.py -> /home/mani123/jackal_ws/build/jackal_bbl/build/lib/jackal_bbl
[1.008s] copying jackal_bbl/bezier_subscriber.py -> /home/mani123/jackal_ws/build/jackal_bbl/build/lib/jackal_bbl
[1.009s] copying jackal_bbl/path_visualizer.py -> /home/mani123/jackal_ws/build/jackal_bbl/build/lib/jackal_bbl
[1.009s] running install
[1.014s] running install_lib
[1.024s] copying /home/mani123/jackal_ws/build/jackal_bbl/build/lib/jackal_bbl/follower_node.py -> /home/mani123/jackal_ws/install/jackal_bbl/lib/python3.8/site-packages/jackal_bbl
[1.024s] byte-compiling /home/mani123/jackal_ws/install/jackal_bbl/lib/python3.8/site-packages/jackal_bbl/follower_node.py to follower_node.cpython-38.pyc
[1.026s] running install_data
[1.026s] copying resource/jackal_bbl -> /home/mani123/jackal_ws/install/jackal_bbl/share/ament_index/resource_index/packages
[1.027s] copying package.xml -> /home/mani123/jackal_ws/install/jackal_bbl/share/jackal_bbl
[1.027s] copying launch/jackal_viz.launch.py -> /home/mani123/jackal_ws/install/jackal_bbl/share/jackal_bbl/launch
[1.027s] copying urdf/jackal.urdf.xacro -> /home/mani123/jackal_ws/install/jackal_bbl/share/jackal_bbl/urdf
[1.028s] copying config/jackal_config.rviz -> /home/mani123/jackal_ws/install/jackal_bbl/share/jackal_bbl/config
[1.028s] running install_egg_info
[1.038s] removing '/home/mani123/jackal_ws/install/jackal_bbl/lib/python3.8/site-packages/jackal_bbl-0.0.0-py3.8.egg-info' (and everything under it)
[1.038s] Copying ../../build/jackal_bbl/jackal_bbl.egg-info to /home/mani123/jackal_ws/install/jackal_bbl/lib/python3.8/site-packages/jackal_bbl-0.0.0-py3.8.egg-info
[1.039s] running install_scripts
[1.114s] Installing bezier_subscriber script to /home/mani123/jackal_ws/install/jackal_bbl/lib/jackal_bbl
[1.114s] Installing follow script to /home/mani123/jackal_ws/install/jackal_bbl/lib/jackal_bbl
[1.114s] Installing path_visualizer script to /home/mani123/jackal_ws/install/jackal_bbl/lib/jackal_bbl
[1.114s] Installing start script to /home/mani123/jackal_ws/install/jackal_bbl/lib/jackal_bbl
[1.115s] writing list of installed files to '/home/mani123/jackal_ws/build/jackal_bbl/install.log'
[1.151s] Invoked command in '/home/mani123/jackal_ws/src/jackal_bbl' returned '0': CMAKE_PREFIX_PATH=/home/mani123/jackal_ws/install/jackal_viz:/home/mani123/jackal_ws/install/jackal_description:/home/mani123/jackal_ws/install/jackal_desktop:/home/mani123/jackal_ws/install/jackal_simulator:/home/mani123/jackal_ws/install/jackal_navigation:/home/mani123/jackal_ws/install/jackal_msgs:/home/mani123/jackal_ws/install/jackal_gazebo:/home/mani123/jackal_ws/install/jackal_control CONDA_PROMPT_MODIFIER=(ros2_env) PYTHONPATH=/home/mani123/jackal_ws/build/jackal_bbl/prefix_override:/home/mani123/anaconda3/envs/ros2_env/lib/python3.8/site-packages/colcon_core/task/python/colcon_distutils_commands:/home/mani123/jackal_ws/install/jackal_bbl/lib/python3.8/site-packages:${PYTHONPATH} /home/mani123/anaconda3/envs/ros2_env/bin/python -W ignore:setup.py install is deprecated -W ignore:easy_install command is deprecated setup.py egg_info --egg-base ../../build/jackal_bbl build --build-base /home/mani123/jackal_ws/build/jackal_bbl/build install --record /home/mani123/jackal_ws/build/jackal_bbl/install.log --install-scripts $base/lib/jackal_bbl --single-version-externally-managed install_data
