[0.035s] Invoking command in '/home/mani123/jackal_ws/build/jackal_gazebo': CMAKE_PREFIX_PATH=/home/mani123/jackal_ws/install/jackal_control:/home/mani123/jackal_ws/install/jackal_description:/home/mani123/jackal_ws/install/jackal_desktop:/home/mani123/jackal_ws/install/jackal_viz:/home/mani123/jackal_ws/install/jackal_simulator:/home/mani123/jackal_ws/install/jackal_navigation:/home/mani123/jackal_ws/install/jackal_msgs:/home/mani123/jackal_ws/install/jackal_gazebo:/home/mani123/jackal_ws/install/jackal_bbl:/opt/ros/foxy CONDA_PROMPT_MODIFIER=(ros2_env) /usr/bin/cmake /home/mani123/jackal_ws/src/jackal_simulator/jackal_gazebo -DCMAKE_INSTALL_PREFIX=/home/mani123/jackal_ws/install/jackal_gazebo
[0.102s] -- The C compiler identification is GNU 9.4.0
[0.167s] -- The CXX compiler identification is GNU 9.4.0
[0.172s] -- Check for working C compiler: /usr/bin/cc
[0.252s] -- Check for working C compiler: /usr/bin/cc -- works
[0.253s] -- Detecting C compiler ABI info
[0.341s] -- Detecting C compiler ABI info - done
[0.352s] -- Detecting C compile features
[0.352s] -- Detecting C compile features - done
[0.355s] -- Check for working CXX compiler: /usr/bin/c++
[0.449s] -- Check for working CXX compiler: /usr/bin/c++ -- works
[0.450s] -- Detecting CXX compiler ABI info
[0.549s] -- Detecting CXX compiler ABI info - done
[0.560s] -- Detecting CXX compile features
[0.561s] -- Detecting CXX compile features - done
[0.564s] -- Found ament_cmake: 0.9.12 (/opt/ros/foxy/share/ament_cmake/cmake)
[0.598s] -- Found PythonInterp: /home/mani123/anaconda3/envs/ros2_env/bin/python3 (found suitable version "3.8.20", minimum required is "3") 
[0.598s] -- Using PYTHON_EXECUTABLE: /home/mani123/anaconda3/envs/ros2_env/bin/python3
[0.808s] -- Found urdf: 2.4.0 (/opt/ros/foxy/share/urdf/cmake)
[0.855s] -- Found xacro: 2.0.7 (/opt/ros/foxy/share/xacro/cmake)
[0.945s] -- Configuring done
[0.948s] -- Generating done
[0.950s] -- Build files have been written to: /home/mani123/jackal_ws/build/jackal_gazebo
[0.956s] Invoked command in '/home/mani123/jackal_ws/build/jackal_gazebo' returned '0': CMAKE_PREFIX_PATH=/home/mani123/jackal_ws/install/jackal_control:/home/mani123/jackal_ws/install/jackal_description:/home/mani123/jackal_ws/install/jackal_desktop:/home/mani123/jackal_ws/install/jackal_viz:/home/mani123/jackal_ws/install/jackal_simulator:/home/mani123/jackal_ws/install/jackal_navigation:/home/mani123/jackal_ws/install/jackal_msgs:/home/mani123/jackal_ws/install/jackal_gazebo:/home/mani123/jackal_ws/install/jackal_bbl:/opt/ros/foxy CONDA_PROMPT_MODIFIER=(ros2_env) /usr/bin/cmake /home/mani123/jackal_ws/src/jackal_simulator/jackal_gazebo -DCMAKE_INSTALL_PREFIX=/home/mani123/jackal_ws/install/jackal_gazebo
[0.960s] Invoking command in '/home/mani123/jackal_ws/build/jackal_gazebo': CMAKE_PREFIX_PATH=/home/mani123/jackal_ws/install/jackal_control:/home/mani123/jackal_ws/install/jackal_description:/home/mani123/jackal_ws/install/jackal_desktop:/home/mani123/jackal_ws/install/jackal_viz:/home/mani123/jackal_ws/install/jackal_simulator:/home/mani123/jackal_ws/install/jackal_navigation:/home/mani123/jackal_ws/install/jackal_msgs:/home/mani123/jackal_ws/install/jackal_gazebo:/home/mani123/jackal_ws/install/jackal_bbl:/opt/ros/foxy CONDA_PROMPT_MODIFIER=(ros2_env) /usr/bin/cmake --build /home/mani123/jackal_ws/build/jackal_gazebo -- -j6 -l6
[1.019s] Invoked command in '/home/mani123/jackal_ws/build/jackal_gazebo' returned '0': CMAKE_PREFIX_PATH=/home/mani123/jackal_ws/install/jackal_control:/home/mani123/jackal_ws/install/jackal_description:/home/mani123/jackal_ws/install/jackal_desktop:/home/mani123/jackal_ws/install/jackal_viz:/home/mani123/jackal_ws/install/jackal_simulator:/home/mani123/jackal_ws/install/jackal_navigation:/home/mani123/jackal_ws/install/jackal_msgs:/home/mani123/jackal_ws/install/jackal_gazebo:/home/mani123/jackal_ws/install/jackal_bbl:/opt/ros/foxy CONDA_PROMPT_MODIFIER=(ros2_env) /usr/bin/cmake --build /home/mani123/jackal_ws/build/jackal_gazebo -- -j6 -l6
[1.020s] Invoking command in '/home/mani123/jackal_ws/build/jackal_gazebo': CMAKE_PREFIX_PATH=/home/mani123/jackal_ws/install/jackal_control:/home/mani123/jackal_ws/install/jackal_description:/home/mani123/jackal_ws/install/jackal_desktop:/home/mani123/jackal_ws/install/jackal_viz:/home/mani123/jackal_ws/install/jackal_simulator:/home/mani123/jackal_ws/install/jackal_navigation:/home/mani123/jackal_ws/install/jackal_msgs:/home/mani123/jackal_ws/install/jackal_gazebo:/home/mani123/jackal_ws/install/jackal_bbl:/opt/ros/foxy CONDA_PROMPT_MODIFIER=(ros2_env) /usr/bin/cmake --install /home/mani123/jackal_ws/build/jackal_gazebo
[1.034s] -- Install configuration: ""
[1.034s] -- Installing: /home/mani123/jackal_ws/install/jackal_gazebo/share/jackal_gazebo/launch
[1.034s] -- Installing: /home/mani123/jackal_ws/install/jackal_gazebo/share/jackal_gazebo/launch/gazebo.launch.py
[1.034s] -- Installing: /home/mani123/jackal_ws/install/jackal_gazebo/share/jackal_gazebo/launch/jackal_world.launch.py
[1.034s] -- Installing: /home/mani123/jackal_ws/install/jackal_gazebo/share/jackal_gazebo/worlds
[1.034s] -- Installing: /home/mani123/jackal_ws/install/jackal_gazebo/share/jackal_gazebo/worlds/jackal_race.world
[1.034s] -- Installing: /home/mani123/jackal_ws/install/jackal_gazebo/share/jackal_gazebo/worlds/scenario1.world
[1.034s] -- Installing: /home/mani123/jackal_ws/install/jackal_gazebo/share/ament_index/resource_index/package_run_dependencies/jackal_gazebo
[1.034s] -- Installing: /home/mani123/jackal_ws/install/jackal_gazebo/share/ament_index/resource_index/parent_prefix_path/jackal_gazebo
[1.034s] -- Installing: /home/mani123/jackal_ws/install/jackal_gazebo/share/jackal_gazebo/environment/ament_prefix_path.sh
[1.034s] -- Installing: /home/mani123/jackal_ws/install/jackal_gazebo/share/jackal_gazebo/environment/ament_prefix_path.dsv
[1.034s] -- Installing: /home/mani123/jackal_ws/install/jackal_gazebo/share/jackal_gazebo/environment/path.sh
[1.034s] -- Installing: /home/mani123/jackal_ws/install/jackal_gazebo/share/jackal_gazebo/environment/path.dsv
[1.034s] -- Installing: /home/mani123/jackal_ws/install/jackal_gazebo/share/jackal_gazebo/local_setup.bash
[1.035s] -- Installing: /home/mani123/jackal_ws/install/jackal_gazebo/share/jackal_gazebo/local_setup.sh
[1.035s] -- Installing: /home/mani123/jackal_ws/install/jackal_gazebo/share/jackal_gazebo/local_setup.zsh
[1.035s] -- Installing: /home/mani123/jackal_ws/install/jackal_gazebo/share/jackal_gazebo/local_setup.dsv
[1.036s] -- Installing: /home/mani123/jackal_ws/install/jackal_gazebo/share/jackal_gazebo/package.dsv
[1.036s] -- Installing: /home/mani123/jackal_ws/install/jackal_gazebo/share/ament_index/resource_index/packages/jackal_gazebo
[1.036s] -- Installing: /home/mani123/jackal_ws/install/jackal_gazebo/share/jackal_gazebo/cmake/jackal_gazeboConfig.cmake
[1.036s] -- Installing: /home/mani123/jackal_ws/install/jackal_gazebo/share/jackal_gazebo/cmake/jackal_gazeboConfig-version.cmake
[1.036s] -- Installing: /home/mani123/jackal_ws/install/jackal_gazebo/share/jackal_gazebo/package.xml
[1.040s] Invoked command in '/home/mani123/jackal_ws/build/jackal_gazebo' returned '0': CMAKE_PREFIX_PATH=/home/mani123/jackal_ws/install/jackal_control:/home/mani123/jackal_ws/install/jackal_description:/home/mani123/jackal_ws/install/jackal_desktop:/home/mani123/jackal_ws/install/jackal_viz:/home/mani123/jackal_ws/install/jackal_simulator:/home/mani123/jackal_ws/install/jackal_navigation:/home/mani123/jackal_ws/install/jackal_msgs:/home/mani123/jackal_ws/install/jackal_gazebo:/home/mani123/jackal_ws/install/jackal_bbl:/opt/ros/foxy CONDA_PROMPT_MODIFIER=(ros2_env) /usr/bin/cmake --install /home/mani123/jackal_ws/build/jackal_gazebo
