[0.625s] Invoking command in '/home/mani123/jackal_ws/src/jackal_bbl': CMAKE_PREFIX_PATH=/home/mani123/jackal_ws/install/jackal_viz:/home/mani123/jackal_ws/install/jackal_description:/home/mani123/jackal_ws/install/jackal_desktop:/home/mani123/jackal_ws/install/jackal_simulator:/home/mani123/jackal_ws/install/jackal_navigation:/home/mani123/jackal_ws/install/jackal_msgs:/home/mani123/jackal_ws/install/jackal_gazebo:/home/mani123/jackal_ws/install/jackal_control CONDA_PROMPT_MODIFIER=(ros2_env) PYTHONPATH=/home/mani123/jackal_ws/build/jackal_bbl/prefix_override:/home/mani123/anaconda3/envs/ros2_env/lib/python3.8/site-packages/colcon_core/task/python/colcon_distutils_commands:/home/mani123/jackal_ws/install/jackal_bbl/lib/python3.8/site-packages:${PYTHONPATH} /home/mani123/anaconda3/envs/ros2_env/bin/python -W ignore:setup.py install is deprecated -W ignore:easy_install command is deprecated setup.py egg_info --egg-base ../../build/jackal_bbl build --build-base /home/mani123/jackal_ws/build/jackal_bbl/build install --record /home/mani123/jackal_ws/build/jackal_bbl/install.log --install-scripts $base/lib/jackal_bbl --single-version-externally-managed install_data
[0.770s] /home/mani123/anaconda3/envs/ros2_env/lib/python3.8/site-packages/setuptools/dist.py:495: SetuptoolsDeprecationWarning: Invalid dash-separated options
[0.770s] !!
[0.770s] 
[0.771s]         ********************************************************************************
[0.771s]         Usage of dash-separated 'script-dir' will not be supported in future
[0.771s]         versions. Please use the underscore name 'script_dir' instead.
[0.771s] 
[0.771s]         By 2025-Mar-03, you need to update your project and remove deprecated calls
[0.771s]         or your builds will no longer be supported.
[0.771s] 
[0.771s]         See https://setuptools.pypa.io/en/latest/userguide/declarative_config.html for details.
[0.771s]         ********************************************************************************
[0.771s] 
[0.771s] !!
[0.771s]   opt = self.warn_dash_deprecation(opt, section)
[0.781s] /home/mani123/anaconda3/envs/ros2_env/lib/python3.8/site-packages/setuptools/_distutils/dist.py:261: UserWarning: Unknown distribution option: 'tests_require'
[0.781s]   warnings.warn(msg)
[0.855s] running egg_info
[0.865s] creating ../../build/jackal_bbl/jackal_bbl.egg-info
[0.865s] writing ../../build/jackal_bbl/jackal_bbl.egg-info/PKG-INFO
[0.865s] writing dependency_links to ../../build/jackal_bbl/jackal_bbl.egg-info/dependency_links.txt
[0.866s] writing entry points to ../../build/jackal_bbl/jackal_bbl.egg-info/entry_points.txt
[0.866s] writing requirements to ../../build/jackal_bbl/jackal_bbl.egg-info/requires.txt
[0.866s] writing top-level names to ../../build/jackal_bbl/jackal_bbl.egg-info/top_level.txt
[0.866s] writing manifest file '../../build/jackal_bbl/jackal_bbl.egg-info/SOURCES.txt'
[0.890s] reading manifest file '../../build/jackal_bbl/jackal_bbl.egg-info/SOURCES.txt'
[0.891s] writing manifest file '../../build/jackal_bbl/jackal_bbl.egg-info/SOURCES.txt'
[0.891s] running build
[0.891s] running build_py
[0.891s] creating /home/mani123/jackal_ws/build/jackal_bbl/build/lib/jackal_bbl
[0.891s] copying jackal_bbl/__init__.py -> /home/mani123/jackal_ws/build/jackal_bbl/build/lib/jackal_bbl
[0.892s] copying jackal_bbl/jackal_viz.launch.py -> /home/mani123/jackal_ws/build/jackal_bbl/build/lib/jackal_bbl
[0.892s] copying jackal_bbl/start_node.py -> /home/mani123/jackal_ws/build/jackal_bbl/build/lib/jackal_bbl
[0.892s] copying jackal_bbl/follower_node.py -> /home/mani123/jackal_ws/build/jackal_bbl/build/lib/jackal_bbl
[0.892s] copying jackal_bbl/bezier_subscriber.py -> /home/mani123/jackal_ws/build/jackal_bbl/build/lib/jackal_bbl
[0.892s] copying jackal_bbl/path_visualizer.py -> /home/mani123/jackal_ws/build/jackal_bbl/build/lib/jackal_bbl
[0.892s] running install
[0.897s] running install_lib
[0.909s] creating /home/mani123/jackal_ws/install/jackal_bbl/lib/python3.8/site-packages/jackal_bbl
[0.909s] copying /home/mani123/jackal_ws/build/jackal_bbl/build/lib/jackal_bbl/__init__.py -> /home/mani123/jackal_ws/install/jackal_bbl/lib/python3.8/site-packages/jackal_bbl
[0.910s] copying /home/mani123/jackal_ws/build/jackal_bbl/build/lib/jackal_bbl/jackal_viz.launch.py -> /home/mani123/jackal_ws/install/jackal_bbl/lib/python3.8/site-packages/jackal_bbl
[0.910s] copying /home/mani123/jackal_ws/build/jackal_bbl/build/lib/jackal_bbl/start_node.py -> /home/mani123/jackal_ws/install/jackal_bbl/lib/python3.8/site-packages/jackal_bbl
[0.911s] copying /home/mani123/jackal_ws/build/jackal_bbl/build/lib/jackal_bbl/follower_node.py -> /home/mani123/jackal_ws/install/jackal_bbl/lib/python3.8/site-packages/jackal_bbl
[0.911s] copying /home/mani123/jackal_ws/build/jackal_bbl/build/lib/jackal_bbl/bezier_subscriber.py -> /home/mani123/jackal_ws/install/jackal_bbl/lib/python3.8/site-packages/jackal_bbl
[0.911s] copying /home/mani123/jackal_ws/build/jackal_bbl/build/lib/jackal_bbl/path_visualizer.py -> /home/mani123/jackal_ws/install/jackal_bbl/lib/python3.8/site-packages/jackal_bbl
[0.911s] byte-compiling /home/mani123/jackal_ws/install/jackal_bbl/lib/python3.8/site-packages/jackal_bbl/__init__.py to __init__.cpython-38.pyc
[0.911s] byte-compiling /home/mani123/jackal_ws/install/jackal_bbl/lib/python3.8/site-packages/jackal_bbl/jackal_viz.launch.py to jackal_viz.launch.cpython-38.pyc
[0.912s] byte-compiling /home/mani123/jackal_ws/install/jackal_bbl/lib/python3.8/site-packages/jackal_bbl/start_node.py to start_node.cpython-38.pyc
[0.913s] byte-compiling /home/mani123/jackal_ws/install/jackal_bbl/lib/python3.8/site-packages/jackal_bbl/follower_node.py to follower_node.cpython-38.pyc
[0.915s] byte-compiling /home/mani123/jackal_ws/install/jackal_bbl/lib/python3.8/site-packages/jackal_bbl/bezier_subscriber.py to bezier_subscriber.cpython-38.pyc
[0.915s] byte-compiling /home/mani123/jackal_ws/install/jackal_bbl/lib/python3.8/site-packages/jackal_bbl/path_visualizer.py to path_visualizer.cpython-38.pyc
[0.916s] running install_data
[0.916s] creating /home/mani123/jackal_ws/install/jackal_bbl/share/ament_index/resource_index/packages
[0.916s] copying resource/jackal_bbl -> /home/mani123/jackal_ws/install/jackal_bbl/share/ament_index/resource_index/packages
[0.917s] copying package.xml -> /home/mani123/jackal_ws/install/jackal_bbl/share/jackal_bbl
[0.917s] creating /home/mani123/jackal_ws/install/jackal_bbl/share/jackal_bbl/launch
[0.917s] copying launch/jackal_viz.launch.py -> /home/mani123/jackal_ws/install/jackal_bbl/share/jackal_bbl/launch
[0.917s] creating /home/mani123/jackal_ws/install/jackal_bbl/share/jackal_bbl/rviz
[0.918s] creating /home/mani123/jackal_ws/install/jackal_bbl/share/jackal_bbl/urdf
[0.918s] copying urdf/jackal.urdf.xacro -> /home/mani123/jackal_ws/install/jackal_bbl/share/jackal_bbl/urdf
[0.918s] creating /home/mani123/jackal_ws/install/jackal_bbl/share/jackal_bbl/meshes
[0.918s] creating /home/mani123/jackal_ws/install/jackal_bbl/share/jackal_bbl/config
[0.918s] copying config/jackal_config.rviz -> /home/mani123/jackal_ws/install/jackal_bbl/share/jackal_bbl/config
[0.918s] running install_egg_info
[0.930s] Copying ../../build/jackal_bbl/jackal_bbl.egg-info to /home/mani123/jackal_ws/install/jackal_bbl/lib/python3.8/site-packages/jackal_bbl-0.0.0-py3.8.egg-info
[0.931s] running install_scripts
[0.999s] Installing bezier_subscriber script to /home/mani123/jackal_ws/install/jackal_bbl/lib/jackal_bbl
[1.000s] Installing follow script to /home/mani123/jackal_ws/install/jackal_bbl/lib/jackal_bbl
[1.000s] Installing path_visualizer script to /home/mani123/jackal_ws/install/jackal_bbl/lib/jackal_bbl
[1.000s] Installing start script to /home/mani123/jackal_ws/install/jackal_bbl/lib/jackal_bbl
[1.000s] writing list of installed files to '/home/mani123/jackal_ws/build/jackal_bbl/install.log'
[1.041s] Invoked command in '/home/mani123/jackal_ws/src/jackal_bbl' returned '0': CMAKE_PREFIX_PATH=/home/mani123/jackal_ws/install/jackal_viz:/home/mani123/jackal_ws/install/jackal_description:/home/mani123/jackal_ws/install/jackal_desktop:/home/mani123/jackal_ws/install/jackal_simulator:/home/mani123/jackal_ws/install/jackal_navigation:/home/mani123/jackal_ws/install/jackal_msgs:/home/mani123/jackal_ws/install/jackal_gazebo:/home/mani123/jackal_ws/install/jackal_control CONDA_PROMPT_MODIFIER=(ros2_env) PYTHONPATH=/home/mani123/jackal_ws/build/jackal_bbl/prefix_override:/home/mani123/anaconda3/envs/ros2_env/lib/python3.8/site-packages/colcon_core/task/python/colcon_distutils_commands:/home/mani123/jackal_ws/install/jackal_bbl/lib/python3.8/site-packages:${PYTHONPATH} /home/mani123/anaconda3/envs/ros2_env/bin/python -W ignore:setup.py install is deprecated -W ignore:easy_install command is deprecated setup.py egg_info --egg-base ../../build/jackal_bbl build --build-base /home/mani123/jackal_ws/build/jackal_bbl/build install --record /home/mani123/jackal_ws/build/jackal_bbl/install.log --install-scripts $base/lib/jackal_bbl --single-version-externally-managed install_data
