[0.037s] Invoking command in '/home/mani123/jackal_ws/build/jackal_description': CMAKE_PREFIX_PATH=${CMAKE_PREFIX_PATH}:/home/mani123/jackal_ws/install/jackal_bbl:/opt/ros/foxy CONDA_PROMPT_MODIFIER=(ros2_env) /usr/bin/cmake /home/mani123/jackal_ws/src/jackal/jackal_description -DCMAKE_INSTALL_PREFIX=/home/mani123/jackal_ws/install/jackal_description
[0.113s] -- The C compiler identification is GNU 9.4.0
[0.177s] -- The CXX compiler identification is GNU 9.4.0
[0.183s] -- Check for working C compiler: /usr/bin/cc
[0.275s] -- Check for working C compiler: /usr/bin/cc -- works
[0.276s] -- Detecting C compiler ABI info
[0.356s] -- Detecting C compiler ABI info - done
[0.370s] -- Detecting C compile features
[0.370s] -- Detecting C compile features - done
[0.373s] -- Check for working CXX compiler: /usr/bin/c++
[0.468s] -- Check for working CXX compiler: /usr/bin/c++ -- works
[0.469s] -- Detecting CXX compiler ABI info
[0.558s] -- Detecting CXX compiler ABI info - done
[0.569s] -- Detecting CXX compile features
[0.570s] -- Detecting CXX compile features - done
[0.572s] -- Found ament_cmake: 0.9.12 (/opt/ros/foxy/share/ament_cmake/cmake)
[0.599s] -- Found PythonInterp: /home/mani123/anaconda3/envs/ros2_env/bin/python3 (found suitable version "3.8.20", minimum required is "3") 
[0.599s] -- Using PYTHON_EXECUTABLE: /home/mani123/anaconda3/envs/ros2_env/bin/python3
[0.799s] -- Found urdf: 2.4.0 (/opt/ros/foxy/share/urdf/cmake)
[0.912s] -- Configuring done
[0.914s] -- Generating done
[0.916s] -- Build files have been written to: /home/mani123/jackal_ws/build/jackal_description
[0.923s] Invoked command in '/home/mani123/jackal_ws/build/jackal_description' returned '0': CMAKE_PREFIX_PATH=${CMAKE_PREFIX_PATH}:/home/mani123/jackal_ws/install/jackal_bbl:/opt/ros/foxy CONDA_PROMPT_MODIFIER=(ros2_env) /usr/bin/cmake /home/mani123/jackal_ws/src/jackal/jackal_description -DCMAKE_INSTALL_PREFIX=/home/mani123/jackal_ws/install/jackal_description
[0.927s] Invoking command in '/home/mani123/jackal_ws/build/jackal_description': CMAKE_PREFIX_PATH=${CMAKE_PREFIX_PATH}:/home/mani123/jackal_ws/install/jackal_bbl:/opt/ros/foxy CONDA_PROMPT_MODIFIER=(ros2_env) /usr/bin/cmake --build /home/mani123/jackal_ws/build/jackal_description -- -j6 -l6
[0.974s] Invoked command in '/home/mani123/jackal_ws/build/jackal_description' returned '0': CMAKE_PREFIX_PATH=${CMAKE_PREFIX_PATH}:/home/mani123/jackal_ws/install/jackal_bbl:/opt/ros/foxy CONDA_PROMPT_MODIFIER=(ros2_env) /usr/bin/cmake --build /home/mani123/jackal_ws/build/jackal_description -- -j6 -l6
[0.992s] Invoking command in '/home/mani123/jackal_ws/build/jackal_description': CMAKE_PREFIX_PATH=${CMAKE_PREFIX_PATH}:/home/mani123/jackal_ws/install/jackal_bbl:/opt/ros/foxy CONDA_PROMPT_MODIFIER=(ros2_env) /usr/bin/cmake --install /home/mani123/jackal_ws/build/jackal_description
[1.001s] -- Install configuration: ""
[1.001s] -- Installing: /home/mani123/jackal_ws/install/jackal_description/share/jackal_description/launch
[1.002s] -- Installing: /home/mani123/jackal_ws/install/jackal_description/share/jackal_description/launch/description.launch.py
[1.002s] -- Installing: /home/mani123/jackal_ws/install/jackal_description/share/jackal_description/meshes
[1.002s] -- Installing: /home/mani123/jackal_ws/install/jackal_description/share/jackal_description/meshes/stereo-camera-beam.stl
[1.002s] -- Installing: /home/mani123/jackal_ws/install/jackal_description/share/jackal_description/meshes/accessory_fender.stl
[1.002s] -- Installing: /home/mani123/jackal_ws/install/jackal_description/share/jackal_description/meshes/hokuyo_ust10.stl
[1.002s] -- Installing: /home/mani123/jackal_ws/install/jackal_description/share/jackal_description/meshes/novatel-smart6.stl
[1.002s] -- Installing: /home/mani123/jackal_ws/install/jackal_description/share/jackal_description/meshes/stereo-camera-bracket.stl
[1.003s] -- Installing: /home/mani123/jackal_ws/install/jackal_description/share/jackal_description/meshes/jackal-base.stl
[1.003s] -- Installing: /home/mani123/jackal_ws/install/jackal_description/share/jackal_description/meshes/camera-bracket.stl
[1.003s] -- Installing: /home/mani123/jackal_ws/install/jackal_description/share/jackal_description/meshes/jackal-fenders.stl
[1.003s] -- Installing: /home/mani123/jackal_ws/install/jackal_description/share/jackal_description/meshes/sick-lms1xx-bracket.stl
[1.004s] -- Installing: /home/mani123/jackal_ws/install/jackal_description/share/jackal_description/meshes/jackal-fender.stl
[1.004s] -- Installing: /home/mani123/jackal_ws/install/jackal_description/share/jackal_description/meshes/camera-beam.stl
[1.004s] -- Installing: /home/mani123/jackal_ws/install/jackal_description/share/jackal_description/meshes/jackal-wheel.stl
[1.004s] -- Installing: /home/mani123/jackal_ws/install/jackal_description/share/jackal_description/meshes/kinect_mount.stl
[1.005s] -- Installing: /home/mani123/jackal_ws/install/jackal_description/share/jackal_description/meshes/ark_enclosure.stl
[1.005s] -- Installing: /home/mani123/jackal_ws/install/jackal_description/share/jackal_description/meshes/bridge-plate.stl
[1.008s] -- Installing: /home/mani123/jackal_ws/install/jackal_description/share/jackal_description/meshes/novatel-smart7.stl
[1.008s] -- Installing: /home/mani123/jackal_ws/install/jackal_description/share/jackal_description/urdf
[1.008s] -- Installing: /home/mani123/jackal_ws/install/jackal_description/share/jackal_description/urdf/accessories.urdf.xacro
[1.008s] -- Installing: /home/mani123/jackal_ws/install/jackal_description/share/jackal_description/urdf/custom_example.urdf
[1.009s] -- Installing: /home/mani123/jackal_ws/install/jackal_description/share/jackal_description/urdf/empty.urdf
[1.009s] -- Installing: /home/mani123/jackal_ws/install/jackal_description/share/jackal_description/urdf/jackal.urdf
[1.009s] -- Installing: /home/mani123/jackal_ws/install/jackal_description/share/jackal_description/urdf/accessories
[1.009s] -- Installing: /home/mani123/jackal_ws/install/jackal_description/share/jackal_description/urdf/accessories/novatel_smart7.urdf.xacro
[1.009s] -- Installing: /home/mani123/jackal_ws/install/jackal_description/share/jackal_description/urdf/accessories/novatel_smart6.urdf.xacro
[1.009s] -- Installing: /home/mani123/jackal_ws/install/jackal_description/share/jackal_description/urdf/accessories/camera_mount.urdf.xacro
[1.009s] -- Installing: /home/mani123/jackal_ws/install/jackal_description/share/jackal_description/urdf/accessories/hokuyo_ust10.urdf.xacro
[1.009s] -- Installing: /home/mani123/jackal_ws/install/jackal_description/share/jackal_description/urdf/accessories/hdl32_mount.urdf.xacro
[1.010s] -- Installing: /home/mani123/jackal_ws/install/jackal_description/share/jackal_description/urdf/accessories/bridge_plate.urdf.xacro
[1.010s] -- Installing: /home/mani123/jackal_ws/install/jackal_description/share/jackal_description/urdf/accessories/standoffs.urdf.xacro
[1.010s] -- Installing: /home/mani123/jackal_ws/install/jackal_description/share/jackal_description/urdf/accessories/stereo_camera_mount.urdf.xacro
[1.010s] -- Installing: /home/mani123/jackal_ws/install/jackal_description/share/jackal_description/urdf/accessories/vlp16_mount.urdf.xacro
[1.010s] -- Installing: /home/mani123/jackal_ws/install/jackal_description/share/jackal_description/urdf/accessories/sick_lms1xx_mount.urdf.xacro
[1.010s] -- Installing: /home/mani123/jackal_ws/install/jackal_description/share/jackal_description/urdf/jackal.gazebo
[1.010s] -- Installing: /home/mani123/jackal_ws/install/jackal_description/share/jackal_description/urdf/jackal.urdf.xacro
[1.011s] -- Installing: /home/mani123/jackal_ws/install/jackal_description/share/ament_index/resource_index/package_run_dependencies/jackal_description
[1.011s] -- Installing: /home/mani123/jackal_ws/install/jackal_description/share/ament_index/resource_index/parent_prefix_path/jackal_description
[1.011s] -- Installing: /home/mani123/jackal_ws/install/jackal_description/share/jackal_description/environment/ament_prefix_path.sh
[1.011s] -- Installing: /home/mani123/jackal_ws/install/jackal_description/share/jackal_description/environment/ament_prefix_path.dsv
[1.011s] -- Installing: /home/mani123/jackal_ws/install/jackal_description/share/jackal_description/environment/path.sh
[1.012s] -- Installing: /home/mani123/jackal_ws/install/jackal_description/share/jackal_description/environment/path.dsv
[1.012s] -- Installing: /home/mani123/jackal_ws/install/jackal_description/share/jackal_description/local_setup.bash
[1.012s] -- Installing: /home/mani123/jackal_ws/install/jackal_description/share/jackal_description/local_setup.sh
[1.012s] -- Installing: /home/mani123/jackal_ws/install/jackal_description/share/jackal_description/local_setup.zsh
[1.012s] -- Installing: /home/mani123/jackal_ws/install/jackal_description/share/jackal_description/local_setup.dsv
[1.012s] -- Installing: /home/mani123/jackal_ws/install/jackal_description/share/jackal_description/package.dsv
[1.013s] -- Installing: /home/mani123/jackal_ws/install/jackal_description/share/ament_index/resource_index/packages/jackal_description
[1.013s] -- Installing: /home/mani123/jackal_ws/install/jackal_description/share/jackal_description/cmake/ament_cmake_export_dependencies-extras.cmake
[1.013s] -- Installing: /home/mani123/jackal_ws/install/jackal_description/share/jackal_description/cmake/jackal_descriptionConfig.cmake
[1.013s] -- Installing: /home/mani123/jackal_ws/install/jackal_description/share/jackal_description/cmake/jackal_descriptionConfig-version.cmake
[1.013s] -- Installing: /home/mani123/jackal_ws/install/jackal_description/share/jackal_description/package.xml
[1.016s] Invoked command in '/home/mani123/jackal_ws/build/jackal_description' returned '0': CMAKE_PREFIX_PATH=${CMAKE_PREFIX_PATH}:/home/mani123/jackal_ws/install/jackal_bbl:/opt/ros/foxy CONDA_PROMPT_MODIFIER=(ros2_env) /usr/bin/cmake --install /home/mani123/jackal_ws/build/jackal_description
