-- The C compiler identification is GNU 9.4.0
-- The CXX compiler identification is GNU 9.4.0
-- Check for working C compiler: /usr/bin/cc
-- Check for working C compiler: /usr/bin/cc -- works
-- Detecting C compiler ABI info
-- Detecting C compiler ABI info - done
-- Detecting C compile features
-- Detecting C compile features - done
-- Check for working CXX compiler: /usr/bin/c++
-- Check for working CXX compiler: /usr/bin/c++ -- works
-- Detecting CXX compiler ABI info
-- Detecting CXX compiler ABI info - done
-- Detecting CXX compile features
-- Detecting CXX compile features - done
-- Found ament_cmake: 0.9.12 (/opt/ros/foxy/share/ament_cmake/cmake)
-- Found PythonInterp: /home/mani123/anaconda3/envs/ros2_env/bin/python3 (found suitable version "3.8.20", minimum required is "3") 
-- Using PYTHON_EXECUTABLE: /home/mani123/anaconda3/envs/ros2_env/bin/python3
-- Configuring done
-- Generating done
-- Build files have been written to: /home/mani123/jackal_ws/build/jackal_viz
-- Install configuration: ""
-- Installing: /home/mani123/jackal_ws/install/jackal_viz/share/jackal_viz/launch
-- Installing: /home/mani123/jackal_ws/install/jackal_viz/share/jackal_viz/launch/view_robot.launch.py
-- Installing: /home/mani123/jackal_ws/install/jackal_viz/share/jackal_viz/launch/view_diagnostics.launch.py
-- Installing: /home/mani123/jackal_ws/install/jackal_viz/share/jackal_viz/launch/view_model.launch.py
-- Installing: /home/mani123/jackal_ws/install/jackal_viz/share/jackal_viz/rviz
-- Installing: /home/mani123/jackal_ws/install/jackal_viz/share/jackal_viz/rviz/nav2.rviz
-- Installing: /home/mani123/jackal_ws/install/jackal_viz/share/jackal_viz/rviz/model.rviz
-- Installing: /home/mani123/jackal_ws/install/jackal_viz/share/jackal_viz/rviz/slam.rviz
-- Installing: /home/mani123/jackal_ws/install/jackal_viz/share/jackal_viz/rqt
-- Installing: /home/mani123/jackal_ws/install/jackal_viz/share/jackal_viz/rqt/diagnostics.perspective
-- Installing: /home/mani123/jackal_ws/install/jackal_viz/share/ament_index/resource_index/package_run_dependencies/jackal_viz
-- Installing: /home/mani123/jackal_ws/install/jackal_viz/share/ament_index/resource_index/parent_prefix_path/jackal_viz
-- Installing: /home/mani123/jackal_ws/install/jackal_viz/share/jackal_viz/environment/ament_prefix_path.sh
-- Installing: /home/mani123/jackal_ws/install/jackal_viz/share/jackal_viz/environment/ament_prefix_path.dsv
-- Installing: /home/mani123/jackal_ws/install/jackal_viz/share/jackal_viz/environment/path.sh
-- Installing: /home/mani123/jackal_ws/install/jackal_viz/share/jackal_viz/environment/path.dsv
-- Installing: /home/mani123/jackal_ws/install/jackal_viz/share/jackal_viz/local_setup.bash
-- Installing: /home/mani123/jackal_ws/install/jackal_viz/share/jackal_viz/local_setup.sh
-- Installing: /home/mani123/jackal_ws/install/jackal_viz/share/jackal_viz/local_setup.zsh
-- Installing: /home/mani123/jackal_ws/install/jackal_viz/share/jackal_viz/local_setup.dsv
-- Installing: /home/mani123/jackal_ws/install/jackal_viz/share/jackal_viz/package.dsv
-- Installing: /home/mani123/jackal_ws/install/jackal_viz/share/ament_index/resource_index/packages/jackal_viz
-- Installing: /home/mani123/jackal_ws/install/jackal_viz/share/jackal_viz/cmake/jackal_vizConfig.cmake
-- Installing: /home/mani123/jackal_ws/install/jackal_viz/share/jackal_viz/cmake/jackal_vizConfig-version.cmake
-- Installing: /home/mani123/jackal_ws/install/jackal_viz/share/jackal_viz/package.xml
