[0.023s] Invoking command in '/home/mani123/jackal_ws/build/jackal_viz': CMAKE_PREFIX_PATH=/home/mani123/jackal_ws/install/jackal_description:/home/mani123/jackal_ws/install/jackal_desktop:/home/mani123/jackal_ws/install/jackal_viz:/home/mani123/jackal_ws/install/jackal_simulator:/home/mani123/jackal_ws/install/jackal_navigation:/home/mani123/jackal_ws/install/jackal_msgs:/home/mani123/jackal_ws/install/jackal_gazebo:/home/mani123/jackal_ws/install/jackal_control:/home/mani123/jackal_ws/install/jackal_bbl:/opt/ros/foxy CONDA_PROMPT_MODIFIER=(ros2_env) /usr/bin/cmake /home/mani123/jackal_ws/src/jackal_desktop/jackal_viz -DCMAKE_INSTALL_PREFIX=/home/mani123/jackal_ws/install/jackal_viz
[0.084s] -- The C compiler identification is GNU 9.4.0
[0.149s] -- The CXX compiler identification is GNU 9.4.0
[0.154s] -- Check for working C compiler: /usr/bin/cc
[0.242s] -- Check for working C compiler: /usr/bin/cc -- works
[0.242s] -- Detecting C compiler ABI info
[0.328s] -- Detecting C compiler ABI info - done
[0.338s] -- Detecting C compile features
[0.338s] -- Detecting C compile features - done
[0.342s] -- Check for working CXX compiler: /usr/bin/c++
[0.436s] -- Check for working CXX compiler: /usr/bin/c++ -- works
[0.437s] -- Detecting CXX compiler ABI info
[0.533s] -- Detecting CXX compiler ABI info - done
[0.544s] -- Detecting CXX compile features
[0.544s] -- Detecting CXX compile features - done
[0.547s] -- Found ament_cmake: 0.9.12 (/opt/ros/foxy/share/ament_cmake/cmake)
[0.573s] -- Found PythonInterp: /home/mani123/anaconda3/envs/ros2_env/bin/python3 (found suitable version "3.8.20", minimum required is "3") 
[0.575s] -- Using PYTHON_EXECUTABLE: /home/mani123/anaconda3/envs/ros2_env/bin/python3
[0.838s] -- Configuring done
[0.841s] -- Generating done
[0.846s] -- Build files have been written to: /home/mani123/jackal_ws/build/jackal_viz
[0.848s] Invoked command in '/home/mani123/jackal_ws/build/jackal_viz' returned '0': CMAKE_PREFIX_PATH=/home/mani123/jackal_ws/install/jackal_description:/home/mani123/jackal_ws/install/jackal_desktop:/home/mani123/jackal_ws/install/jackal_viz:/home/mani123/jackal_ws/install/jackal_simulator:/home/mani123/jackal_ws/install/jackal_navigation:/home/mani123/jackal_ws/install/jackal_msgs:/home/mani123/jackal_ws/install/jackal_gazebo:/home/mani123/jackal_ws/install/jackal_control:/home/mani123/jackal_ws/install/jackal_bbl:/opt/ros/foxy CONDA_PROMPT_MODIFIER=(ros2_env) /usr/bin/cmake /home/mani123/jackal_ws/src/jackal_desktop/jackal_viz -DCMAKE_INSTALL_PREFIX=/home/mani123/jackal_ws/install/jackal_viz
[0.852s] Invoking command in '/home/mani123/jackal_ws/build/jackal_viz': CMAKE_PREFIX_PATH=/home/mani123/jackal_ws/install/jackal_description:/home/mani123/jackal_ws/install/jackal_desktop:/home/mani123/jackal_ws/install/jackal_viz:/home/mani123/jackal_ws/install/jackal_simulator:/home/mani123/jackal_ws/install/jackal_navigation:/home/mani123/jackal_ws/install/jackal_msgs:/home/mani123/jackal_ws/install/jackal_gazebo:/home/mani123/jackal_ws/install/jackal_control:/home/mani123/jackal_ws/install/jackal_bbl:/opt/ros/foxy CONDA_PROMPT_MODIFIER=(ros2_env) /usr/bin/cmake --build /home/mani123/jackal_ws/build/jackal_viz -- -j6 -l6
[0.904s] Invoked command in '/home/mani123/jackal_ws/build/jackal_viz' returned '0': CMAKE_PREFIX_PATH=/home/mani123/jackal_ws/install/jackal_description:/home/mani123/jackal_ws/install/jackal_desktop:/home/mani123/jackal_ws/install/jackal_viz:/home/mani123/jackal_ws/install/jackal_simulator:/home/mani123/jackal_ws/install/jackal_navigation:/home/mani123/jackal_ws/install/jackal_msgs:/home/mani123/jackal_ws/install/jackal_gazebo:/home/mani123/jackal_ws/install/jackal_control:/home/mani123/jackal_ws/install/jackal_bbl:/opt/ros/foxy CONDA_PROMPT_MODIFIER=(ros2_env) /usr/bin/cmake --build /home/mani123/jackal_ws/build/jackal_viz -- -j6 -l6
[0.907s] Invoking command in '/home/mani123/jackal_ws/build/jackal_viz': CMAKE_PREFIX_PATH=/home/mani123/jackal_ws/install/jackal_description:/home/mani123/jackal_ws/install/jackal_desktop:/home/mani123/jackal_ws/install/jackal_viz:/home/mani123/jackal_ws/install/jackal_simulator:/home/mani123/jackal_ws/install/jackal_navigation:/home/mani123/jackal_ws/install/jackal_msgs:/home/mani123/jackal_ws/install/jackal_gazebo:/home/mani123/jackal_ws/install/jackal_control:/home/mani123/jackal_ws/install/jackal_bbl:/opt/ros/foxy CONDA_PROMPT_MODIFIER=(ros2_env) /usr/bin/cmake --install /home/mani123/jackal_ws/build/jackal_viz
[0.917s] -- Install configuration: ""
[0.917s] -- Installing: /home/mani123/jackal_ws/install/jackal_viz/share/jackal_viz/launch
[0.917s] -- Installing: /home/mani123/jackal_ws/install/jackal_viz/share/jackal_viz/launch/view_robot.launch.py
[0.917s] -- Installing: /home/mani123/jackal_ws/install/jackal_viz/share/jackal_viz/launch/view_diagnostics.launch.py
[0.917s] -- Installing: /home/mani123/jackal_ws/install/jackal_viz/share/jackal_viz/launch/view_model.launch.py
[0.917s] -- Installing: /home/mani123/jackal_ws/install/jackal_viz/share/jackal_viz/rviz
[0.918s] -- Installing: /home/mani123/jackal_ws/install/jackal_viz/share/jackal_viz/rviz/nav2.rviz
[0.918s] -- Installing: /home/mani123/jackal_ws/install/jackal_viz/share/jackal_viz/rviz/model.rviz
[0.918s] -- Installing: /home/mani123/jackal_ws/install/jackal_viz/share/jackal_viz/rviz/slam.rviz
[0.918s] -- Installing: /home/mani123/jackal_ws/install/jackal_viz/share/jackal_viz/rqt
[0.918s] -- Installing: /home/mani123/jackal_ws/install/jackal_viz/share/jackal_viz/rqt/diagnostics.perspective
[0.919s] -- Installing: /home/mani123/jackal_ws/install/jackal_viz/share/ament_index/resource_index/package_run_dependencies/jackal_viz
[0.920s] -- Installing: /home/mani123/jackal_ws/install/jackal_viz/share/ament_index/resource_index/parent_prefix_path/jackal_viz
[0.921s] -- Installing: /home/mani123/jackal_ws/install/jackal_viz/share/jackal_viz/environment/ament_prefix_path.sh
[0.921s] -- Installing: /home/mani123/jackal_ws/install/jackal_viz/share/jackal_viz/environment/ament_prefix_path.dsv
[0.921s] -- Installing: /home/mani123/jackal_ws/install/jackal_viz/share/jackal_viz/environment/path.sh
[0.921s] -- Installing: /home/mani123/jackal_ws/install/jackal_viz/share/jackal_viz/environment/path.dsv
[0.921s] -- Installing: /home/mani123/jackal_ws/install/jackal_viz/share/jackal_viz/local_setup.bash
[0.922s] -- Installing: /home/mani123/jackal_ws/install/jackal_viz/share/jackal_viz/local_setup.sh
[0.922s] -- Installing: /home/mani123/jackal_ws/install/jackal_viz/share/jackal_viz/local_setup.zsh
[0.922s] -- Installing: /home/mani123/jackal_ws/install/jackal_viz/share/jackal_viz/local_setup.dsv
[0.922s] -- Installing: /home/mani123/jackal_ws/install/jackal_viz/share/jackal_viz/package.dsv
[0.922s] -- Installing: /home/mani123/jackal_ws/install/jackal_viz/share/ament_index/resource_index/packages/jackal_viz
[0.922s] -- Installing: /home/mani123/jackal_ws/install/jackal_viz/share/jackal_viz/cmake/jackal_vizConfig.cmake
[0.922s] -- Installing: /home/mani123/jackal_ws/install/jackal_viz/share/jackal_viz/cmake/jackal_vizConfig-version.cmake
[0.922s] -- Installing: /home/mani123/jackal_ws/install/jackal_viz/share/jackal_viz/package.xml
[0.942s] Invoked command in '/home/mani123/jackal_ws/build/jackal_viz' returned '0': CMAKE_PREFIX_PATH=/home/mani123/jackal_ws/install/jackal_description:/home/mani123/jackal_ws/install/jackal_desktop:/home/mani123/jackal_ws/install/jackal_viz:/home/mani123/jackal_ws/install/jackal_simulator:/home/mani123/jackal_ws/install/jackal_navigation:/home/mani123/jackal_ws/install/jackal_msgs:/home/mani123/jackal_ws/install/jackal_gazebo:/home/mani123/jackal_ws/install/jackal_control:/home/mani123/jackal_ws/install/jackal_bbl:/opt/ros/foxy CONDA_PROMPT_MODIFIER=(ros2_env) /usr/bin/cmake --install /home/mani123/jackal_ws/build/jackal_viz
