[0.061s] Invoking command in '/home/mani123/jackal_ws/build/jackal_msgs': CMAKE_PREFIX_PATH=${CMAKE_PREFIX_PATH}:/home/mani123/jackal_ws/install/jackal_bbl:/opt/ros/foxy CONDA_PROMPT_MODIFIER=(ros2_env) /usr/bin/cmake --build /home/mani123/jackal_ws/build/jackal_msgs -- -j6 -l6
[0.221s] [  1%] Built target jackal_msgs__cpp
[0.279s] [ 12%] Built target jackal_msgs__rosidl_generator_c
[0.357s] [ 24%] Built target jackal_msgs__rosidl_typesupport_fastrtps_cpp
[0.450s] [ 35%] Built target jackal_msgs__rosidl_typesupport_introspection_c
[0.534s] [ 46%] Built target jackal_msgs__rosidl_typesupport_fastrtps_c
[0.584s] [ 58%] Built target jackal_msgs__rosidl_typesupport_c
[0.676s] [ 69%] Built target jackal_msgs__rosidl_typesupport_cpp
[0.742s] [ 81%] Built target jackal_msgs__rosidl_typesupport_introspection_cpp
[0.780s] [ 81%] Built target jackal_msgs
[0.830s] [ 82%] Built target jackal_msgs__py
[0.903s] [ 92%] Built target jackal_msgs__python
[0.951s] [ 94%] Built target jackal_msgs__rosidl_typesupport_introspection_c__pyext
[1.012s] [ 97%] Built target jackal_msgs__rosidl_typesupport_c__pyext
[1.065s] [100%] Built target jackal_msgs__rosidl_typesupport_fastrtps_c__pyext
[1.098s] Invoked command in '/home/mani123/jackal_ws/build/jackal_msgs' returned '0': CMAKE_PREFIX_PATH=${CMAKE_PREFIX_PATH}:/home/mani123/jackal_ws/install/jackal_bbl:/opt/ros/foxy CONDA_PROMPT_MODIFIER=(ros2_env) /usr/bin/cmake --build /home/mani123/jackal_ws/build/jackal_msgs -- -j6 -l6
[1.098s] Invoking command in '/home/mani123/jackal_ws/build/jackal_msgs': CMAKE_PREFIX_PATH=${CMAKE_PREFIX_PATH}:/home/mani123/jackal_ws/install/jackal_bbl:/opt/ros/foxy CONDA_PROMPT_MODIFIER=(ros2_env) /usr/bin/cmake --install /home/mani123/jackal_ws/build/jackal_msgs
[1.122s] -- Install configuration: ""
[1.122s] -- Up-to-date: /home/mani123/jackal_ws/install/jackal_msgs/share/ament_index/resource_index/rosidl_interfaces/jackal_msgs
[1.122s] -- Up-to-date: /home/mani123/jackal_ws/install/jackal_msgs/include/jackal_msgs
[1.122s] -- Up-to-date: /home/mani123/jackal_ws/install/jackal_msgs/include/jackal_msgs/srv
[1.122s] -- Up-to-date: /home/mani123/jackal_ws/install/jackal_msgs/include/jackal_msgs/srv/detail
[1.123s] -- Up-to-date: /home/mani123/jackal_ws/install/jackal_msgs/include/jackal_msgs/srv/detail/set_domain_id__struct.h
[1.123s] -- Up-to-date: /home/mani123/jackal_ws/install/jackal_msgs/include/jackal_msgs/srv/detail/set_domain_id__functions.c
[1.123s] -- Up-to-date: /home/mani123/jackal_ws/install/jackal_msgs/include/jackal_msgs/srv/detail/set_domain_id__type_support.h
[1.123s] -- Up-to-date: /home/mani123/jackal_ws/install/jackal_msgs/include/jackal_msgs/srv/detail/set_domain_id__functions.h
[1.123s] -- Up-to-date: /home/mani123/jackal_ws/install/jackal_msgs/include/jackal_msgs/srv/set_domain_id.h
[1.124s] -- Up-to-date: /home/mani123/jackal_ws/install/jackal_msgs/include/jackal_msgs/msg
[1.124s] -- Up-to-date: /home/mani123/jackal_ws/install/jackal_msgs/include/jackal_msgs/msg/feedback.h
[1.124s] -- Up-to-date: /home/mani123/jackal_ws/install/jackal_msgs/include/jackal_msgs/msg/rosidl_generator_c__visibility_control.h
[1.124s] -- Up-to-date: /home/mani123/jackal_ws/install/jackal_msgs/include/jackal_msgs/msg/drive_feedback.h
[1.125s] -- Up-to-date: /home/mani123/jackal_ws/install/jackal_msgs/include/jackal_msgs/msg/detail
[1.125s] -- Up-to-date: /home/mani123/jackal_ws/install/jackal_msgs/include/jackal_msgs/msg/detail/feedback__functions.c
[1.125s] -- Up-to-date: /home/mani123/jackal_ws/install/jackal_msgs/include/jackal_msgs/msg/detail/power__functions.h
[1.125s] -- Up-to-date: /home/mani123/jackal_ws/install/jackal_msgs/include/jackal_msgs/msg/detail/drive__functions.h
[1.125s] -- Up-to-date: /home/mani123/jackal_ws/install/jackal_msgs/include/jackal_msgs/msg/detail/power__struct.h
[1.125s] -- Up-to-date: /home/mani123/jackal_ws/install/jackal_msgs/include/jackal_msgs/msg/detail/status__struct.h
[1.126s] -- Up-to-date: /home/mani123/jackal_ws/install/jackal_msgs/include/jackal_msgs/msg/detail/drive__functions.c
[1.126s] -- Up-to-date: /home/mani123/jackal_ws/install/jackal_msgs/include/jackal_msgs/msg/detail/stop_status__struct.h
[1.126s] -- Up-to-date: /home/mani123/jackal_ws/install/jackal_msgs/include/jackal_msgs/msg/detail/feedback__type_support.h
[1.126s] -- Up-to-date: /home/mani123/jackal_ws/install/jackal_msgs/include/jackal_msgs/msg/detail/drive_feedback__functions.c
[1.130s] -- Up-to-date: /home/mani123/jackal_ws/install/jackal_msgs/include/jackal_msgs/msg/detail/feedback__struct.h
[1.130s] -- Up-to-date: /home/mani123/jackal_ws/install/jackal_msgs/include/jackal_msgs/msg/detail/power__type_support.h
[1.130s] -- Up-to-date: /home/mani123/jackal_ws/install/jackal_msgs/include/jackal_msgs/msg/detail/stop_status__functions.h
[1.131s] -- Up-to-date: /home/mani123/jackal_ws/install/jackal_msgs/include/jackal_msgs/msg/detail/drive_feedback__type_support.h
[1.132s] -- Up-to-date: /home/mani123/jackal_ws/install/jackal_msgs/include/jackal_msgs/msg/detail/status__functions.h
[1.141s] -- Up-to-date: /home/mani123/jackal_ws/install/jackal_msgs/include/jackal_msgs/msg/detail/drive_feedback__functions.h
[1.141s] -- Up-to-date: /home/mani123/jackal_ws/install/jackal_msgs/include/jackal_msgs/msg/detail/drive_feedback__struct.h
[1.142s] -- Up-to-date: /home/mani123/jackal_ws/install/jackal_msgs/include/jackal_msgs/msg/detail/stop_status__functions.c
[1.142s] -- Up-to-date: /home/mani123/jackal_ws/install/jackal_msgs/include/jackal_msgs/msg/detail/feedback__functions.h
[1.142s] -- Up-to-date: /home/mani123/jackal_ws/install/jackal_msgs/include/jackal_msgs/msg/detail/stop_status__type_support.h
[1.142s] -- Up-to-date: /home/mani123/jackal_ws/install/jackal_msgs/include/jackal_msgs/msg/detail/drive__struct.h
[1.142s] -- Up-to-date: /home/mani123/jackal_ws/install/jackal_msgs/include/jackal_msgs/msg/detail/power__functions.c
[1.142s] -- Up-to-date: /home/mani123/jackal_ws/install/jackal_msgs/include/jackal_msgs/msg/detail/status__type_support.h
[1.142s] -- Up-to-date: /home/mani123/jackal_ws/install/jackal_msgs/include/jackal_msgs/msg/detail/drive__type_support.h
[1.142s] -- Up-to-date: /home/mani123/jackal_ws/install/jackal_msgs/include/jackal_msgs/msg/detail/status__functions.c
[1.142s] -- Up-to-date: /home/mani123/jackal_ws/install/jackal_msgs/include/jackal_msgs/msg/power.h
[1.142s] -- Up-to-date: /home/mani123/jackal_ws/install/jackal_msgs/include/jackal_msgs/msg/drive.h
[1.142s] -- Up-to-date: /home/mani123/jackal_ws/install/jackal_msgs/include/jackal_msgs/msg/stop_status.h
[1.142s] -- Up-to-date: /home/mani123/jackal_ws/install/jackal_msgs/include/jackal_msgs/msg/status.h
[1.143s] -- Up-to-date: /home/mani123/jackal_ws/install/jackal_msgs/share/jackal_msgs/environment/library_path.sh
[1.143s] -- Up-to-date: /home/mani123/jackal_ws/install/jackal_msgs/share/jackal_msgs/environment/library_path.dsv
[1.143s] -- Up-to-date: /home/mani123/jackal_ws/install/jackal_msgs/lib/libjackal_msgs__rosidl_generator_c.so
[1.143s] -- Up-to-date: /home/mani123/jackal_ws/install/jackal_msgs/include/jackal_msgs
[1.143s] -- Up-to-date: /home/mani123/jackal_ws/install/jackal_msgs/include/jackal_msgs/srv
[1.143s] -- Up-to-date: /home/mani123/jackal_ws/install/jackal_msgs/include/jackal_msgs/srv/detail
[1.143s] -- Up-to-date: /home/mani123/jackal_ws/install/jackal_msgs/include/jackal_msgs/srv/detail/set_domain_id__rosidl_typesupport_fastrtps_c.h
[1.144s] -- Up-to-date: /home/mani123/jackal_ws/install/jackal_msgs/include/jackal_msgs/msg
[1.144s] -- Up-to-date: /home/mani123/jackal_ws/install/jackal_msgs/include/jackal_msgs/msg/rosidl_typesupport_fastrtps_c__visibility_control.h
[1.144s] -- Up-to-date: /home/mani123/jackal_ws/install/jackal_msgs/include/jackal_msgs/msg/detail
[1.144s] -- Up-to-date: /home/mani123/jackal_ws/install/jackal_msgs/include/jackal_msgs/msg/detail/power__rosidl_typesupport_fastrtps_c.h
[1.144s] -- Up-to-date: /home/mani123/jackal_ws/install/jackal_msgs/include/jackal_msgs/msg/detail/stop_status__rosidl_typesupport_fastrtps_c.h
[1.144s] -- Up-to-date: /home/mani123/jackal_ws/install/jackal_msgs/include/jackal_msgs/msg/detail/feedback__rosidl_typesupport_fastrtps_c.h
[1.144s] -- Up-to-date: /home/mani123/jackal_ws/install/jackal_msgs/include/jackal_msgs/msg/detail/status__rosidl_typesupport_fastrtps_c.h
[1.144s] -- Up-to-date: /home/mani123/jackal_ws/install/jackal_msgs/include/jackal_msgs/msg/detail/drive__rosidl_typesupport_fastrtps_c.h
[1.144s] -- Up-to-date: /home/mani123/jackal_ws/install/jackal_msgs/include/jackal_msgs/msg/detail/drive_feedback__rosidl_typesupport_fastrtps_c.h
[1.144s] -- Up-to-date: /home/mani123/jackal_ws/install/jackal_msgs/lib/libjackal_msgs__rosidl_typesupport_fastrtps_c.so
[1.144s] -- Up-to-date: /home/mani123/jackal_ws/install/jackal_msgs/include/jackal_msgs
[1.144s] -- Up-to-date: /home/mani123/jackal_ws/install/jackal_msgs/include/jackal_msgs/srv
[1.145s] -- Up-to-date: /home/mani123/jackal_ws/install/jackal_msgs/include/jackal_msgs/srv/detail
[1.145s] -- Up-to-date: /home/mani123/jackal_ws/install/jackal_msgs/include/jackal_msgs/srv/detail/set_domain_id__rosidl_typesupport_fastrtps_cpp.hpp
[1.145s] -- Up-to-date: /home/mani123/jackal_ws/install/jackal_msgs/include/jackal_msgs/srv/detail/dds_fastrtps
[1.145s] -- Up-to-date: /home/mani123/jackal_ws/install/jackal_msgs/include/jackal_msgs/msg
[1.145s] -- Up-to-date: /home/mani123/jackal_ws/install/jackal_msgs/include/jackal_msgs/msg/detail
[1.145s] -- Up-to-date: /home/mani123/jackal_ws/install/jackal_msgs/include/jackal_msgs/msg/detail/drive_feedback__rosidl_typesupport_fastrtps_cpp.hpp
[1.145s] -- Up-to-date: /home/mani123/jackal_ws/install/jackal_msgs/include/jackal_msgs/msg/detail/stop_status__rosidl_typesupport_fastrtps_cpp.hpp
[1.145s] -- Up-to-date: /home/mani123/jackal_ws/install/jackal_msgs/include/jackal_msgs/msg/detail/status__rosidl_typesupport_fastrtps_cpp.hpp
[1.145s] -- Up-to-date: /home/mani123/jackal_ws/install/jackal_msgs/include/jackal_msgs/msg/detail/power__rosidl_typesupport_fastrtps_cpp.hpp
[1.145s] -- Up-to-date: /home/mani123/jackal_ws/install/jackal_msgs/include/jackal_msgs/msg/detail/dds_fastrtps
[1.145s] -- Up-to-date: /home/mani123/jackal_ws/install/jackal_msgs/include/jackal_msgs/msg/detail/drive__rosidl_typesupport_fastrtps_cpp.hpp
[1.145s] -- Up-to-date: /home/mani123/jackal_ws/install/jackal_msgs/include/jackal_msgs/msg/detail/feedback__rosidl_typesupport_fastrtps_cpp.hpp
[1.146s] -- Up-to-date: /home/mani123/jackal_ws/install/jackal_msgs/include/jackal_msgs/msg/rosidl_typesupport_fastrtps_cpp__visibility_control.h
[1.146s] -- Up-to-date: /home/mani123/jackal_ws/install/jackal_msgs/lib/libjackal_msgs__rosidl_typesupport_fastrtps_cpp.so
[1.146s] -- Up-to-date: /home/mani123/jackal_ws/install/jackal_msgs/include/jackal_msgs
[1.146s] -- Up-to-date: /home/mani123/jackal_ws/install/jackal_msgs/include/jackal_msgs/srv
[1.146s] -- Up-to-date: /home/mani123/jackal_ws/install/jackal_msgs/include/jackal_msgs/srv/detail
[1.146s] -- Up-to-date: /home/mani123/jackal_ws/install/jackal_msgs/include/jackal_msgs/srv/detail/set_domain_id__rosidl_typesupport_introspection_c.h
[1.146s] -- Up-to-date: /home/mani123/jackal_ws/install/jackal_msgs/include/jackal_msgs/srv/detail/set_domain_id__type_support.c
[1.146s] -- Up-to-date: /home/mani123/jackal_ws/install/jackal_msgs/include/jackal_msgs/msg
[1.146s] -- Up-to-date: /home/mani123/jackal_ws/install/jackal_msgs/include/jackal_msgs/msg/detail
[1.146s] -- Up-to-date: /home/mani123/jackal_ws/install/jackal_msgs/include/jackal_msgs/msg/detail/power__rosidl_typesupport_introspection_c.h
[1.146s] -- Up-to-date: /home/mani123/jackal_ws/install/jackal_msgs/include/jackal_msgs/msg/detail/drive__type_support.c
[1.147s] -- Up-to-date: /home/mani123/jackal_ws/install/jackal_msgs/include/jackal_msgs/msg/detail/status__rosidl_typesupport_introspection_c.h
[1.147s] -- Up-to-date: /home/mani123/jackal_ws/install/jackal_msgs/include/jackal_msgs/msg/detail/stop_status__rosidl_typesupport_introspection_c.h
[1.147s] -- Up-to-date: /home/mani123/jackal_ws/install/jackal_msgs/include/jackal_msgs/msg/detail/drive__rosidl_typesupport_introspection_c.h
[1.147s] -- Up-to-date: /home/mani123/jackal_ws/install/jackal_msgs/include/jackal_msgs/msg/detail/feedback__type_support.c
[1.147s] -- Up-to-date: /home/mani123/jackal_ws/install/jackal_msgs/include/jackal_msgs/msg/detail/status__type_support.c
[1.147s] -- Up-to-date: /home/mani123/jackal_ws/install/jackal_msgs/include/jackal_msgs/msg/detail/stop_status__type_support.c
[1.147s] -- Up-to-date: /home/mani123/jackal_ws/install/jackal_msgs/include/jackal_msgs/msg/detail/feedback__rosidl_typesupport_introspection_c.h
[1.147s] -- Up-to-date: /home/mani123/jackal_ws/install/jackal_msgs/include/jackal_msgs/msg/detail/drive_feedback__type_support.c
[1.147s] -- Up-to-date: /home/mani123/jackal_ws/install/jackal_msgs/include/jackal_msgs/msg/detail/power__type_support.c
[1.147s] -- Up-to-date: /home/mani123/jackal_ws/install/jackal_msgs/include/jackal_msgs/msg/detail/drive_feedback__rosidl_typesupport_introspection_c.h
[1.148s] -- Up-to-date: /home/mani123/jackal_ws/install/jackal_msgs/include/jackal_msgs/msg/rosidl_typesupport_introspection_c__visibility_control.h
[1.148s] -- Up-to-date: /home/mani123/jackal_ws/install/jackal_msgs/lib/libjackal_msgs__rosidl_typesupport_introspection_c.so
[1.148s] -- Up-to-date: /home/mani123/jackal_ws/install/jackal_msgs/lib/libjackal_msgs__rosidl_typesupport_c.so
[1.148s] -- Up-to-date: /home/mani123/jackal_ws/install/jackal_msgs/include/jackal_msgs
[1.158s] -- Up-to-date: /home/mani123/jackal_ws/install/jackal_msgs/include/jackal_msgs/srv
[1.158s] -- Up-to-date: /home/mani123/jackal_ws/install/jackal_msgs/include/jackal_msgs/srv/set_domain_id.hpp
[1.158s] -- Up-to-date: /home/mani123/jackal_ws/install/jackal_msgs/include/jackal_msgs/srv/detail
[1.159s] -- Up-to-date: /home/mani123/jackal_ws/install/jackal_msgs/include/jackal_msgs/srv/detail/set_domain_id__struct.hpp
[1.159s] -- Up-to-date: /home/mani123/jackal_ws/install/jackal_msgs/include/jackal_msgs/srv/detail/set_domain_id__type_support.hpp
[1.159s] -- Up-to-date: /home/mani123/jackal_ws/install/jackal_msgs/include/jackal_msgs/srv/detail/set_domain_id__traits.hpp
[1.159s] -- Up-to-date: /home/mani123/jackal_ws/install/jackal_msgs/include/jackal_msgs/srv/detail/set_domain_id__builder.hpp
[1.159s] -- Up-to-date: /home/mani123/jackal_ws/install/jackal_msgs/include/jackal_msgs/msg
[1.159s] -- Up-to-date: /home/mani123/jackal_ws/install/jackal_msgs/include/jackal_msgs/msg/feedback.hpp
[1.159s] -- Up-to-date: /home/mani123/jackal_ws/install/jackal_msgs/include/jackal_msgs/msg/detail
[1.159s] -- Up-to-date: /home/mani123/jackal_ws/install/jackal_msgs/include/jackal_msgs/msg/detail/drive_feedback__traits.hpp
[1.159s] -- Up-to-date: /home/mani123/jackal_ws/install/jackal_msgs/include/jackal_msgs/msg/detail/feedback__traits.hpp
[1.159s] -- Up-to-date: /home/mani123/jackal_ws/install/jackal_msgs/include/jackal_msgs/msg/detail/feedback__type_support.hpp
[1.159s] -- Up-to-date: /home/mani123/jackal_ws/install/jackal_msgs/include/jackal_msgs/msg/detail/drive__builder.hpp
[1.159s] -- Up-to-date: /home/mani123/jackal_ws/install/jackal_msgs/include/jackal_msgs/msg/detail/drive__traits.hpp
[1.160s] -- Up-to-date: /home/mani123/jackal_ws/install/jackal_msgs/include/jackal_msgs/msg/detail/status__builder.hpp
[1.160s] -- Up-to-date: /home/mani123/jackal_ws/install/jackal_msgs/include/jackal_msgs/msg/detail/stop_status__struct.hpp
[1.160s] -- Up-to-date: /home/mani123/jackal_ws/install/jackal_msgs/include/jackal_msgs/msg/detail/status__struct.hpp
[1.160s] -- Up-to-date: /home/mani123/jackal_ws/install/jackal_msgs/include/jackal_msgs/msg/detail/drive_feedback__type_support.hpp
[1.160s] -- Up-to-date: /home/mani123/jackal_ws/install/jackal_msgs/include/jackal_msgs/msg/detail/feedback__builder.hpp
[1.160s] -- Up-to-date: /home/mani123/jackal_ws/install/jackal_msgs/include/jackal_msgs/msg/detail/power__builder.hpp
[1.160s] -- Up-to-date: /home/mani123/jackal_ws/install/jackal_msgs/include/jackal_msgs/msg/detail/stop_status__traits.hpp
[1.160s] -- Up-to-date: /home/mani123/jackal_ws/install/jackal_msgs/include/jackal_msgs/msg/detail/stop_status__builder.hpp
[1.160s] -- Up-to-date: /home/mani123/jackal_ws/install/jackal_msgs/include/jackal_msgs/msg/detail/power__struct.hpp
[1.160s] -- Up-to-date: /home/mani123/jackal_ws/install/jackal_msgs/include/jackal_msgs/msg/detail/status__traits.hpp
[1.160s] -- Up-to-date: /home/mani123/jackal_ws/install/jackal_msgs/include/jackal_msgs/msg/detail/drive__type_support.hpp
[1.160s] -- Up-to-date: /home/mani123/jackal_ws/install/jackal_msgs/include/jackal_msgs/msg/detail/drive_feedback__builder.hpp
[1.160s] -- Up-to-date: /home/mani123/jackal_ws/install/jackal_msgs/include/jackal_msgs/msg/detail/feedback__struct.hpp
[1.161s] -- Up-to-date: /home/mani123/jackal_ws/install/jackal_msgs/include/jackal_msgs/msg/detail/stop_status__type_support.hpp
[1.161s] -- Up-to-date: /home/mani123/jackal_ws/install/jackal_msgs/include/jackal_msgs/msg/detail/drive__struct.hpp
[1.161s] -- Up-to-date: /home/mani123/jackal_ws/install/jackal_msgs/include/jackal_msgs/msg/detail/power__type_support.hpp
[1.161s] -- Up-to-date: /home/mani123/jackal_ws/install/jackal_msgs/include/jackal_msgs/msg/detail/drive_feedback__struct.hpp
[1.161s] -- Up-to-date: /home/mani123/jackal_ws/install/jackal_msgs/include/jackal_msgs/msg/detail/power__traits.hpp
[1.161s] -- Up-to-date: /home/mani123/jackal_ws/install/jackal_msgs/include/jackal_msgs/msg/detail/status__type_support.hpp
[1.161s] -- Up-to-date: /home/mani123/jackal_ws/install/jackal_msgs/include/jackal_msgs/msg/stop_status.hpp
[1.161s] -- Up-to-date: /home/mani123/jackal_ws/install/jackal_msgs/include/jackal_msgs/msg/drive_feedback.hpp
[1.161s] -- Up-to-date: /home/mani123/jackal_ws/install/jackal_msgs/include/jackal_msgs/msg/status.hpp
[1.161s] -- Up-to-date: /home/mani123/jackal_ws/install/jackal_msgs/include/jackal_msgs/msg/drive.hpp
[1.161s] -- Up-to-date: /home/mani123/jackal_ws/install/jackal_msgs/include/jackal_msgs/msg/rosidl_generator_cpp__visibility_control.hpp
[1.161s] -- Up-to-date: /home/mani123/jackal_ws/install/jackal_msgs/include/jackal_msgs/msg/power.hpp
[1.161s] -- Up-to-date: /home/mani123/jackal_ws/install/jackal_msgs/include/jackal_msgs
[1.162s] -- Up-to-date: /home/mani123/jackal_ws/install/jackal_msgs/include/jackal_msgs/srv
[1.162s] -- Up-to-date: /home/mani123/jackal_ws/install/jackal_msgs/include/jackal_msgs/srv/detail
[1.168s] -- Up-to-date: /home/mani123/jackal_ws/install/jackal_msgs/include/jackal_msgs/srv/detail/set_domain_id__rosidl_typesupport_introspection_cpp.hpp
[1.168s] -- Up-to-date: /home/mani123/jackal_ws/install/jackal_msgs/include/jackal_msgs/srv/detail/set_domain_id__type_support.cpp
[1.168s] -- Up-to-date: /home/mani123/jackal_ws/install/jackal_msgs/include/jackal_msgs/msg
[1.169s] -- Up-to-date: /home/mani123/jackal_ws/install/jackal_msgs/include/jackal_msgs/msg/detail
[1.169s] -- Up-to-date: /home/mani123/jackal_ws/install/jackal_msgs/include/jackal_msgs/msg/detail/stop_status__rosidl_typesupport_introspection_cpp.hpp
[1.169s] -- Up-to-date: /home/mani123/jackal_ws/install/jackal_msgs/include/jackal_msgs/msg/detail/drive__type_support.cpp
[1.169s] -- Up-to-date: /home/mani123/jackal_ws/install/jackal_msgs/include/jackal_msgs/msg/detail/drive__rosidl_typesupport_introspection_cpp.hpp
[1.169s] -- Up-to-date: /home/mani123/jackal_ws/install/jackal_msgs/include/jackal_msgs/msg/detail/status__rosidl_typesupport_introspection_cpp.hpp
[1.169s] -- Up-to-date: /home/mani123/jackal_ws/install/jackal_msgs/include/jackal_msgs/msg/detail/stop_status__type_support.cpp
[1.169s] -- Up-to-date: /home/mani123/jackal_ws/install/jackal_msgs/include/jackal_msgs/msg/detail/power__rosidl_typesupport_introspection_cpp.hpp
[1.169s] -- Up-to-date: /home/mani123/jackal_ws/install/jackal_msgs/include/jackal_msgs/msg/detail/feedback__type_support.cpp
[1.169s] -- Up-to-date: /home/mani123/jackal_ws/install/jackal_msgs/include/jackal_msgs/msg/detail/feedback__rosidl_typesupport_introspection_cpp.hpp
[1.169s] -- Up-to-date: /home/mani123/jackal_ws/install/jackal_msgs/include/jackal_msgs/msg/detail/power__type_support.cpp
[1.170s] -- Up-to-date: /home/mani123/jackal_ws/install/jackal_msgs/include/jackal_msgs/msg/detail/drive_feedback__rosidl_typesupport_introspection_cpp.hpp
[1.170s] -- Up-to-date: /home/mani123/jackal_ws/install/jackal_msgs/include/jackal_msgs/msg/detail/status__type_support.cpp
[1.170s] -- Up-to-date: /home/mani123/jackal_ws/install/jackal_msgs/include/jackal_msgs/msg/detail/drive_feedback__type_support.cpp
[1.170s] -- Up-to-date: /home/mani123/jackal_ws/install/jackal_msgs/lib/libjackal_msgs__rosidl_typesupport_introspection_cpp.so
[1.170s] -- Up-to-date: /home/mani123/jackal_ws/install/jackal_msgs/lib/libjackal_msgs__rosidl_typesupport_cpp.so
[1.170s] -- Up-to-date: /home/mani123/jackal_ws/install/jackal_msgs/share/jackal_msgs/environment/pythonpath.sh
[1.170s] -- Up-to-date: /home/mani123/jackal_ws/install/jackal_msgs/share/jackal_msgs/environment/pythonpath.dsv
[1.170s] -- Up-to-date: /home/mani123/jackal_ws/install/jackal_msgs/lib/python3.8/site-packages/jackal_msgs/__init__.py
[1.184s] -- Up-to-date: /home/mani123/jackal_ws/install/jackal_msgs/lib/python3.8/site-packages/jackal_msgs/msg
[1.184s] -- Up-to-date: /home/mani123/jackal_ws/install/jackal_msgs/lib/python3.8/site-packages/jackal_msgs/msg/_feedback_s.c
[1.184s] -- Up-to-date: /home/mani123/jackal_ws/install/jackal_msgs/lib/python3.8/site-packages/jackal_msgs/msg/__init__.py
[1.184s] -- Up-to-date: /home/mani123/jackal_ws/install/jackal_msgs/lib/python3.8/site-packages/jackal_msgs/msg/_power_s.c
[1.184s] -- Up-to-date: /home/mani123/jackal_ws/install/jackal_msgs/lib/python3.8/site-packages/jackal_msgs/msg/_status.py
[1.184s] -- Up-to-date: /home/mani123/jackal_ws/install/jackal_msgs/lib/python3.8/site-packages/jackal_msgs/msg/_stop_status_s.c
[1.184s] -- Up-to-date: /home/mani123/jackal_ws/install/jackal_msgs/lib/python3.8/site-packages/jackal_msgs/msg/_drive_feedback.py
[1.184s] -- Up-to-date: /home/mani123/jackal_ws/install/jackal_msgs/lib/python3.8/site-packages/jackal_msgs/msg/_power.py
[1.185s] -- Up-to-date: /home/mani123/jackal_ws/install/jackal_msgs/lib/python3.8/site-packages/jackal_msgs/msg/_drive_feedback_s.c
[1.186s] -- Up-to-date: /home/mani123/jackal_ws/install/jackal_msgs/lib/python3.8/site-packages/jackal_msgs/msg/_stop_status.py
[1.186s] -- Up-to-date: /home/mani123/jackal_ws/install/jackal_msgs/lib/python3.8/site-packages/jackal_msgs/msg/_feedback.py
[1.186s] -- Up-to-date: /home/mani123/jackal_ws/install/jackal_msgs/lib/python3.8/site-packages/jackal_msgs/msg/_drive.py
[1.186s] -- Up-to-date: /home/mani123/jackal_ws/install/jackal_msgs/lib/python3.8/site-packages/jackal_msgs/msg/_status_s.c
[1.186s] -- Up-to-date: /home/mani123/jackal_ws/install/jackal_msgs/lib/python3.8/site-packages/jackal_msgs/msg/_drive_s.c
[1.186s] -- Up-to-date: /home/mani123/jackal_ws/install/jackal_msgs/lib/python3.8/site-packages/jackal_msgs/srv
[1.189s] -- Up-to-date: /home/mani123/jackal_ws/install/jackal_msgs/lib/python3.8/site-packages/jackal_msgs/srv/__init__.py
[1.190s] -- Up-to-date: /home/mani123/jackal_ws/install/jackal_msgs/lib/python3.8/site-packages/jackal_msgs/srv/_set_domain_id.py
[1.191s] -- Up-to-date: /home/mani123/jackal_ws/install/jackal_msgs/lib/python3.8/site-packages/jackal_msgs/srv/_set_domain_id_s.c
[1.191s] -- Up-to-date: /home/mani123/jackal_ws/install/jackal_msgs/lib/python3.8/site-packages/jackal_msgs/jackal_msgs_s__rosidl_typesupport_fastrtps_c.cpython-38-x86_64-linux-gnu.so
[1.191s] -- Up-to-date: /home/mani123/jackal_ws/install/jackal_msgs/lib/python3.8/site-packages/jackal_msgs/jackal_msgs_s__rosidl_typesupport_introspection_c.cpython-38-x86_64-linux-gnu.so
[1.191s] -- Up-to-date: /home/mani123/jackal_ws/install/jackal_msgs/lib/python3.8/site-packages/jackal_msgs/jackal_msgs_s__rosidl_typesupport_c.cpython-38-x86_64-linux-gnu.so
[1.191s] -- Up-to-date: /home/mani123/jackal_ws/install/jackal_msgs/lib/libjackal_msgs__python.so
[1.191s] -- Up-to-date: /home/mani123/jackal_ws/install/jackal_msgs/share/jackal_msgs/msg/Drive.idl
[1.191s] -- Up-to-date: /home/mani123/jackal_ws/install/jackal_msgs/share/jackal_msgs/msg/DriveFeedback.idl
[1.191s] -- Up-to-date: /home/mani123/jackal_ws/install/jackal_msgs/share/jackal_msgs/msg/Feedback.idl
[1.191s] -- Up-to-date: /home/mani123/jackal_ws/install/jackal_msgs/share/jackal_msgs/msg/Power.idl
[1.191s] -- Up-to-date: /home/mani123/jackal_ws/install/jackal_msgs/share/jackal_msgs/msg/Status.idl
[1.192s] -- Up-to-date: /home/mani123/jackal_ws/install/jackal_msgs/share/jackal_msgs/msg/StopStatus.idl
[1.192s] -- Up-to-date: /home/mani123/jackal_ws/install/jackal_msgs/share/jackal_msgs/srv/SetDomainId.idl
[1.192s] -- Up-to-date: /home/mani123/jackal_ws/install/jackal_msgs/share/jackal_msgs/msg/Drive.msg
[1.192s] -- Up-to-date: /home/mani123/jackal_ws/install/jackal_msgs/share/jackal_msgs/msg/DriveFeedback.msg
[1.192s] -- Up-to-date: /home/mani123/jackal_ws/install/jackal_msgs/share/jackal_msgs/msg/Feedback.msg
[1.192s] -- Up-to-date: /home/mani123/jackal_ws/install/jackal_msgs/share/jackal_msgs/msg/Power.msg
[1.192s] -- Up-to-date: /home/mani123/jackal_ws/install/jackal_msgs/share/jackal_msgs/msg/Status.msg
[1.192s] -- Up-to-date: /home/mani123/jackal_ws/install/jackal_msgs/share/jackal_msgs/msg/StopStatus.msg
[1.192s] -- Up-to-date: /home/mani123/jackal_ws/install/jackal_msgs/share/jackal_msgs/srv/SetDomainId.srv
[1.192s] -- Up-to-date: /home/mani123/jackal_ws/install/jackal_msgs/share/jackal_msgs/srv/SetDomainId_Request.msg
[1.192s] -- Up-to-date: /home/mani123/jackal_ws/install/jackal_msgs/share/jackal_msgs/srv/SetDomainId_Response.msg
[1.193s] -- Up-to-date: /home/mani123/jackal_ws/install/jackal_msgs/share/ament_index/resource_index/package_run_dependencies/jackal_msgs
[1.193s] -- Up-to-date: /home/mani123/jackal_ws/install/jackal_msgs/share/ament_index/resource_index/parent_prefix_path/jackal_msgs
[1.195s] -- Up-to-date: /home/mani123/jackal_ws/install/jackal_msgs/share/jackal_msgs/environment/ament_prefix_path.sh
[1.195s] -- Up-to-date: /home/mani123/jackal_ws/install/jackal_msgs/share/jackal_msgs/environment/ament_prefix_path.dsv
[1.195s] -- Up-to-date: /home/mani123/jackal_ws/install/jackal_msgs/share/jackal_msgs/environment/path.sh
[1.204s] -- Up-to-date: /home/mani123/jackal_ws/install/jackal_msgs/share/jackal_msgs/environment/path.dsv
[1.204s] -- Up-to-date: /home/mani123/jackal_ws/install/jackal_msgs/share/jackal_msgs/local_setup.bash
[1.205s] -- Up-to-date: /home/mani123/jackal_ws/install/jackal_msgs/share/jackal_msgs/local_setup.sh
[1.205s] -- Up-to-date: /home/mani123/jackal_ws/install/jackal_msgs/share/jackal_msgs/local_setup.zsh
[1.205s] -- Up-to-date: /home/mani123/jackal_ws/install/jackal_msgs/share/jackal_msgs/local_setup.dsv
[1.205s] -- Installing: /home/mani123/jackal_ws/install/jackal_msgs/share/jackal_msgs/package.dsv
[1.205s] -- Up-to-date: /home/mani123/jackal_ws/install/jackal_msgs/share/ament_index/resource_index/packages/jackal_msgs
[1.205s] -- Up-to-date: /home/mani123/jackal_ws/install/jackal_msgs/share/jackal_msgs/cmake/jackal_msgs__rosidl_generator_cExport.cmake
[1.205s] -- Up-to-date: /home/mani123/jackal_ws/install/jackal_msgs/share/jackal_msgs/cmake/jackal_msgs__rosidl_generator_cExport-noconfig.cmake
[1.205s] -- Up-to-date: /home/mani123/jackal_ws/install/jackal_msgs/share/jackal_msgs/cmake/jackal_msgs__rosidl_typesupport_introspection_cExport.cmake
[1.205s] -- Up-to-date: /home/mani123/jackal_ws/install/jackal_msgs/share/jackal_msgs/cmake/jackal_msgs__rosidl_typesupport_introspection_cExport-noconfig.cmake
[1.205s] -- Up-to-date: /home/mani123/jackal_ws/install/jackal_msgs/share/jackal_msgs/cmake/jackal_msgs__rosidl_typesupport_cExport.cmake
[1.205s] -- Up-to-date: /home/mani123/jackal_ws/install/jackal_msgs/share/jackal_msgs/cmake/jackal_msgs__rosidl_typesupport_cExport-noconfig.cmake
[1.205s] -- Up-to-date: /home/mani123/jackal_ws/install/jackal_msgs/share/jackal_msgs/cmake/jackal_msgs__rosidl_generator_cppExport.cmake
[1.206s] -- Up-to-date: /home/mani123/jackal_ws/install/jackal_msgs/share/jackal_msgs/cmake/jackal_msgs__rosidl_typesupport_introspection_cppExport.cmake
[1.206s] -- Up-to-date: /home/mani123/jackal_ws/install/jackal_msgs/share/jackal_msgs/cmake/jackal_msgs__rosidl_typesupport_introspection_cppExport-noconfig.cmake
[1.206s] -- Up-to-date: /home/mani123/jackal_ws/install/jackal_msgs/share/jackal_msgs/cmake/jackal_msgs__rosidl_typesupport_cppExport.cmake
[1.206s] -- Up-to-date: /home/mani123/jackal_ws/install/jackal_msgs/share/jackal_msgs/cmake/jackal_msgs__rosidl_typesupport_cppExport-noconfig.cmake
[1.206s] -- Up-to-date: /home/mani123/jackal_ws/install/jackal_msgs/share/jackal_msgs/cmake/rosidl_cmake-extras.cmake
[1.206s] -- Up-to-date: /home/mani123/jackal_ws/install/jackal_msgs/share/jackal_msgs/cmake/ament_cmake_export_dependencies-extras.cmake
[1.206s] -- Up-to-date: /home/mani123/jackal_ws/install/jackal_msgs/share/jackal_msgs/cmake/ament_cmake_export_libraries-extras.cmake
[1.206s] -- Up-to-date: /home/mani123/jackal_ws/install/jackal_msgs/share/jackal_msgs/cmake/ament_cmake_export_targets-extras.cmake
[1.206s] -- Up-to-date: /home/mani123/jackal_ws/install/jackal_msgs/share/jackal_msgs/cmake/ament_cmake_export_include_directories-extras.cmake
[1.206s] -- Up-to-date: /home/mani123/jackal_ws/install/jackal_msgs/share/jackal_msgs/cmake/rosidl_cmake_export_typesupport_libraries-extras.cmake
[1.210s] -- Up-to-date: /home/mani123/jackal_ws/install/jackal_msgs/share/jackal_msgs/cmake/rosidl_cmake_export_typesupport_targets-extras.cmake
[1.210s] -- Up-to-date: /home/mani123/jackal_ws/install/jackal_msgs/share/jackal_msgs/cmake/jackal_msgsConfig.cmake
[1.210s] -- Up-to-date: /home/mani123/jackal_ws/install/jackal_msgs/share/jackal_msgs/cmake/jackal_msgsConfig-version.cmake
[1.210s] -- Up-to-date: /home/mani123/jackal_ws/install/jackal_msgs/share/jackal_msgs/package.xml
[1.244s] Invoked command in '/home/mani123/jackal_ws/build/jackal_msgs' returned '0': CMAKE_PREFIX_PATH=${CMAKE_PREFIX_PATH}:/home/mani123/jackal_ws/install/jackal_bbl:/opt/ros/foxy CONDA_PROMPT_MODIFIER=(ros2_env) /usr/bin/cmake --install /home/mani123/jackal_ws/build/jackal_msgs
