[0.041s] Invoking command in '/home/mani123/jackal_ws/build/jackal_gazebo': CMAKE_PREFIX_PATH=/home/mani123/jackal_ws/install/jackal_control:/home/mani123/jackal_ws/install/jackal_description:/home/mani123/jackal_ws/install/jackal_desktop:/home/mani123/jackal_ws/install/jackal_viz:/home/mani123/jackal_ws/install/jackal_simulator:/home/mani123/jackal_ws/install/jackal_navigation:/home/mani123/jackal_ws/install/jackal_msgs:/home/mani123/jackal_ws/install/jackal_gazebo:/home/mani123/jackal_ws/install/jackal_bbl:/opt/ros/foxy CONDA_PROMPT_MODIFIER=(ros2_env) /usr/bin/cmake --build /home/mani123/jackal_ws/build/jackal_gazebo -- -j6 -l6
[0.207s] Invoked command in '/home/mani123/jackal_ws/build/jackal_gazebo' returned '0': CMAKE_PREFIX_PATH=/home/mani123/jackal_ws/install/jackal_control:/home/mani123/jackal_ws/install/jackal_description:/home/mani123/jackal_ws/install/jackal_desktop:/home/mani123/jackal_ws/install/jackal_viz:/home/mani123/jackal_ws/install/jackal_simulator:/home/mani123/jackal_ws/install/jackal_navigation:/home/mani123/jackal_ws/install/jackal_msgs:/home/mani123/jackal_ws/install/jackal_gazebo:/home/mani123/jackal_ws/install/jackal_bbl:/opt/ros/foxy CONDA_PROMPT_MODIFIER=(ros2_env) /usr/bin/cmake --build /home/mani123/jackal_ws/build/jackal_gazebo -- -j6 -l6
[0.211s] Invoking command in '/home/mani123/jackal_ws/build/jackal_gazebo': CMAKE_PREFIX_PATH=/home/mani123/jackal_ws/install/jackal_control:/home/mani123/jackal_ws/install/jackal_description:/home/mani123/jackal_ws/install/jackal_desktop:/home/mani123/jackal_ws/install/jackal_viz:/home/mani123/jackal_ws/install/jackal_simulator:/home/mani123/jackal_ws/install/jackal_navigation:/home/mani123/jackal_ws/install/jackal_msgs:/home/mani123/jackal_ws/install/jackal_gazebo:/home/mani123/jackal_ws/install/jackal_bbl:/opt/ros/foxy CONDA_PROMPT_MODIFIER=(ros2_env) /usr/bin/cmake --install /home/mani123/jackal_ws/build/jackal_gazebo
[0.221s] -- Install configuration: ""
[0.221s] -- Up-to-date: /home/mani123/jackal_ws/install/jackal_gazebo/share/jackal_gazebo/launch
[0.221s] -- Up-to-date: /home/mani123/jackal_ws/install/jackal_gazebo/share/jackal_gazebo/launch/gazebo.launch.py
[0.222s] -- Up-to-date: /home/mani123/jackal_ws/install/jackal_gazebo/share/jackal_gazebo/launch/jackal_world.launch.py
[0.222s] -- Up-to-date: /home/mani123/jackal_ws/install/jackal_gazebo/share/jackal_gazebo/worlds
[0.222s] -- Up-to-date: /home/mani123/jackal_ws/install/jackal_gazebo/share/jackal_gazebo/worlds/jackal_race.world
[0.222s] -- Up-to-date: /home/mani123/jackal_ws/install/jackal_gazebo/share/jackal_gazebo/worlds/scenario1.world
[0.222s] -- Up-to-date: /home/mani123/jackal_ws/install/jackal_gazebo/share/ament_index/resource_index/package_run_dependencies/jackal_gazebo
[0.222s] -- Up-to-date: /home/mani123/jackal_ws/install/jackal_gazebo/share/ament_index/resource_index/parent_prefix_path/jackal_gazebo
[0.222s] -- Up-to-date: /home/mani123/jackal_ws/install/jackal_gazebo/share/jackal_gazebo/environment/ament_prefix_path.sh
[0.222s] -- Up-to-date: /home/mani123/jackal_ws/install/jackal_gazebo/share/jackal_gazebo/environment/ament_prefix_path.dsv
[0.222s] -- Up-to-date: /home/mani123/jackal_ws/install/jackal_gazebo/share/jackal_gazebo/environment/path.sh
[0.222s] -- Up-to-date: /home/mani123/jackal_ws/install/jackal_gazebo/share/jackal_gazebo/environment/path.dsv
[0.222s] -- Up-to-date: /home/mani123/jackal_ws/install/jackal_gazebo/share/jackal_gazebo/local_setup.bash
[0.222s] -- Up-to-date: /home/mani123/jackal_ws/install/jackal_gazebo/share/jackal_gazebo/local_setup.sh
[0.222s] -- Up-to-date: /home/mani123/jackal_ws/install/jackal_gazebo/share/jackal_gazebo/local_setup.zsh
[0.222s] -- Up-to-date: /home/mani123/jackal_ws/install/jackal_gazebo/share/jackal_gazebo/local_setup.dsv
[0.223s] -- Up-to-date: /home/mani123/jackal_ws/install/jackal_gazebo/share/jackal_gazebo/package.dsv
[0.223s] -- Up-to-date: /home/mani123/jackal_ws/install/jackal_gazebo/share/ament_index/resource_index/packages/jackal_gazebo
[0.223s] -- Up-to-date: /home/mani123/jackal_ws/install/jackal_gazebo/share/jackal_gazebo/cmake/jackal_gazeboConfig.cmake
[0.223s] -- Up-to-date: /home/mani123/jackal_ws/install/jackal_gazebo/share/jackal_gazebo/cmake/jackal_gazeboConfig-version.cmake
[0.223s] -- Up-to-date: /home/mani123/jackal_ws/install/jackal_gazebo/share/jackal_gazebo/package.xml
[0.225s] Invoked command in '/home/mani123/jackal_ws/build/jackal_gazebo' returned '0': CMAKE_PREFIX_PATH=/home/mani123/jackal_ws/install/jackal_control:/home/mani123/jackal_ws/install/jackal_description:/home/mani123/jackal_ws/install/jackal_desktop:/home/mani123/jackal_ws/install/jackal_viz:/home/mani123/jackal_ws/install/jackal_simulator:/home/mani123/jackal_ws/install/jackal_navigation:/home/mani123/jackal_ws/install/jackal_msgs:/home/mani123/jackal_ws/install/jackal_gazebo:/home/mani123/jackal_ws/install/jackal_bbl:/opt/ros/foxy CONDA_PROMPT_MODIFIER=(ros2_env) /usr/bin/cmake --install /home/mani123/jackal_ws/build/jackal_gazebo
