[0.028s] Invoking command in '/home/mani123/jackal_ws/build/jackal_navigation': CMAKE_PREFIX_PATH=${CMAKE_PREFIX_PATH}:/home/mani123/jackal_ws/install/jackal_bbl:/opt/ros/foxy CONDA_PROMPT_MODIFIER=(ros2_env) /usr/bin/cmake /home/mani123/jackal_ws/src/jackal/jackal_navigation -DCMAKE_INSTALL_PREFIX=/home/mani123/jackal_ws/install/jackal_navigation
[0.102s] -- The C compiler identification is GNU 9.4.0
[0.165s] -- The CXX compiler identification is GNU 9.4.0
[0.171s] -- Check for working C compiler: /usr/bin/cc
[0.264s] -- Check for working C compiler: /usr/bin/cc -- works
[0.264s] -- Detecting C compiler ABI info
[0.344s] -- Detecting C compiler ABI info - done
[0.354s] -- Detecting C compile features
[0.354s] -- Detecting C compile features - done
[0.356s] -- Check for working CXX compiler: /usr/bin/c++
[0.444s] -- Check for working CXX compiler: /usr/bin/c++ -- works
[0.445s] -- Detecting CXX compiler ABI info
[0.534s] -- Detecting CXX compiler ABI info - done
[0.545s] -- Detecting CXX compile features
[0.545s] -- Detecting CXX compile features - done
[0.548s] -- Found ament_cmake: 0.9.12 (/opt/ros/foxy/share/ament_cmake/cmake)
[0.574s] -- Found PythonInterp: /home/mani123/anaconda3/envs/ros2_env/bin/python3 (found suitable version "3.8.20", minimum required is "3") 
[0.574s] -- Using PYTHON_EXECUTABLE: /home/mani123/anaconda3/envs/ros2_env/bin/python3
[0.758s] -- Found nav2_bringup: 0.4.7 (/opt/ros/foxy/share/nav2_bringup/cmake)
[0.759s] -- Found slam_toolbox: 2.4.1 (/opt/ros/foxy/share/slam_toolbox/cmake)
[0.791s] -- Using all available rosidl_typesupport_c: rosidl_typesupport_fastrtps_c;rosidl_typesupport_introspection_c
[0.798s] -- Found rosidl_adapter: 1.3.1 (/opt/ros/foxy/share/rosidl_adapter/cmake)
[0.905s] -- Found OpenSSL: /usr/lib/x86_64-linux-gnu/libcrypto.so (found version "1.1.1f")  
[0.941s] -- Found FastRTPS: /opt/ros/foxy/include  
[1.043s] -- Using all available rosidl_typesupport_cpp: rosidl_typesupport_fastrtps_cpp;rosidl_typesupport_introspection_cpp
[1.564s] -- Found rmw_implementation_cmake: 1.0.4 (/opt/ros/foxy/share/rmw_implementation_cmake/cmake)
[1.566s] -- Using RMW implementation 'rmw_fastrtps_cpp' as default
[1.567s] -- Looking for pthread.h
[1.657s] -- Looking for pthread.h - found
[1.657s] -- Performing Test CMAKE_HAVE_LIBC_PTHREAD
[1.749s] -- Performing Test CMAKE_HAVE_LIBC_PTHREAD - Failed
[1.750s] -- Looking for pthread_create in pthreads
[1.826s] -- Looking for pthread_create in pthreads - not found
[1.826s] -- Looking for pthread_create in pthread
[1.912s] -- Looking for pthread_create in pthread - found
[1.913s] -- Found Threads: TRUE  
[2.703s] -- Found eigen3_cmake_module: 0.1.1 (/opt/ros/foxy/share/eigen3_cmake_module/cmake)
[2.707s] -- Found Eigen3: TRUE (found version "3.3.7") 
[2.833s] -- Setting OGRE_DIR to: '/opt/ros/foxy/share/rviz_ogre_vendor/cmake/../../../opt/rviz_ogre_vendor/lib/OGRE/cmake'
[2.836s] -- Found OGRE
[2.836s] --   static     : OFF
[2.836s] --   components : HLMS;MeshLodGenerator;Overlay;Paging;Property;RTShaderSystem;Terrain;Volume
[2.836s] --   plugins    : Plugin_BSPSceneManager;Plugin_OctreeSceneManager;Plugin_PCZSceneManager;Plugin_ParticleFX;RenderSystem_GL;RenderSystem_GL3Plus;Codec_STBI
[2.836s] --   media      : /opt/ros/foxy/opt/rviz_ogre_vendor/share/OGRE/Media
[2.836s] -- OGRE_LIBRARIES: OgreHLMS;OgreMeshLodGenerator;OgreOverlay;OgrePaging;OgreProperty;OgreRTShaderSystem;OgreTerrain;OgreVolume;OgreMain
[2.836s] -- OGRE_LIBRARY_DIRS: /opt/ros/foxy/opt/rviz_ogre_vendor/lib
[2.836s] -- OGRE_PLUGINS: Plugin_BSPSceneManager;Plugin_OctreeSceneManager;Plugin_PCZSceneManager;Plugin_ParticleFX;RenderSystem_GL;RenderSystem_GL3Plus;Codec_STBI
[2.836s] -- OGRE_PLUGIN_DIR: /opt/ros/foxy/opt/rviz_ogre_vendor/lib/OGRE
[2.837s] -- rviz_ogre_vendor::OgreOverlay for IMPORTED_LOCATION_RELEASE: /opt/ros/foxy/opt/rviz_ogre_vendor/lib/libOgreOverlay.so
[2.837s] -- rviz_ogre_vendor::OgreOverlay for IMPORTED_LOCATION_DEBUG: /opt/ros/foxy/opt/rviz_ogre_vendor/lib/libOgreOverlay.so
[2.837s] -- rviz_ogre_vendor::OgreMain for IMPORTED_LOCATION_RELEASE: /opt/ros/foxy/opt/rviz_ogre_vendor/lib/libOgreMain.so
[2.837s] -- rviz_ogre_vendor::OgreMain for IMPORTED_LOCATION_DEBUG: /opt/ros/foxy/opt/rviz_ogre_vendor/lib/libOgreMain.so
[2.866s] -- Found ZLIB: /usr/lib/x86_64-linux-gnu/libz.so (found version "1.2.11") 
[2.872s] -- Found OpenGL: /usr/lib/x86_64-linux-gnu/libOpenGL.so   
[3.007s] -- Found X11: /usr/include   
[3.007s] -- Looking for XOpenDisplay in /usr/lib/x86_64-linux-gnu/libX11.so;/usr/lib/x86_64-linux-gnu/libXext.so
[3.099s] -- Looking for XOpenDisplay in /usr/lib/x86_64-linux-gnu/libX11.so;/usr/lib/x86_64-linux-gnu/libXext.so - found
[3.099s] -- Looking for gethostbyname
[3.180s] -- Looking for gethostbyname - found
[3.180s] -- Looking for connect
[3.262s] -- Looking for connect - found
[3.262s] -- Looking for remove
[3.348s] -- Looking for remove - found
[3.348s] -- Looking for shmat
[3.428s] -- Looking for shmat - found
[3.428s] -- Looking for IceConnectionNumber in ICE
[3.509s] -- Looking for IceConnectionNumber in ICE - found
[3.512s] -- rviz_ogre_vendor::RenderSystem_GL for IMPORTED_LOCATION_RELEASE: _render_system_gl_static_library_abs-NOTFOUND
[3.513s] -- rviz_ogre_vendor::RenderSystem_GL for IMPORTED_LOCATION_DEBUG: _render_system_gl_static_library_abs-NOTFOUND
[3.519s] -- library: libassimp.so.5
[3.626s] -- library: /usr/lib/x86_64-linux-gnu/libcurl.so
[3.712s] -- Setting yaml-cpp_DIR to: '/opt/ros/foxy/share/yaml_cpp_vendor/cmake/../../../opt/yaml_cpp_vendor/lib/cmake/yaml-cpp'
[4.128s] -- Found ament_lint_auto: 0.9.8 (/opt/ros/foxy/share/ament_lint_auto/cmake)
[4.223s] -- Added test 'copyright' to check source files copyright and LICENSE
[4.225s] -- Added test 'flake8' to check Python code syntax and style conventions
[4.226s] -- Added test 'lint_cmake' to check CMake code style
[4.227s] -- Added test 'pep257' to check Python code against some of the style conventions in PEP 257
[4.228s] -- Added test 'xmllint' to check XML markup files
[4.234s] -- Configuring done
[4.237s] -- Generating done
[4.240s] -- Build files have been written to: /home/mani123/jackal_ws/build/jackal_navigation
[4.252s] Invoked command in '/home/mani123/jackal_ws/build/jackal_navigation' returned '0': CMAKE_PREFIX_PATH=${CMAKE_PREFIX_PATH}:/home/mani123/jackal_ws/install/jackal_bbl:/opt/ros/foxy CONDA_PROMPT_MODIFIER=(ros2_env) /usr/bin/cmake /home/mani123/jackal_ws/src/jackal/jackal_navigation -DCMAKE_INSTALL_PREFIX=/home/mani123/jackal_ws/install/jackal_navigation
[4.257s] Invoking command in '/home/mani123/jackal_ws/build/jackal_navigation': CMAKE_PREFIX_PATH=${CMAKE_PREFIX_PATH}:/home/mani123/jackal_ws/install/jackal_bbl:/opt/ros/foxy CONDA_PROMPT_MODIFIER=(ros2_env) /usr/bin/cmake --build /home/mani123/jackal_ws/build/jackal_navigation -- -j6 -l6
[4.307s] Invoked command in '/home/mani123/jackal_ws/build/jackal_navigation' returned '0': CMAKE_PREFIX_PATH=${CMAKE_PREFIX_PATH}:/home/mani123/jackal_ws/install/jackal_bbl:/opt/ros/foxy CONDA_PROMPT_MODIFIER=(ros2_env) /usr/bin/cmake --build /home/mani123/jackal_ws/build/jackal_navigation -- -j6 -l6
[4.311s] Invoking command in '/home/mani123/jackal_ws/build/jackal_navigation': CMAKE_PREFIX_PATH=${CMAKE_PREFIX_PATH}:/home/mani123/jackal_ws/install/jackal_bbl:/opt/ros/foxy CONDA_PROMPT_MODIFIER=(ros2_env) /usr/bin/cmake --install /home/mani123/jackal_ws/build/jackal_navigation
[4.321s] -- Install configuration: ""
[4.321s] -- Installing: /home/mani123/jackal_ws/install/jackal_navigation/share/jackal_navigation/config
[4.321s] -- Installing: /home/mani123/jackal_ws/install/jackal_navigation/share/jackal_navigation/config/nav2.yaml
[4.321s] -- Installing: /home/mani123/jackal_ws/install/jackal_navigation/share/jackal_navigation/config/slam.yaml
[4.322s] -- Installing: /home/mani123/jackal_ws/install/jackal_navigation/share/jackal_navigation/launch
[4.322s] -- Installing: /home/mani123/jackal_ws/install/jackal_navigation/share/jackal_navigation/launch/localization.launch.py
[4.322s] -- Installing: /home/mani123/jackal_ws/install/jackal_navigation/share/jackal_navigation/launch/nav2.launch.py
[4.322s] -- Installing: /home/mani123/jackal_ws/install/jackal_navigation/share/jackal_navigation/launch/slam.launch.py
[4.322s] -- Installing: /home/mani123/jackal_ws/install/jackal_navigation/share/jackal_navigation/maps
[4.322s] -- Installing: /home/mani123/jackal_ws/install/jackal_navigation/share/jackal_navigation/maps/office.pgm
[4.323s] -- Installing: /home/mani123/jackal_ws/install/jackal_navigation/share/jackal_navigation/maps/office.yaml
[4.323s] -- Installing: /home/mani123/jackal_ws/install/jackal_navigation/share/ament_index/resource_index/package_run_dependencies/jackal_navigation
[4.324s] -- Installing: /home/mani123/jackal_ws/install/jackal_navigation/share/ament_index/resource_index/parent_prefix_path/jackal_navigation
[4.324s] -- Installing: /home/mani123/jackal_ws/install/jackal_navigation/share/jackal_navigation/environment/ament_prefix_path.sh
[4.324s] -- Installing: /home/mani123/jackal_ws/install/jackal_navigation/share/jackal_navigation/environment/ament_prefix_path.dsv
[4.324s] -- Installing: /home/mani123/jackal_ws/install/jackal_navigation/share/jackal_navigation/environment/path.sh
[4.324s] -- Installing: /home/mani123/jackal_ws/install/jackal_navigation/share/jackal_navigation/environment/path.dsv
[4.325s] -- Installing: /home/mani123/jackal_ws/install/jackal_navigation/share/jackal_navigation/local_setup.bash
[4.325s] -- Installing: /home/mani123/jackal_ws/install/jackal_navigation/share/jackal_navigation/local_setup.sh
[4.325s] -- Installing: /home/mani123/jackal_ws/install/jackal_navigation/share/jackal_navigation/local_setup.zsh
[4.325s] -- Installing: /home/mani123/jackal_ws/install/jackal_navigation/share/jackal_navigation/local_setup.dsv
[4.325s] -- Installing: /home/mani123/jackal_ws/install/jackal_navigation/share/jackal_navigation/package.dsv
[4.326s] -- Installing: /home/mani123/jackal_ws/install/jackal_navigation/share/ament_index/resource_index/packages/jackal_navigation
[4.326s] -- Installing: /home/mani123/jackal_ws/install/jackal_navigation/share/jackal_navigation/cmake/jackal_navigationConfig.cmake
[4.326s] -- Installing: /home/mani123/jackal_ws/install/jackal_navigation/share/jackal_navigation/cmake/jackal_navigationConfig-version.cmake
[4.326s] -- Installing: /home/mani123/jackal_ws/install/jackal_navigation/share/jackal_navigation/package.xml
[4.329s] Invoked command in '/home/mani123/jackal_ws/build/jackal_navigation' returned '0': CMAKE_PREFIX_PATH=${CMAKE_PREFIX_PATH}:/home/mani123/jackal_ws/install/jackal_bbl:/opt/ros/foxy CONDA_PROMPT_MODIFIER=(ros2_env) /usr/bin/cmake --install /home/mani123/jackal_ws/build/jackal_navigation
