-- The C compiler identification is GNU 9.4.0
-- The CXX compiler identification is GNU 9.4.0
-- Check for working C compiler: /usr/bin/cc
-- Check for working C compiler: /usr/bin/cc -- works
-- Detecting C compiler ABI info
-- Detecting C compiler ABI info - done
-- Detecting C compile features
-- Detecting C compile features - done
-- Check for working CXX compiler: /usr/bin/c++
-- Check for working CXX compiler: /usr/bin/c++ -- works
-- Detecting CXX compiler ABI info
-- Detecting CXX compiler ABI info - done
-- Detecting CXX compile features
-- Detecting CXX compile features - done
-- Found ament_cmake: 0.9.12 (/opt/ros/foxy/share/ament_cmake/cmake)
-- Found PythonInterp: /home/mani123/anaconda3/envs/ros2_env/bin/python3 (found suitable version "3.8.20", minimum required is "3") 
-- Using PYTHON_EXECUTABLE: /home/mani123/anaconda3/envs/ros2_env/bin/python3
-- Configuring done
-- Generating done
-- Build files have been written to: /home/mani123/jackal_ws/build/jackal_control
-- Install configuration: ""
-- Installing: /home/mani123/jackal_ws/install/jackal_control/share/jackal_control/config
-- Installing: /home/mani123/jackal_ws/install/jackal_control/share/jackal_control/config/twist_mux.yaml
-- Installing: /home/mani123/jackal_ws/install/jackal_control/share/jackal_control/config/teleop_ps4.yaml
-- Installing: /home/mani123/jackal_ws/install/jackal_control/share/jackal_control/config/control.yaml
-- Installing: /home/mani123/jackal_ws/install/jackal_control/share/jackal_control/config/localization.yaml
-- Installing: /home/mani123/jackal_ws/install/jackal_control/share/jackal_control/config/imu_filter.yaml
-- Installing: /home/mani123/jackal_ws/install/jackal_control/share/jackal_control/config/teleop_interactive_markers.yaml
-- Installing: /home/mani123/jackal_ws/install/jackal_control/share/jackal_control/config/teleop_logitech.yaml
-- Installing: /home/mani123/jackal_ws/install/jackal_control/share/jackal_control/launch
-- Installing: /home/mani123/jackal_ws/install/jackal_control/share/jackal_control/launch/teleop_base.launch.py
-- Installing: /home/mani123/jackal_ws/install/jackal_control/share/jackal_control/launch/control.launch.py
-- Installing: /home/mani123/jackal_ws/install/jackal_control/share/jackal_control/launch/teleop_joy.launch.py
-- Installing: /home/mani123/jackal_ws/install/jackal_control/share/ament_index/resource_index/package_run_dependencies/jackal_control
-- Installing: /home/mani123/jackal_ws/install/jackal_control/share/ament_index/resource_index/parent_prefix_path/jackal_control
-- Installing: /home/mani123/jackal_ws/install/jackal_control/share/jackal_control/environment/ament_prefix_path.sh
-- Installing: /home/mani123/jackal_ws/install/jackal_control/share/jackal_control/environment/ament_prefix_path.dsv
-- Installing: /home/mani123/jackal_ws/install/jackal_control/share/jackal_control/environment/path.sh
-- Installing: /home/mani123/jackal_ws/install/jackal_control/share/jackal_control/environment/path.dsv
-- Installing: /home/mani123/jackal_ws/install/jackal_control/share/jackal_control/local_setup.bash
-- Installing: /home/mani123/jackal_ws/install/jackal_control/share/jackal_control/local_setup.sh
-- Installing: /home/mani123/jackal_ws/install/jackal_control/share/jackal_control/local_setup.zsh
-- Installing: /home/mani123/jackal_ws/install/jackal_control/share/jackal_control/local_setup.dsv
-- Installing: /home/mani123/jackal_ws/install/jackal_control/share/jackal_control/package.dsv
-- Installing: /home/mani123/jackal_ws/install/jackal_control/share/ament_index/resource_index/packages/jackal_control
-- Installing: /home/mani123/jackal_ws/install/jackal_control/share/jackal_control/cmake/jackal_controlConfig.cmake
-- Installing: /home/mani123/jackal_ws/install/jackal_control/share/jackal_control/cmake/jackal_controlConfig-version.cmake
-- Installing: /home/mani123/jackal_ws/install/jackal_control/share/jackal_control/package.xml
