[0.019s] Invoking command in '/home/mani123/jackal_ws/build/jackal_control': CMAKE_PREFIX_PATH=/home/mani123/jackal_ws/install/jackal_description:/home/mani123/jackal_ws/install/jackal_desktop:/home/mani123/jackal_ws/install/jackal_viz:/home/mani123/jackal_ws/install/jackal_simulator:/home/mani123/jackal_ws/install/jackal_navigation:/home/mani123/jackal_ws/install/jackal_msgs:/home/mani123/jackal_ws/install/jackal_gazebo:/home/mani123/jackal_ws/install/jackal_control:/home/mani123/jackal_ws/install/jackal_bbl:/opt/ros/foxy CONDA_PROMPT_MODIFIER=(ros2_env) /usr/bin/cmake /home/mani123/jackal_ws/src/jackal/jackal_control -DCMAKE_INSTALL_PREFIX=/home/mani123/jackal_ws/install/jackal_control
[0.085s] -- The C compiler identification is GNU 9.4.0
[0.148s] -- The CXX compiler identification is GNU 9.4.0
[0.152s] -- Check for working C compiler: /usr/bin/cc
[0.237s] -- Check for working C compiler: /usr/bin/cc -- works
[0.238s] -- Detecting C compiler ABI info
[0.323s] -- Detecting C compiler ABI info - done
[0.335s] -- Detecting C compile features
[0.335s] -- Detecting C compile features - done
[0.338s] -- Check for working CXX compiler: /usr/bin/c++
[0.436s] -- Check for working CXX compiler: /usr/bin/c++ -- works
[0.437s] -- Detecting CXX compiler ABI info
[0.530s] -- Detecting CXX compiler ABI info - done
[0.541s] -- Detecting CXX compile features
[0.542s] -- Detecting CXX compile features - done
[0.544s] -- Found ament_cmake: 0.9.12 (/opt/ros/foxy/share/ament_cmake/cmake)
[0.570s] -- Found PythonInterp: /home/mani123/anaconda3/envs/ros2_env/bin/python3 (found suitable version "3.8.20", minimum required is "3") 
[0.570s] -- Using PYTHON_EXECUTABLE: /home/mani123/anaconda3/envs/ros2_env/bin/python3
[0.838s] -- Configuring done
[0.840s] -- Generating done
[0.843s] -- Build files have been written to: /home/mani123/jackal_ws/build/jackal_control
[0.848s] Invoked command in '/home/mani123/jackal_ws/build/jackal_control' returned '0': CMAKE_PREFIX_PATH=/home/mani123/jackal_ws/install/jackal_description:/home/mani123/jackal_ws/install/jackal_desktop:/home/mani123/jackal_ws/install/jackal_viz:/home/mani123/jackal_ws/install/jackal_simulator:/home/mani123/jackal_ws/install/jackal_navigation:/home/mani123/jackal_ws/install/jackal_msgs:/home/mani123/jackal_ws/install/jackal_gazebo:/home/mani123/jackal_ws/install/jackal_control:/home/mani123/jackal_ws/install/jackal_bbl:/opt/ros/foxy CONDA_PROMPT_MODIFIER=(ros2_env) /usr/bin/cmake /home/mani123/jackal_ws/src/jackal/jackal_control -DCMAKE_INSTALL_PREFIX=/home/mani123/jackal_ws/install/jackal_control
[0.853s] Invoking command in '/home/mani123/jackal_ws/build/jackal_control': CMAKE_PREFIX_PATH=/home/mani123/jackal_ws/install/jackal_description:/home/mani123/jackal_ws/install/jackal_desktop:/home/mani123/jackal_ws/install/jackal_viz:/home/mani123/jackal_ws/install/jackal_simulator:/home/mani123/jackal_ws/install/jackal_navigation:/home/mani123/jackal_ws/install/jackal_msgs:/home/mani123/jackal_ws/install/jackal_gazebo:/home/mani123/jackal_ws/install/jackal_control:/home/mani123/jackal_ws/install/jackal_bbl:/opt/ros/foxy CONDA_PROMPT_MODIFIER=(ros2_env) /usr/bin/cmake --build /home/mani123/jackal_ws/build/jackal_control -- -j6 -l6
[0.904s] Invoked command in '/home/mani123/jackal_ws/build/jackal_control' returned '0': CMAKE_PREFIX_PATH=/home/mani123/jackal_ws/install/jackal_description:/home/mani123/jackal_ws/install/jackal_desktop:/home/mani123/jackal_ws/install/jackal_viz:/home/mani123/jackal_ws/install/jackal_simulator:/home/mani123/jackal_ws/install/jackal_navigation:/home/mani123/jackal_ws/install/jackal_msgs:/home/mani123/jackal_ws/install/jackal_gazebo:/home/mani123/jackal_ws/install/jackal_control:/home/mani123/jackal_ws/install/jackal_bbl:/opt/ros/foxy CONDA_PROMPT_MODIFIER=(ros2_env) /usr/bin/cmake --build /home/mani123/jackal_ws/build/jackal_control -- -j6 -l6
[0.909s] Invoking command in '/home/mani123/jackal_ws/build/jackal_control': CMAKE_PREFIX_PATH=/home/mani123/jackal_ws/install/jackal_description:/home/mani123/jackal_ws/install/jackal_desktop:/home/mani123/jackal_ws/install/jackal_viz:/home/mani123/jackal_ws/install/jackal_simulator:/home/mani123/jackal_ws/install/jackal_navigation:/home/mani123/jackal_ws/install/jackal_msgs:/home/mani123/jackal_ws/install/jackal_gazebo:/home/mani123/jackal_ws/install/jackal_control:/home/mani123/jackal_ws/install/jackal_bbl:/opt/ros/foxy CONDA_PROMPT_MODIFIER=(ros2_env) /usr/bin/cmake --install /home/mani123/jackal_ws/build/jackal_control
[0.919s] -- Install configuration: ""
[0.919s] -- Installing: /home/mani123/jackal_ws/install/jackal_control/share/jackal_control/config
[0.919s] -- Installing: /home/mani123/jackal_ws/install/jackal_control/share/jackal_control/config/twist_mux.yaml
[0.919s] -- Installing: /home/mani123/jackal_ws/install/jackal_control/share/jackal_control/config/teleop_ps4.yaml
[0.920s] -- Installing: /home/mani123/jackal_ws/install/jackal_control/share/jackal_control/config/control.yaml
[0.920s] -- Installing: /home/mani123/jackal_ws/install/jackal_control/share/jackal_control/config/localization.yaml
[0.920s] -- Installing: /home/mani123/jackal_ws/install/jackal_control/share/jackal_control/config/imu_filter.yaml
[0.920s] -- Installing: /home/mani123/jackal_ws/install/jackal_control/share/jackal_control/config/teleop_interactive_markers.yaml
[0.920s] -- Installing: /home/mani123/jackal_ws/install/jackal_control/share/jackal_control/config/teleop_logitech.yaml
[0.920s] -- Installing: /home/mani123/jackal_ws/install/jackal_control/share/jackal_control/launch
[0.920s] -- Installing: /home/mani123/jackal_ws/install/jackal_control/share/jackal_control/launch/teleop_base.launch.py
[0.920s] -- Installing: /home/mani123/jackal_ws/install/jackal_control/share/jackal_control/launch/control.launch.py
[0.921s] -- Installing: /home/mani123/jackal_ws/install/jackal_control/share/jackal_control/launch/teleop_joy.launch.py
[0.921s] -- Installing: /home/mani123/jackal_ws/install/jackal_control/share/ament_index/resource_index/package_run_dependencies/jackal_control
[0.921s] -- Installing: /home/mani123/jackal_ws/install/jackal_control/share/ament_index/resource_index/parent_prefix_path/jackal_control
[0.921s] -- Installing: /home/mani123/jackal_ws/install/jackal_control/share/jackal_control/environment/ament_prefix_path.sh
[0.921s] -- Installing: /home/mani123/jackal_ws/install/jackal_control/share/jackal_control/environment/ament_prefix_path.dsv
[0.921s] -- Installing: /home/mani123/jackal_ws/install/jackal_control/share/jackal_control/environment/path.sh
[0.922s] -- Installing: /home/mani123/jackal_ws/install/jackal_control/share/jackal_control/environment/path.dsv
[0.922s] -- Installing: /home/mani123/jackal_ws/install/jackal_control/share/jackal_control/local_setup.bash
[0.922s] -- Installing: /home/mani123/jackal_ws/install/jackal_control/share/jackal_control/local_setup.sh
[0.922s] -- Installing: /home/mani123/jackal_ws/install/jackal_control/share/jackal_control/local_setup.zsh
[0.922s] -- Installing: /home/mani123/jackal_ws/install/jackal_control/share/jackal_control/local_setup.dsv
[0.922s] -- Installing: /home/mani123/jackal_ws/install/jackal_control/share/jackal_control/package.dsv
[0.923s] -- Installing: /home/mani123/jackal_ws/install/jackal_control/share/ament_index/resource_index/packages/jackal_control
[0.923s] -- Installing: /home/mani123/jackal_ws/install/jackal_control/share/jackal_control/cmake/jackal_controlConfig.cmake
[0.923s] -- Installing: /home/mani123/jackal_ws/install/jackal_control/share/jackal_control/cmake/jackal_controlConfig-version.cmake
[0.923s] -- Installing: /home/mani123/jackal_ws/install/jackal_control/share/jackal_control/package.xml
[0.927s] Invoked command in '/home/mani123/jackal_ws/build/jackal_control' returned '0': CMAKE_PREFIX_PATH=/home/mani123/jackal_ws/install/jackal_description:/home/mani123/jackal_ws/install/jackal_desktop:/home/mani123/jackal_ws/install/jackal_viz:/home/mani123/jackal_ws/install/jackal_simulator:/home/mani123/jackal_ws/install/jackal_navigation:/home/mani123/jackal_ws/install/jackal_msgs:/home/mani123/jackal_ws/install/jackal_gazebo:/home/mani123/jackal_ws/install/jackal_control:/home/mani123/jackal_ws/install/jackal_bbl:/opt/ros/foxy CONDA_PROMPT_MODIFIER=(ros2_env) /usr/bin/cmake --install /home/mani123/jackal_ws/build/jackal_control
